

============================== 15:01:23.937157 | 7631a30d-d5d2-4849-ba84-807e30c72b5e ==============================
[0m15:01:23.937157 [info ] [Dummy-1   ]: Running with dbt=1.9.4
[0m15:01:23.938364 [debug] [Dummy-1   ]: running dbt with arguments {'printer_width': '80', 'indirect_selection': 'eager', 'write_json': 'True', 'log_cache_events': 'False', 'partial_parse': 'True', 'cache_selected_only': 'False', 'warn_error': 'None', 'fail_fast': 'False', 'debug': 'False', 'log_path': '/tmp/dbt/logs', 'version_check': 'True', 'profiles_dir': '/tmp/dbt/', 'use_colors': 'True', 'use_experimental_parser': 'False', 'no_print': 'None', 'quiet': 'False', 'empty': 'False', 'log_format': 'default', 'invocation_command': 'dbt ', 'static_parser': 'True', 'introspect': 'True', 'target_path': '/tmp/dbt/target/', 'warn_error_options': 'WarnErrorOptions(include=[], exclude=[])', 'send_anonymous_usage_stats': 'False'}
[0m15:01:24.303578 [info ] [Dummy-1   ]: Registered adapter: snowflake=1.9.2
[0m15:01:25.112154 [debug] [Dummy-1   ]: checksum: 53ed91fada2233efb98368d1716b44ab532c83a9c293cf1890b7905d5b45fb25, vars: {}, profile: , target: dev, version: 1.9.4
[0m15:01:25.113565 [info ] [Dummy-1   ]: Unable to do partial parsing because saved manifest not found. Starting full parse.
[0m15:01:26.278879 [warn ] [Dummy-1   ]: [[33mWARNING[0m]: Configuration paths exist in your dbt_project.yml file which do not apply to any resources.
There are 2 unused configuration paths:
- models.tasty_bytes.staging
- models.tasty_bytes.marts
[0m15:01:26.340649 [debug] [Dummy-1   ]: Wrote artifact WritableManifest to /tmp/dbt/target/manifest.json
[0m15:01:26.343354 [debug] [Dummy-1   ]: Wrote artifact SemanticManifest to /tmp/dbt/target/semantic_manifest.json
[0m15:01:26.392791 [info ] [Dummy-1   ]: Found 474 macros
[0m15:01:26.394894 [warn ] [Dummy-1   ]: Nothing to do. Try checking your model configs and model specification args
[0m15:01:26.395769 [debug] [Dummy-1   ]: Command end result
[0m15:01:26.423147 [debug] [Dummy-1   ]: Wrote artifact WritableManifest to /tmp/dbt/target/manifest.json
[0m15:01:26.425519 [debug] [Dummy-1   ]: Wrote artifact SemanticManifest to /tmp/dbt/target/semantic_manifest.json
[0m15:01:26.429796 [debug] [Dummy-1   ]: Wrote artifact RunExecutionResult to /tmp/dbt/target/run_results.json
[0m15:01:26.432044 [debug] [Dummy-1   ]: Resource report: {"command_name": "compile", "command_success": true, "command_wall_clock_time": 2.5920465, "process_in_blocks": "0", "process_kernel_time": 1.15, "process_mem_max_rss": "410840", "process_out_blocks": "0", "process_user_time": 5.71}
[0m15:01:26.432896 [debug] [Dummy-1   ]: Command `cli compile` succeeded at 15:01:26.432617 after 2.59 seconds
[0m15:01:26.433620 [debug] [Dummy-1   ]: Flushing usage events


============================== 15:05:24.094647 | 7d0b49c7-ec06-4188-88ba-931db01ffc98 ==============================
[0m15:05:24.094647 [info ] [Dummy-1   ]: Running with dbt=1.9.4
[0m15:05:24.095783 [debug] [Dummy-1   ]: running dbt with arguments {'printer_width': '80', 'indirect_selection': 'eager', 'log_cache_events': 'False', 'write_json': 'True', 'partial_parse': 'True', 'cache_selected_only': 'False', 'profiles_dir': '/tmp/dbt/', 'debug': 'False', 'fail_fast': 'False', 'log_path': '/tmp/dbt/logs', 'version_check': 'True', 'warn_error': 'None', 'use_colors': 'True', 'use_experimental_parser': 'False', 'empty': 'False', 'quiet': 'False', 'no_print': 'None', 'log_format': 'default', 'introspect': 'True', 'invocation_command': 'dbt ', 'warn_error_options': 'WarnErrorOptions(include=[], exclude=[])', 'target_path': '/tmp/dbt/target/', 'static_parser': 'True', 'send_anonymous_usage_stats': 'False'}
[0m15:05:24.460373 [info ] [Dummy-1   ]: Registered adapter: snowflake=1.9.2
[0m15:05:25.238727 [debug] [Dummy-1   ]: checksum: 53ed91fada2233efb98368d1716b44ab532c83a9c293cf1890b7905d5b45fb25, vars: {}, profile: , target: dev, version: 1.9.4
[0m15:05:25.336044 [info ] [Dummy-1   ]: Unable to do partial parsing because a project config has changed
[0m15:05:26.485224 [warn ] [Dummy-1   ]: [[33mWARNING[0m]: Configuration paths exist in your dbt_project.yml file which do not apply to any resources.
There are 2 unused configuration paths:
- models.dbt_project.staging
- models.dbt_project.marts
[0m15:05:26.546350 [debug] [Dummy-1   ]: Wrote artifact WritableManifest to /tmp/dbt/target/manifest.json
[0m15:05:26.549177 [debug] [Dummy-1   ]: Wrote artifact SemanticManifest to /tmp/dbt/target/semantic_manifest.json
[0m15:05:26.606307 [info ] [Dummy-1   ]: Found 474 macros
[0m15:05:26.608369 [warn ] [Dummy-1   ]: Nothing to do. Try checking your model configs and model specification args
[0m15:05:26.609315 [debug] [Dummy-1   ]: Command end result
[0m15:05:26.636362 [debug] [Dummy-1   ]: Wrote artifact WritableManifest to /tmp/dbt/target/manifest.json
[0m15:05:26.638540 [debug] [Dummy-1   ]: Wrote artifact SemanticManifest to /tmp/dbt/target/semantic_manifest.json
[0m15:05:26.642656 [debug] [Dummy-1   ]: Wrote artifact RunExecutionResult to /tmp/dbt/target/run_results.json
[0m15:05:26.644707 [debug] [Dummy-1   ]: Resource report: {"command_name": "run", "command_success": true, "command_wall_clock_time": 2.6454914, "process_in_blocks": "0", "process_kernel_time": 1.24, "process_mem_max_rss": "407928", "process_out_blocks": "0", "process_user_time": 5.57}
[0m15:05:26.645463 [debug] [Dummy-1   ]: Command `cli run` succeeded at 15:05:26.645151 after 2.65 seconds
[0m15:05:26.646122 [debug] [Dummy-1   ]: Flushing usage events


============================== 15:07:25.623480 | 7cb54d85-721d-4d2b-89e1-b852533a673e ==============================
[0m15:07:25.623480 [info ] [Dummy-1   ]: Running with dbt=1.9.4
[0m15:07:25.624579 [debug] [Dummy-1   ]: running dbt with arguments {'printer_width': '80', 'indirect_selection': 'eager', 'write_json': 'True', 'log_cache_events': 'False', 'partial_parse': 'True', 'cache_selected_only': 'False', 'profiles_dir': '/tmp/dbt/', 'debug': 'False', 'warn_error': 'None', 'log_path': '/tmp/dbt/logs', 'version_check': 'True', 'fail_fast': 'False', 'use_colors': 'True', 'use_experimental_parser': 'False', 'no_print': 'None', 'quiet': 'False', 'empty': 'False', 'log_format': 'default', 'invocation_command': 'dbt ', 'introspect': 'True', 'static_parser': 'True', 'target_path': '/tmp/dbt/target/', 'warn_error_options': 'WarnErrorOptions(include=[], exclude=[])', 'send_anonymous_usage_stats': 'False'}
[0m15:07:25.994122 [info ] [Dummy-1   ]: Registered adapter: snowflake=1.9.2
[0m15:07:26.768117 [debug] [Dummy-1   ]: checksum: 53ed91fada2233efb98368d1716b44ab532c83a9c293cf1890b7905d5b45fb25, vars: {}, profile: , target: dev, version: 1.9.4
[0m15:07:26.957070 [debug] [Dummy-1   ]: Partial parsing enabled: 0 files deleted, 0 files added, 0 files changed.
[0m15:07:26.957829 [debug] [Dummy-1   ]: Partial parsing enabled, no changes found, skipping parsing
[0m15:07:26.959140 [warn ] [Dummy-1   ]: [[33mWARNING[0m]: Configuration paths exist in your dbt_project.yml file which do not apply to any resources.
There are 2 unused configuration paths:
- models.dbt_project.marts
- models.dbt_project.staging
[0m15:07:27.137101 [debug] [Dummy-1   ]: Wrote artifact WritableManifest to /tmp/dbt/target/manifest.json
[0m15:07:27.139669 [debug] [Dummy-1   ]: Wrote artifact SemanticManifest to /tmp/dbt/target/semantic_manifest.json
[0m15:07:27.194840 [info ] [Dummy-1   ]: Found 474 macros
[0m15:07:27.197063 [warn ] [Dummy-1   ]: Nothing to do. Try checking your model configs and model specification args
[0m15:07:27.199940 [debug] [Dummy-1   ]: Command end result
[0m15:07:27.228796 [debug] [Dummy-1   ]: Wrote artifact WritableManifest to /tmp/dbt/target/manifest.json
[0m15:07:27.231221 [debug] [Dummy-1   ]: Wrote artifact SemanticManifest to /tmp/dbt/target/semantic_manifest.json
[0m15:07:27.235580 [debug] [Dummy-1   ]: Wrote artifact RunExecutionResult to /tmp/dbt/target/run_results.json
[0m15:07:27.237692 [debug] [Dummy-1   ]: Resource report: {"command_name": "run", "command_success": true, "command_wall_clock_time": 1.7103945, "process_in_blocks": "0", "process_kernel_time": 1.12, "process_mem_max_rss": "405832", "process_out_blocks": "0", "process_user_time": 4.84}
[0m15:07:27.238546 [debug] [Dummy-1   ]: Command `cli run` succeeded at 15:07:27.238192 after 1.71 seconds
[0m15:07:27.239210 [debug] [Dummy-1   ]: Flushing usage events


============================== 15:17:01.046193 | e595c96e-5005-4ed6-92e0-80d0eb46246b ==============================
[0m15:17:01.046193 [info ] [Dummy-1   ]: Running with dbt=1.9.4
[0m15:17:01.047264 [debug] [Dummy-1   ]: running dbt with arguments {'printer_width': '80', 'indirect_selection': 'eager', 'log_cache_events': 'False', 'write_json': 'True', 'partial_parse': 'True', 'cache_selected_only': 'False', 'profiles_dir': '/tmp/dbt/', 'version_check': 'True', 'warn_error': 'None', 'log_path': '/tmp/dbt/logs', 'fail_fast': 'False', 'debug': 'False', 'use_colors': 'True', 'use_experimental_parser': 'False', 'empty': 'False', 'quiet': 'False', 'no_print': 'None', 'log_format': 'default', 'introspect': 'True', 'warn_error_options': 'WarnErrorOptions(include=[], exclude=[])', 'static_parser': 'True', 'target_path': '/tmp/dbt/target/', 'invocation_command': 'dbt ', 'send_anonymous_usage_stats': 'False'}
[0m15:17:01.418646 [info ] [Dummy-1   ]: Registered adapter: snowflake=1.9.2
[0m15:17:02.190563 [debug] [Dummy-1   ]: checksum: 53ed91fada2233efb98368d1716b44ab532c83a9c293cf1890b7905d5b45fb25, vars: {}, profile: , target: dev, version: 1.9.4
[0m15:17:02.365492 [debug] [Dummy-1   ]: Partial parsing enabled: 0 files deleted, 0 files added, 0 files changed.
[0m15:17:02.366196 [debug] [Dummy-1   ]: Partial parsing enabled, no changes found, skipping parsing
[0m15:17:02.367378 [warn ] [Dummy-1   ]: [[33mWARNING[0m]: Configuration paths exist in your dbt_project.yml file which do not apply to any resources.
There are 2 unused configuration paths:
- models.dbt_project.staging
- models.dbt_project.marts
[0m15:17:02.542144 [debug] [Dummy-1   ]: Wrote artifact WritableManifest to /tmp/dbt/target/manifest.json
[0m15:17:02.544788 [debug] [Dummy-1   ]: Wrote artifact SemanticManifest to /tmp/dbt/target/semantic_manifest.json
[0m15:17:02.628355 [info ] [Dummy-1   ]: Found 474 macros
[0m15:17:02.631014 [warn ] [Dummy-1   ]: Nothing to do. Try checking your model configs and model specification args
[0m15:17:02.633539 [debug] [Dummy-1   ]: Command end result
[0m15:17:02.661114 [debug] [Dummy-1   ]: Wrote artifact WritableManifest to /tmp/dbt/target/manifest.json
[0m15:17:02.663614 [debug] [Dummy-1   ]: Wrote artifact SemanticManifest to /tmp/dbt/target/semantic_manifest.json
[0m15:17:02.667848 [debug] [Dummy-1   ]: Wrote artifact RunExecutionResult to /tmp/dbt/target/run_results.json
[0m15:17:02.669950 [debug] [Dummy-1   ]: Resource report: {"command_name": "build", "command_success": true, "command_wall_clock_time": 1.7218623, "process_in_blocks": "0", "process_kernel_time": 1.25, "process_mem_max_rss": "414828", "process_out_blocks": "0", "process_user_time": 4.79}
[0m15:17:02.670714 [debug] [Dummy-1   ]: Command `cli build` succeeded at 15:17:02.670417 after 1.72 seconds
[0m15:17:02.671355 [debug] [Dummy-1   ]: Flushing usage events


============================== 15:21:15.128437 | 81e97baa-c80e-4dbd-824c-b9e3105094cd ==============================
[0m15:21:15.128437 [info ] [Dummy-1   ]: Running with dbt=1.9.4
[0m15:21:15.129601 [debug] [Dummy-1   ]: running dbt with arguments {'printer_width': '80', 'indirect_selection': 'eager', 'write_json': 'True', 'log_cache_events': 'False', 'partial_parse': 'True', 'cache_selected_only': 'False', 'profiles_dir': '/tmp/dbt/', 'debug': 'False', 'version_check': 'True', 'log_path': '/tmp/dbt/logs', 'fail_fast': 'False', 'warn_error': 'None', 'use_colors': 'True', 'use_experimental_parser': 'False', 'no_print': 'None', 'quiet': 'False', 'empty': 'False', 'log_format': 'default', 'introspect': 'True', 'invocation_command': 'dbt ', 'warn_error_options': 'WarnErrorOptions(include=[], exclude=[])', 'target_path': '/tmp/dbt/target/', 'static_parser': 'True', 'send_anonymous_usage_stats': 'False'}
[0m15:21:15.215639 [warn ] [Dummy-1   ]: [[33mWARNING[0m]: Deprecated functionality
The `target-path` config in `dbt_project.yml` has been deprecated, and will no
longer be supported in a future version of dbt-core. If you wish to write dbt
artifacts to a custom directory, please use the --target-path CLI flag or
DBT_TARGET_PATH env var instead.
[0m15:21:15.497668 [info ] [Dummy-1   ]: Registered adapter: snowflake=1.9.2
[0m15:21:16.270258 [debug] [Dummy-1   ]: checksum: 53ed91fada2233efb98368d1716b44ab532c83a9c293cf1890b7905d5b45fb25, vars: {}, profile: , target: dev, version: 1.9.4
[0m15:21:16.394245 [info ] [Dummy-1   ]: Unable to do partial parsing because a project config has changed
[0m15:21:17.558872 [warn ] [Dummy-1   ]: [[33mWARNING[0m]: Configuration paths exist in your dbt_project.yml file which do not apply to any resources.
There are 2 unused configuration paths:
- models.dbt_project.marts
- models.dbt_project.staging
[0m15:21:17.620249 [debug] [Dummy-1   ]: Wrote artifact WritableManifest to /tmp/dbt/target/manifest.json
[0m15:21:17.623068 [debug] [Dummy-1   ]: Wrote artifact SemanticManifest to /tmp/dbt/target/semantic_manifest.json
[0m15:21:17.701849 [info ] [Dummy-1   ]: Found 474 macros
[0m15:21:17.704128 [warn ] [Dummy-1   ]: Nothing to do. Try checking your model configs and model specification args
[0m15:21:17.705026 [debug] [Dummy-1   ]: Command end result
[0m15:21:17.734841 [debug] [Dummy-1   ]: Wrote artifact WritableManifest to /tmp/dbt/target/manifest.json
[0m15:21:17.737147 [debug] [Dummy-1   ]: Wrote artifact SemanticManifest to /tmp/dbt/target/semantic_manifest.json
[0m15:21:17.741496 [debug] [Dummy-1   ]: Wrote artifact RunExecutionResult to /tmp/dbt/target/run_results.json
[0m15:21:17.743593 [debug] [Dummy-1   ]: Resource report: {"command_name": "build", "command_success": true, "command_wall_clock_time": 2.7103903, "process_in_blocks": "0", "process_kernel_time": 1.11, "process_mem_max_rss": "414316", "process_out_blocks": "0", "process_user_time": 5.86}
[0m15:21:17.744351 [debug] [Dummy-1   ]: Command `cli build` succeeded at 15:21:17.744067 after 2.71 seconds
[0m15:21:17.745017 [debug] [Dummy-1   ]: Flushing usage events


============================== 15:23:33.762473 | d19da201-e66d-457c-b088-939c552e8c13 ==============================
[0m15:23:33.762473 [info ] [Dummy-1   ]: Running with dbt=1.9.4
[0m15:23:33.763587 [debug] [Dummy-1   ]: running dbt with arguments {'printer_width': '80', 'indirect_selection': 'eager', 'log_cache_events': 'False', 'write_json': 'True', 'partial_parse': 'True', 'cache_selected_only': 'False', 'warn_error': 'None', 'fail_fast': 'False', 'profiles_dir': '/tmp/dbt/', 'log_path': '/tmp/dbt/logs', 'version_check': 'True', 'debug': 'False', 'use_colors': 'True', 'use_experimental_parser': 'False', 'no_print': 'None', 'quiet': 'False', 'empty': 'False', 'warn_error_options': 'WarnErrorOptions(include=[], exclude=[])', 'invocation_command': 'dbt ', 'introspect': 'True', 'static_parser': 'True', 'target_path': '/tmp/dbt/target/', 'log_format': 'default', 'send_anonymous_usage_stats': 'False'}
[0m15:23:33.850206 [warn ] [Dummy-1   ]: [[33mWARNING[0m]: Deprecated functionality
The `target-path` config in `dbt_project.yml` has been deprecated, and will no
longer be supported in a future version of dbt-core. If you wish to write dbt
artifacts to a custom directory, please use the --target-path CLI flag or
DBT_TARGET_PATH env var instead.
[0m15:23:34.133433 [info ] [Dummy-1   ]: Registered adapter: snowflake=1.9.2
[0m15:23:34.885075 [debug] [Dummy-1   ]: checksum: 53ed91fada2233efb98368d1716b44ab532c83a9c293cf1890b7905d5b45fb25, vars: {}, profile: , target: dev, version: 1.9.4
[0m15:23:35.057829 [debug] [Dummy-1   ]: Partial parsing enabled: 0 files deleted, 0 files added, 0 files changed.
[0m15:23:35.058659 [debug] [Dummy-1   ]: Partial parsing enabled, no changes found, skipping parsing
[0m15:23:35.059924 [warn ] [Dummy-1   ]: [[33mWARNING[0m]: Configuration paths exist in your dbt_project.yml file which do not apply to any resources.
There are 2 unused configuration paths:
- models.dbt_project.marts
- models.dbt_project.staging
[0m15:23:35.237365 [debug] [Dummy-1   ]: Wrote artifact WritableManifest to /tmp/dbt/target/manifest.json
[0m15:23:35.240277 [debug] [Dummy-1   ]: Wrote artifact SemanticManifest to /tmp/dbt/target/semantic_manifest.json
[0m15:23:35.322864 [info ] [Dummy-1   ]: Found 474 macros
[0m15:23:35.325620 [warn ] [Dummy-1   ]: Nothing to do. Try checking your model configs and model specification args
[0m15:23:35.328198 [debug] [Dummy-1   ]: Command end result
[0m15:23:35.356082 [debug] [Dummy-1   ]: Wrote artifact WritableManifest to /tmp/dbt/target/manifest.json
[0m15:23:35.358520 [debug] [Dummy-1   ]: Wrote artifact SemanticManifest to /tmp/dbt/target/semantic_manifest.json
[0m15:23:35.362831 [debug] [Dummy-1   ]: Wrote artifact RunExecutionResult to /tmp/dbt/target/run_results.json
[0m15:23:35.364960 [debug] [Dummy-1   ]: Resource report: {"command_name": "build", "command_success": true, "command_wall_clock_time": 1.69863, "process_in_blocks": "0", "process_kernel_time": 1.21, "process_mem_max_rss": "408036", "process_out_blocks": "0", "process_user_time": 4.73}
[0m15:23:35.365837 [debug] [Dummy-1   ]: Command `cli build` succeeded at 15:23:35.365528 after 1.70 seconds
[0m15:23:35.366526 [debug] [Dummy-1   ]: Flushing usage events


============================== 15:23:52.183122 | 64fee08d-9339-43d1-8786-df0c8983d727 ==============================
[0m15:23:52.183122 [info ] [Dummy-1   ]: Running with dbt=1.9.4
[0m15:23:52.184305 [debug] [Dummy-1   ]: running dbt with arguments {'printer_width': '80', 'indirect_selection': 'eager', 'write_json': 'True', 'log_cache_events': 'False', 'partial_parse': 'True', 'cache_selected_only': 'False', 'profiles_dir': '/tmp/dbt/', 'fail_fast': 'False', 'warn_error': 'None', 'log_path': '/tmp/dbt/logs', 'debug': 'False', 'version_check': 'True', 'use_colors': 'True', 'use_experimental_parser': 'False', 'empty': 'False', 'quiet': 'False', 'no_print': 'None', 'warn_error_options': 'WarnErrorOptions(include=[], exclude=[])', 'invocation_command': 'dbt ', 'static_parser': 'True', 'log_format': 'default', 'target_path': '/tmp/dbt/target/', 'introspect': 'True', 'send_anonymous_usage_stats': 'False'}
[0m15:23:52.272513 [warn ] [Dummy-1   ]: [[33mWARNING[0m]: Deprecated functionality
The `target-path` config in `dbt_project.yml` has been deprecated, and will no
longer be supported in a future version of dbt-core. If you wish to write dbt
artifacts to a custom directory, please use the --target-path CLI flag or
DBT_TARGET_PATH env var instead.
[0m15:23:52.561393 [info ] [Dummy-1   ]: Registered adapter: snowflake=1.9.2
[0m15:23:53.348264 [debug] [Dummy-1   ]: checksum: 53ed91fada2233efb98368d1716b44ab532c83a9c293cf1890b7905d5b45fb25, vars: {}, profile: , target: dev, version: 1.9.4
[0m15:23:53.531683 [debug] [Dummy-1   ]: Partial parsing enabled: 0 files deleted, 0 files added, 0 files changed.
[0m15:23:53.532445 [debug] [Dummy-1   ]: Partial parsing enabled, no changes found, skipping parsing
[0m15:23:53.533740 [warn ] [Dummy-1   ]: [[33mWARNING[0m]: Configuration paths exist in your dbt_project.yml file which do not apply to any resources.
There are 2 unused configuration paths:
- models.dbt_project.marts
- models.dbt_project.staging
[0m15:23:53.708760 [debug] [Dummy-1   ]: Wrote artifact WritableManifest to /tmp/dbt/target/manifest.json
[0m15:23:53.711560 [debug] [Dummy-1   ]: Wrote artifact SemanticManifest to /tmp/dbt/target/semantic_manifest.json
[0m15:23:53.752558 [info ] [Dummy-1   ]: Found 474 macros
[0m15:23:53.754680 [warn ] [Dummy-1   ]: Nothing to do. Try checking your model configs and model specification args
[0m15:23:53.757222 [debug] [Dummy-1   ]: Command end result
[0m15:23:53.786027 [debug] [Dummy-1   ]: Wrote artifact WritableManifest to /tmp/dbt/target/manifest.json
[0m15:23:53.788723 [debug] [Dummy-1   ]: Wrote artifact SemanticManifest to /tmp/dbt/target/semantic_manifest.json
[0m15:23:53.793135 [debug] [Dummy-1   ]: Wrote artifact RunExecutionResult to /tmp/dbt/target/run_results.json
[0m15:23:53.819568 [debug] [Dummy-1   ]: Resource report: {"command_name": "compile", "command_success": true, "command_wall_clock_time": 1.7347261, "process_in_blocks": "0", "process_kernel_time": 1.2, "process_mem_max_rss": "412828", "process_out_blocks": "0", "process_user_time": 4.82}
[0m15:23:53.820414 [debug] [Dummy-1   ]: Command `cli compile` succeeded at 15:23:53.820109 after 1.74 seconds
[0m15:23:53.821165 [debug] [Dummy-1   ]: Flushing usage events


============================== 15:24:20.112615 | c50fa803-d129-4deb-adb1-3972d89c3c72 ==============================
[0m15:24:20.112615 [info ] [Dummy-1   ]: Running with dbt=1.9.4
[0m15:24:20.113808 [debug] [Dummy-1   ]: running dbt with arguments {'printer_width': '80', 'indirect_selection': 'eager', 'write_json': 'True', 'log_cache_events': 'False', 'partial_parse': 'True', 'cache_selected_only': 'False', 'profiles_dir': '/tmp/dbt/', 'fail_fast': 'False', 'version_check': 'True', 'log_path': '/tmp/dbt/logs', 'warn_error': 'None', 'debug': 'False', 'use_colors': 'True', 'use_experimental_parser': 'False', 'no_print': 'None', 'quiet': 'False', 'empty': 'False', 'warn_error_options': 'WarnErrorOptions(include=[], exclude=[])', 'static_parser': 'True', 'invocation_command': 'dbt ', 'introspect': 'True', 'target_path': '/tmp/dbt/target/', 'log_format': 'default', 'send_anonymous_usage_stats': 'False'}
[0m15:24:20.201372 [warn ] [Dummy-1   ]: [[33mWARNING[0m]: Deprecated functionality
The `target-path` config in `dbt_project.yml` has been deprecated, and will no
longer be supported in a future version of dbt-core. If you wish to write dbt
artifacts to a custom directory, please use the --target-path CLI flag or
DBT_TARGET_PATH env var instead.
[0m15:24:20.491384 [info ] [Dummy-1   ]: Registered adapter: snowflake=1.9.2
[0m15:24:21.283876 [debug] [Dummy-1   ]: checksum: 53ed91fada2233efb98368d1716b44ab532c83a9c293cf1890b7905d5b45fb25, vars: {}, profile: , target: dev, version: 1.9.4
[0m15:24:21.485243 [debug] [Dummy-1   ]: Partial parsing enabled: 0 files deleted, 0 files added, 0 files changed.
[0m15:24:21.486052 [debug] [Dummy-1   ]: Partial parsing enabled, no changes found, skipping parsing
[0m15:24:21.487376 [warn ] [Dummy-1   ]: [[33mWARNING[0m]: Configuration paths exist in your dbt_project.yml file which do not apply to any resources.
There are 2 unused configuration paths:
- models.dbt_project.staging
- models.dbt_project.marts
[0m15:24:21.668403 [debug] [Dummy-1   ]: Wrote artifact WritableManifest to /tmp/dbt/target/manifest.json
[0m15:24:21.671268 [debug] [Dummy-1   ]: Wrote artifact SemanticManifest to /tmp/dbt/target/semantic_manifest.json
[0m15:24:21.751687 [info ] [Dummy-1   ]: Found 474 macros
[0m15:24:21.754660 [warn ] [Dummy-1   ]: Nothing to do. Try checking your model configs and model specification args
[0m15:24:21.757403 [debug] [Dummy-1   ]: Command end result
[0m15:24:21.785711 [debug] [Dummy-1   ]: Wrote artifact WritableManifest to /tmp/dbt/target/manifest.json
[0m15:24:21.788126 [debug] [Dummy-1   ]: Wrote artifact SemanticManifest to /tmp/dbt/target/semantic_manifest.json
[0m15:24:21.792778 [debug] [Dummy-1   ]: Wrote artifact RunExecutionResult to /tmp/dbt/target/run_results.json
[0m15:24:21.795078 [debug] [Dummy-1   ]: Resource report: {"command_name": "build", "command_success": true, "command_wall_clock_time": 1.7799436, "process_in_blocks": "0", "process_kernel_time": 1.29, "process_mem_max_rss": "413044", "process_out_blocks": "0", "process_user_time": 4.8}
[0m15:24:21.795902 [debug] [Dummy-1   ]: Command `cli build` succeeded at 15:24:21.795596 after 1.78 seconds
[0m15:24:21.796588 [debug] [Dummy-1   ]: Flushing usage events


============================== 15:25:28.731493 | cda8e484-1185-417d-8aeb-9dde4321d934 ==============================
[0m15:25:28.731493 [info ] [Dummy-1   ]: Running with dbt=1.9.4
[0m15:25:28.732704 [debug] [Dummy-1   ]: running dbt with arguments {'printer_width': '80', 'indirect_selection': 'eager', 'log_cache_events': 'False', 'write_json': 'True', 'partial_parse': 'True', 'cache_selected_only': 'False', 'profiles_dir': '/tmp/dbt/', 'version_check': 'True', 'warn_error': 'None', 'log_path': '/tmp/dbt/logs', 'fail_fast': 'False', 'debug': 'False', 'use_colors': 'True', 'use_experimental_parser': 'False', 'no_print': 'None', 'quiet': 'False', 'empty': 'False', 'log_format': 'default', 'introspect': 'True', 'static_parser': 'True', 'invocation_command': 'dbt ', 'target_path': '/tmp/dbt/target/', 'warn_error_options': 'WarnErrorOptions(include=[], exclude=[])', 'send_anonymous_usage_stats': 'False'}
[0m15:25:28.821519 [warn ] [Dummy-1   ]: [[33mWARNING[0m]: Deprecated functionality
The `target-path` config in `dbt_project.yml` has been deprecated, and will no
longer be supported in a future version of dbt-core. If you wish to write dbt
artifacts to a custom directory, please use the --target-path CLI flag or
DBT_TARGET_PATH env var instead.
[0m15:25:29.110557 [info ] [Dummy-1   ]: Registered adapter: snowflake=1.9.2
[0m15:25:29.896628 [debug] [Dummy-1   ]: checksum: 53ed91fada2233efb98368d1716b44ab532c83a9c293cf1890b7905d5b45fb25, vars: {}, profile: , target: dev, version: 1.9.4
[0m15:25:29.994056 [info ] [Dummy-1   ]: Unable to do partial parsing because a project config has changed
[0m15:25:31.162068 [warn ] [Dummy-1   ]: [[33mWARNING[0m]: Configuration paths exist in your dbt_project.yml file which do not apply to any resources.
There are 2 unused configuration paths:
- models.dbt_projects.marts
- models.dbt_projects.staging
[0m15:25:31.225514 [debug] [Dummy-1   ]: Wrote artifact WritableManifest to /tmp/dbt/target/manifest.json
[0m15:25:31.228626 [debug] [Dummy-1   ]: Wrote artifact SemanticManifest to /tmp/dbt/target/semantic_manifest.json
[0m15:25:31.313278 [info ] [Dummy-1   ]: Found 474 macros
[0m15:25:31.315672 [warn ] [Dummy-1   ]: Nothing to do. Try checking your model configs and model specification args
[0m15:25:31.316654 [debug] [Dummy-1   ]: Command end result
[0m15:25:31.346595 [debug] [Dummy-1   ]: Wrote artifact WritableManifest to /tmp/dbt/target/manifest.json
[0m15:25:31.349181 [debug] [Dummy-1   ]: Wrote artifact SemanticManifest to /tmp/dbt/target/semantic_manifest.json
[0m15:25:31.353811 [debug] [Dummy-1   ]: Wrote artifact RunExecutionResult to /tmp/dbt/target/run_results.json
[0m15:25:31.379625 [debug] [Dummy-1   ]: Resource report: {"command_name": "build", "command_success": true, "command_wall_clock_time": 2.7465487, "process_in_blocks": "0", "process_kernel_time": 1.26, "process_mem_max_rss": "416664", "process_out_blocks": "0", "process_user_time": 5.78}
[0m15:25:31.380504 [debug] [Dummy-1   ]: Command `cli build` succeeded at 15:25:31.380169 after 2.75 seconds
[0m15:25:31.381260 [debug] [Dummy-1   ]: Flushing usage events


============================== 15:28:20.711707 | 645b9718-2583-4944-b988-a937f0d352be ==============================
[0m15:28:20.711707 [info ] [Dummy-1   ]: Running with dbt=1.9.4
[0m15:28:20.712793 [debug] [Dummy-1   ]: running dbt with arguments {'printer_width': '80', 'indirect_selection': 'eager', 'write_json': 'True', 'log_cache_events': 'False', 'partial_parse': 'True', 'cache_selected_only': 'False', 'profiles_dir': '/tmp/dbt/', 'version_check': 'True', 'fail_fast': 'False', 'log_path': '/tmp/dbt/logs', 'debug': 'False', 'warn_error': 'None', 'use_colors': 'True', 'use_experimental_parser': 'False', 'empty': 'False', 'quiet': 'False', 'no_print': 'None', 'warn_error_options': 'WarnErrorOptions(include=[], exclude=[])', 'static_parser': 'True', 'invocation_command': 'dbt ', 'introspect': 'True', 'target_path': '/tmp/dbt/target/', 'log_format': 'default', 'send_anonymous_usage_stats': 'False'}
[0m15:28:20.798648 [warn ] [Dummy-1   ]: [[33mWARNING[0m]: Deprecated functionality
The `target-path` config in `dbt_project.yml` has been deprecated, and will no
longer be supported in a future version of dbt-core. If you wish to write dbt
artifacts to a custom directory, please use the --target-path CLI flag or
DBT_TARGET_PATH env var instead.
[0m15:28:21.081212 [info ] [Dummy-1   ]: Registered adapter: snowflake=1.9.2
[0m15:28:21.873203 [debug] [Dummy-1   ]: checksum: 53ed91fada2233efb98368d1716b44ab532c83a9c293cf1890b7905d5b45fb25, vars: {}, profile: , target: dev, version: 1.9.4
[0m15:28:21.990420 [info ] [Dummy-1   ]: Unable to do partial parsing because a project config has changed
[0m15:28:23.148459 [warn ] [Dummy-1   ]: [[33mWARNING[0m]: Configuration paths exist in your dbt_project.yml file which do not apply to any resources.
There are 1 unused configuration paths:
- models.dbt_projects.scripts
[0m15:28:23.210201 [debug] [Dummy-1   ]: Wrote artifact WritableManifest to /tmp/dbt/target/manifest.json
[0m15:28:23.213405 [debug] [Dummy-1   ]: Wrote artifact SemanticManifest to /tmp/dbt/target/semantic_manifest.json
[0m15:28:23.290062 [info ] [Dummy-1   ]: Found 474 macros
[0m15:28:23.292341 [warn ] [Dummy-1   ]: Nothing to do. Try checking your model configs and model specification args
[0m15:28:23.293190 [debug] [Dummy-1   ]: Command end result
[0m15:28:23.324340 [debug] [Dummy-1   ]: Wrote artifact WritableManifest to /tmp/dbt/target/manifest.json
[0m15:28:23.326669 [debug] [Dummy-1   ]: Wrote artifact SemanticManifest to /tmp/dbt/target/semantic_manifest.json
[0m15:28:23.331001 [debug] [Dummy-1   ]: Wrote artifact RunExecutionResult to /tmp/dbt/target/run_results.json
[0m15:28:23.332828 [debug] [Dummy-1   ]: Resource report: {"command_name": "build", "command_success": true, "command_wall_clock_time": 2.7162766, "process_in_blocks": "0", "process_kernel_time": 1.14, "process_mem_max_rss": "412584", "process_out_blocks": "0", "process_user_time": 5.79}
[0m15:28:23.333549 [debug] [Dummy-1   ]: Command `cli build` succeeded at 15:28:23.333247 after 2.72 seconds
[0m15:28:23.334161 [debug] [Dummy-1   ]: Flushing usage events


============================== 15:31:14.144096 | 03dd575c-c289-4175-8185-3bee8a466af9 ==============================
[0m15:31:14.144096 [info ] [Dummy-1   ]: Running with dbt=1.9.4
[0m15:31:14.145249 [debug] [Dummy-1   ]: running dbt with arguments {'printer_width': '80', 'indirect_selection': 'eager', 'log_cache_events': 'False', 'write_json': 'True', 'partial_parse': 'True', 'cache_selected_only': 'False', 'warn_error': 'None', 'debug': 'False', 'version_check': 'True', 'log_path': '/tmp/dbt/logs', 'profiles_dir': '/tmp/dbt/', 'fail_fast': 'False', 'use_colors': 'True', 'use_experimental_parser': 'False', 'empty': 'False', 'quiet': 'False', 'no_print': 'None', 'log_format': 'default', 'static_parser': 'True', 'invocation_command': 'dbt ', 'warn_error_options': 'WarnErrorOptions(include=[], exclude=[])', 'target_path': '/tmp/dbt/target/', 'introspect': 'True', 'send_anonymous_usage_stats': 'False'}
[0m15:31:14.233818 [warn ] [Dummy-1   ]: [[33mWARNING[0m]: Deprecated functionality
The `target-path` config in `dbt_project.yml` has been deprecated, and will no
longer be supported in a future version of dbt-core. If you wish to write dbt
artifacts to a custom directory, please use the --target-path CLI flag or
DBT_TARGET_PATH env var instead.
[0m15:31:14.524760 [info ] [Dummy-1   ]: Registered adapter: snowflake=1.9.2
[0m15:31:15.251581 [debug] [Dummy-1   ]: checksum: 53ed91fada2233efb98368d1716b44ab532c83a9c293cf1890b7905d5b45fb25, vars: {}, profile: , target: dev, version: 1.9.4
[0m15:31:15.347714 [info ] [Dummy-1   ]: Unable to do partial parsing because a project config has changed
[0m15:31:16.922997 [warn ] [Dummy-1   ]: [[33mWARNING[0m]: Configuration paths exist in your dbt_project.yml file which do not apply to any resources.
There are 1 unused configuration paths:
- models.dbt_projects.models
[0m15:31:17.009842 [debug] [Dummy-1   ]: Wrote artifact WritableManifest to /tmp/dbt/target/manifest.json
[0m15:31:17.012498 [debug] [Dummy-1   ]: Wrote artifact SemanticManifest to /tmp/dbt/target/semantic_manifest.json
[0m15:31:17.095826 [info ] [Dummy-1   ]: Found 1 model, 474 macros
[0m15:31:17.099244 [info ] [Dummy-1   ]: 
[0m15:31:17.099925 [info ] [Dummy-1   ]: Concurrency: 1 threads (target='dev')
[0m15:31:17.100426 [info ] [Dummy-1   ]: 
[0m15:31:17.101408 [debug] [Dummy-1   ]: Acquiring new snowflake connection 'master'
[0m15:31:17.103600 [debug] [ThreadPool]: Acquiring new snowflake connection 'list_DBT'
[0m15:31:17.248768 [debug] [ThreadPool]: Using snowflake connection "list_DBT"
[0m15:31:17.249473 [debug] [ThreadPool]: On list_DBT: /* {"app": "dbt", "dbt_version": "1.9.4", "profile_name": "dbt_try", "target_name": "dev", "connection_name": "list_DBT"} */
show terse schemas in database DBT
    limit 10000
[0m15:31:17.250017 [debug] [ThreadPool]: Opening a new connection, currently in state init
[0m15:31:17.616769 [debug] [ThreadPool]: SQL status: SUCCESS 3 in 0.367 seconds
[0m15:31:17.621579 [debug] [ThreadPool]: Acquiring new snowflake connection 'list_DBT_DBT_PROJECTS'
[0m15:31:17.638687 [debug] [ThreadPool]: Using snowflake connection "list_DBT_DBT_PROJECTS"
[0m15:31:17.639319 [debug] [ThreadPool]: On list_DBT_DBT_PROJECTS: /* {"app": "dbt", "dbt_version": "1.9.4", "profile_name": "dbt_try", "target_name": "dev", "connection_name": "list_DBT_DBT_PROJECTS"} */
alter session set quoted_identifiers_ignore_case = false;
[0m15:31:17.639806 [debug] [ThreadPool]: Opening a new connection, currently in state init
[0m15:31:18.012183 [debug] [ThreadPool]: SQL status: SUCCESS 1 in 0.372 seconds
[0m15:31:18.017974 [debug] [ThreadPool]: Using snowflake connection "list_DBT_DBT_PROJECTS"
[0m15:31:18.018696 [debug] [ThreadPool]: On list_DBT_DBT_PROJECTS: /* {"app": "dbt", "dbt_version": "1.9.4", "profile_name": "dbt_try", "target_name": "dev", "connection_name": "list_DBT_DBT_PROJECTS"} */
show objects in DBT.DBT_PROJECTS
    limit 10000
    
;
[0m15:31:18.080347 [debug] [ThreadPool]: SQL status: SUCCESS 2 in 0.061 seconds
[0m15:31:18.083096 [debug] [ThreadPool]: Using snowflake connection "list_DBT_DBT_PROJECTS"
[0m15:31:18.083794 [debug] [ThreadPool]: On list_DBT_DBT_PROJECTS: /* {"app": "dbt", "dbt_version": "1.9.4", "profile_name": "dbt_try", "target_name": "dev", "connection_name": "list_DBT_DBT_PROJECTS"} */
alter session unset quoted_identifiers_ignore_case;
[0m15:31:18.130767 [debug] [ThreadPool]: SQL status: SUCCESS 1 in 0.046 seconds
[0m15:31:18.138935 [debug] [Thread-2 (]: Began running node model.dbt_try.dbt_dev
[0m15:31:18.139921 [info ] [Thread-2 (]: 1 of 1 START sql view model DBT_PROJECTS.dbt_dev ............................... [RUN]
[0m15:31:18.140725 [debug] [Thread-2 (]: Re-using an available connection from the pool (formerly list_DBT_DBT_PROJECTS, now model.dbt_try.dbt_dev)
[0m15:31:18.141328 [debug] [Thread-2 (]: Began compiling node model.dbt_try.dbt_dev
[0m15:31:18.151808 [debug] [Thread-2 (]: Writing injected SQL for node "model.dbt_try.dbt_dev"
[0m15:31:18.152796 [debug] [Thread-2 (]: Began executing node model.dbt_try.dbt_dev
[0m15:31:18.208752 [debug] [Thread-2 (]: Writing runtime sql for node "model.dbt_try.dbt_dev"
[0m15:31:18.210726 [debug] [Thread-2 (]: Using snowflake connection "model.dbt_try.dbt_dev"
[0m15:31:18.211396 [debug] [Thread-2 (]: On model.dbt_try.dbt_dev: /* {"app": "dbt", "dbt_version": "1.9.4", "profile_name": "dbt_try", "target_name": "dev", "node_id": "model.dbt_try.dbt_dev"} */
create or replace   view DBT.DBT_PROJECTS.dbt_dev
  
   as (
    use dbt;
[0m15:31:18.211958 [debug] [Thread-2 (]: Opening a new connection, currently in state init
[0m15:31:18.552709 [debug] [Thread-2 (]: Snowflake adapter: Snowflake query id: 01c0d5c3-0000-518e-0000-0012cccb44bd
[0m15:31:18.553536 [debug] [Thread-2 (]: Snowflake adapter: Snowflake error: 001003 (42000): SQL compilation error:
syntax error line 4 at position 4 unexpected 'use'.
[0m15:31:18.559915 [debug] [Thread-2 (]: Database Error in model dbt_dev (models/tables/dbt_dev.sql)
  001003 (42000): SQL compilation error:
  syntax error line 4 at position 4 unexpected 'use'.
  compiled code at /tmp/dbt/target/run/dbt_try/models/tables/dbt_dev.sql
[0m15:31:18.563670 [error] [Thread-2 (]: 1 of 1 ERROR creating sql view model DBT_PROJECTS.dbt_dev ...................... [[31mERROR[0m in 0.42s]
[0m15:31:18.564680 [debug] [Thread-2 (]: Finished running node model.dbt_try.dbt_dev
[0m15:31:18.565680 [debug] [Thread-5 (]: Marking all children of 'model.dbt_try.dbt_dev' to be skipped because of status 'error'.  Reason: Database Error in model dbt_dev (models/tables/dbt_dev.sql)
  001003 (42000): SQL compilation error:
  syntax error line 4 at position 4 unexpected 'use'.
  compiled code at /tmp/dbt/target/run/dbt_try/models/tables/dbt_dev.sql.
[0m15:31:18.569029 [debug] [Dummy-1   ]: Connection 'master' was properly closed.
[0m15:31:18.569707 [debug] [Dummy-1   ]: Connection 'list_DBT' was properly closed.
[0m15:31:18.570169 [debug] [Dummy-1   ]: Connection 'model.dbt_try.dbt_dev' was properly closed.
[0m15:31:18.570736 [info ] [Dummy-1   ]: 
[0m15:31:18.571290 [info ] [Dummy-1   ]: Finished running 1 view model in 0 hours 0 minutes and 1.47 seconds (1.47s).
[0m15:31:18.572321 [debug] [Dummy-1   ]: Command end result
[0m15:31:18.601677 [debug] [Dummy-1   ]: Wrote artifact WritableManifest to /tmp/dbt/target/manifest.json
[0m15:31:18.604459 [debug] [Dummy-1   ]: Wrote artifact SemanticManifest to /tmp/dbt/target/semantic_manifest.json
[0m15:31:18.612773 [debug] [Dummy-1   ]: Wrote artifact RunExecutionResult to /tmp/dbt/target/run_results.json
[0m15:31:18.613438 [info ] [Dummy-1   ]: 
[0m15:31:18.614213 [info ] [Dummy-1   ]: [31mCompleted with 1 error, 0 partial successes, and 0 warnings:[0m
[0m15:31:18.614810 [info ] [Dummy-1   ]: 
[0m15:31:18.615546 [error] [Dummy-1   ]:   Database Error in model dbt_dev (models/tables/dbt_dev.sql)
  001003 (42000): SQL compilation error:
  syntax error line 4 at position 4 unexpected 'use'.
  compiled code at /tmp/dbt/target/run/dbt_try/models/tables/dbt_dev.sql
[0m15:31:18.616107 [info ] [Dummy-1   ]: 
[0m15:31:18.616658 [info ] [Dummy-1   ]: Done. PASS=0 WARN=0 ERROR=1 SKIP=0 TOTAL=1
[0m15:31:18.631572 [debug] [Dummy-1   ]: Resource report: {"command_name": "build", "command_success": false, "command_wall_clock_time": 4.585089, "process_in_blocks": "0", "process_kernel_time": 1.22, "process_mem_max_rss": "496772", "process_out_blocks": "0", "process_user_time": 6.65}
[0m15:31:18.632390 [debug] [Dummy-1   ]: Command `cli build` failed at 15:31:18.632106 after 4.59 seconds
[0m15:31:18.633063 [debug] [Dummy-1   ]: Flushing usage events


============================== 15:33:35.878539 | 057dc523-9ab8-4020-bd1e-57803ec7d567 ==============================
[0m15:33:35.878539 [info ] [Dummy-1   ]: Running with dbt=1.9.4
[0m15:33:35.879687 [debug] [Dummy-1   ]: running dbt with arguments {'printer_width': '80', 'indirect_selection': 'eager', 'write_json': 'True', 'log_cache_events': 'False', 'partial_parse': 'True', 'cache_selected_only': 'False', 'profiles_dir': '/tmp/dbt/', 'version_check': 'True', 'warn_error': 'None', 'log_path': '/tmp/dbt/logs', 'debug': 'False', 'fail_fast': 'False', 'use_colors': 'True', 'use_experimental_parser': 'False', 'empty': 'False', 'quiet': 'False', 'no_print': 'None', 'warn_error_options': 'WarnErrorOptions(include=[], exclude=[])', 'static_parser': 'True', 'log_format': 'default', 'invocation_command': 'dbt ', 'target_path': '/tmp/dbt/target/', 'introspect': 'True', 'send_anonymous_usage_stats': 'False'}
[0m15:33:35.966964 [warn ] [Dummy-1   ]: [[33mWARNING[0m]: Deprecated functionality
The `target-path` config in `dbt_project.yml` has been deprecated, and will no
longer be supported in a future version of dbt-core. If you wish to write dbt
artifacts to a custom directory, please use the --target-path CLI flag or
DBT_TARGET_PATH env var instead.
[0m15:33:36.253819 [info ] [Dummy-1   ]: Registered adapter: snowflake=1.9.2
[0m15:33:37.026703 [debug] [Dummy-1   ]: checksum: 53ed91fada2233efb98368d1716b44ab532c83a9c293cf1890b7905d5b45fb25, vars: {}, profile: , target: dev, version: 1.9.4
[0m15:33:37.244835 [debug] [Dummy-1   ]: Partial parsing enabled: 0 files deleted, 0 files added, 1 files changed.
[0m15:33:37.245838 [debug] [Dummy-1   ]: Partial parsing: updated file: dbt_try://models/tables/dbt_dev.sql
[0m15:33:37.773534 [warn ] [Dummy-1   ]: [[33mWARNING[0m]: Configuration paths exist in your dbt_project.yml file which do not apply to any resources.
There are 1 unused configuration paths:
- models.dbt_projects.models
[0m15:33:37.883764 [debug] [Dummy-1   ]: Wrote artifact WritableManifest to /tmp/dbt/target/manifest.json
[0m15:33:37.886395 [debug] [Dummy-1   ]: Wrote artifact SemanticManifest to /tmp/dbt/target/semantic_manifest.json
[0m15:33:37.969320 [info ] [Dummy-1   ]: Found 1 model, 474 macros
[0m15:33:37.971985 [info ] [Dummy-1   ]: 
[0m15:33:37.972660 [info ] [Dummy-1   ]: Concurrency: 1 threads (target='dev')
[0m15:33:37.973194 [info ] [Dummy-1   ]: 
[0m15:33:37.974176 [debug] [Dummy-1   ]: Acquiring new snowflake connection 'master'
[0m15:33:37.976334 [debug] [ThreadPool]: Acquiring new snowflake connection 'list_DBT'
[0m15:33:38.108693 [debug] [ThreadPool]: Using snowflake connection "list_DBT"
[0m15:33:38.109372 [debug] [ThreadPool]: On list_DBT: /* {"app": "dbt", "dbt_version": "1.9.4", "profile_name": "dbt_try", "target_name": "dev", "connection_name": "list_DBT"} */
show terse schemas in database DBT
    limit 10000
[0m15:33:38.110013 [debug] [ThreadPool]: Opening a new connection, currently in state init
[0m15:33:38.436534 [debug] [ThreadPool]: SQL status: SUCCESS 3 in 0.326 seconds
[0m15:33:38.460553 [debug] [ThreadPool]: Acquiring new snowflake connection 'list_DBT_DBT_PROJECTS'
[0m15:33:38.478486 [debug] [ThreadPool]: Using snowflake connection "list_DBT_DBT_PROJECTS"
[0m15:33:38.479247 [debug] [ThreadPool]: On list_DBT_DBT_PROJECTS: /* {"app": "dbt", "dbt_version": "1.9.4", "profile_name": "dbt_try", "target_name": "dev", "connection_name": "list_DBT_DBT_PROJECTS"} */
alter session set quoted_identifiers_ignore_case = false;
[0m15:33:38.479855 [debug] [ThreadPool]: Opening a new connection, currently in state init
[0m15:33:38.812987 [debug] [ThreadPool]: SQL status: SUCCESS 1 in 0.333 seconds
[0m15:33:38.818952 [debug] [ThreadPool]: Using snowflake connection "list_DBT_DBT_PROJECTS"
[0m15:33:38.819644 [debug] [ThreadPool]: On list_DBT_DBT_PROJECTS: /* {"app": "dbt", "dbt_version": "1.9.4", "profile_name": "dbt_try", "target_name": "dev", "connection_name": "list_DBT_DBT_PROJECTS"} */
show objects in DBT.DBT_PROJECTS
    limit 10000
    
;
[0m15:33:38.878782 [debug] [ThreadPool]: SQL status: SUCCESS 2 in 0.058 seconds
[0m15:33:38.881453 [debug] [ThreadPool]: Using snowflake connection "list_DBT_DBT_PROJECTS"
[0m15:33:38.882070 [debug] [ThreadPool]: On list_DBT_DBT_PROJECTS: /* {"app": "dbt", "dbt_version": "1.9.4", "profile_name": "dbt_try", "target_name": "dev", "connection_name": "list_DBT_DBT_PROJECTS"} */
alter session unset quoted_identifiers_ignore_case;
[0m15:33:38.928677 [debug] [ThreadPool]: SQL status: SUCCESS 1 in 0.046 seconds
[0m15:33:38.937188 [debug] [Thread-2 (]: Began running node model.dbt_try.dbt_dev
[0m15:33:38.938166 [info ] [Thread-2 (]: 1 of 1 START sql view model DBT_PROJECTS.dbt_dev ............................... [RUN]
[0m15:33:38.939087 [debug] [Thread-2 (]: Re-using an available connection from the pool (formerly list_DBT_DBT_PROJECTS, now model.dbt_try.dbt_dev)
[0m15:33:38.939694 [debug] [Thread-2 (]: Began compiling node model.dbt_try.dbt_dev
[0m15:33:38.950342 [debug] [Thread-2 (]: Writing injected SQL for node "model.dbt_try.dbt_dev"
[0m15:33:38.951281 [debug] [Thread-2 (]: Began executing node model.dbt_try.dbt_dev
[0m15:33:39.025642 [debug] [Thread-2 (]: Writing runtime sql for node "model.dbt_try.dbt_dev"
[0m15:33:39.027425 [debug] [Thread-2 (]: Using snowflake connection "model.dbt_try.dbt_dev"
[0m15:33:39.028079 [debug] [Thread-2 (]: On model.dbt_try.dbt_dev: /* {"app": "dbt", "dbt_version": "1.9.4", "profile_name": "dbt_try", "target_name": "dev", "node_id": "model.dbt_try.dbt_dev"} */
create or replace   view DBT.DBT_PROJECTS.dbt_dev
  
   as (
    create or replace table dbt_projects.customer (customer_id int primary key, customer_name varchar);
[0m15:33:39.028737 [debug] [Thread-2 (]: Opening a new connection, currently in state init
[0m15:33:39.396763 [debug] [Thread-2 (]: Snowflake adapter: Snowflake query id: 01c0d5c5-0000-518d-0000-0012cccb74c5
[0m15:33:39.397576 [debug] [Thread-2 (]: Snowflake adapter: Snowflake error: 001003 (42000): SQL compilation error:
syntax error line 4 at position 4 unexpected 'create'.
[0m15:33:39.403735 [debug] [Thread-2 (]: Database Error in model dbt_dev (models/tables/dbt_dev.sql)
  001003 (42000): SQL compilation error:
  syntax error line 4 at position 4 unexpected 'create'.
  compiled code at /tmp/dbt/target/run/dbt_try/models/tables/dbt_dev.sql
[0m15:33:39.407279 [error] [Thread-2 (]: 1 of 1 ERROR creating sql view model DBT_PROJECTS.dbt_dev ...................... [[31mERROR[0m in 0.47s]
[0m15:33:39.408282 [debug] [Thread-2 (]: Finished running node model.dbt_try.dbt_dev
[0m15:33:39.409725 [debug] [Thread-5 (]: Marking all children of 'model.dbt_try.dbt_dev' to be skipped because of status 'error'.  Reason: Database Error in model dbt_dev (models/tables/dbt_dev.sql)
  001003 (42000): SQL compilation error:
  syntax error line 4 at position 4 unexpected 'create'.
  compiled code at /tmp/dbt/target/run/dbt_try/models/tables/dbt_dev.sql.
[0m15:33:39.413359 [debug] [Dummy-1   ]: Connection 'master' was properly closed.
[0m15:33:39.413923 [debug] [Dummy-1   ]: Connection 'list_DBT' was properly closed.
[0m15:33:39.414375 [debug] [Dummy-1   ]: Connection 'model.dbt_try.dbt_dev' was properly closed.
[0m15:33:39.414883 [info ] [Dummy-1   ]: 
[0m15:33:39.415407 [info ] [Dummy-1   ]: Finished running 1 view model in 0 hours 0 minutes and 1.44 seconds (1.44s).
[0m15:33:39.416375 [debug] [Dummy-1   ]: Command end result
[0m15:33:39.445460 [debug] [Dummy-1   ]: Wrote artifact WritableManifest to /tmp/dbt/target/manifest.json
[0m15:33:39.447990 [debug] [Dummy-1   ]: Wrote artifact SemanticManifest to /tmp/dbt/target/semantic_manifest.json
[0m15:33:39.455981 [debug] [Dummy-1   ]: Wrote artifact RunExecutionResult to /tmp/dbt/target/run_results.json
[0m15:33:39.456601 [info ] [Dummy-1   ]: 
[0m15:33:39.457306 [info ] [Dummy-1   ]: [31mCompleted with 1 error, 0 partial successes, and 0 warnings:[0m
[0m15:33:39.457936 [info ] [Dummy-1   ]: 
[0m15:33:39.458772 [error] [Dummy-1   ]:   Database Error in model dbt_dev (models/tables/dbt_dev.sql)
  001003 (42000): SQL compilation error:
  syntax error line 4 at position 4 unexpected 'create'.
  compiled code at /tmp/dbt/target/run/dbt_try/models/tables/dbt_dev.sql
[0m15:33:39.459352 [info ] [Dummy-1   ]: 
[0m15:33:39.459917 [info ] [Dummy-1   ]: Done. PASS=0 WARN=0 ERROR=1 SKIP=0 TOTAL=1
[0m15:33:39.462000 [debug] [Dummy-1   ]: Resource report: {"command_name": "build", "command_success": false, "command_wall_clock_time": 3.681508, "process_in_blocks": "0", "process_kernel_time": 1.37, "process_mem_max_rss": "484016", "process_out_blocks": "0", "process_user_time": 5.6}
[0m15:33:39.462711 [debug] [Dummy-1   ]: Command `cli build` failed at 15:33:39.462439 after 3.68 seconds
[0m15:33:39.463301 [debug] [Dummy-1   ]: Flushing usage events


============================== 15:34:41.320390 | 4a9d3ffc-2e07-427d-a122-220fd6e0c8f6 ==============================
[0m15:34:41.320390 [info ] [Dummy-1   ]: Running with dbt=1.9.4
[0m15:34:41.321594 [debug] [Dummy-1   ]: running dbt with arguments {'printer_width': '80', 'indirect_selection': 'eager', 'write_json': 'True', 'log_cache_events': 'False', 'partial_parse': 'True', 'cache_selected_only': 'False', 'profiles_dir': '/tmp/dbt/', 'fail_fast': 'False', 'version_check': 'True', 'log_path': '/tmp/dbt/logs', 'debug': 'False', 'warn_error': 'None', 'use_colors': 'True', 'use_experimental_parser': 'False', 'no_print': 'None', 'quiet': 'False', 'empty': 'False', 'warn_error_options': 'WarnErrorOptions(include=[], exclude=[])', 'invocation_command': 'dbt ', 'introspect': 'True', 'log_format': 'default', 'target_path': '/tmp/dbt/target/', 'static_parser': 'True', 'send_anonymous_usage_stats': 'False'}
[0m15:34:41.407732 [warn ] [Dummy-1   ]: [[33mWARNING[0m]: Deprecated functionality
The `target-path` config in `dbt_project.yml` has been deprecated, and will no
longer be supported in a future version of dbt-core. If you wish to write dbt
artifacts to a custom directory, please use the --target-path CLI flag or
DBT_TARGET_PATH env var instead.
[0m15:34:41.690159 [info ] [Dummy-1   ]: Registered adapter: snowflake=1.9.2
[0m15:34:42.454889 [debug] [Dummy-1   ]: checksum: 53ed91fada2233efb98368d1716b44ab532c83a9c293cf1890b7905d5b45fb25, vars: {}, profile: , target: dev, version: 1.9.4
[0m15:34:42.664715 [debug] [Dummy-1   ]: Partial parsing enabled: 1 files deleted, 2 files added, 0 files changed.
[0m15:34:42.665642 [debug] [Dummy-1   ]: Partial parsing: added file: dbt_try://models/tables/create customer.sql
[0m15:34:42.666289 [debug] [Dummy-1   ]: Partial parsing: added file: dbt_try://models/tables/create account.sql
[0m15:34:42.666842 [debug] [Dummy-1   ]: Partial parsing: deleted file: dbt_try://models/tables/dbt_dev.sql
[0m15:34:43.198421 [warn ] [Dummy-1   ]: [[33mWARNING[0m]: Found spaces in the name of `model.dbt_try.create customer`
[0m15:34:43.199381 [warn ] [Dummy-1   ]: [[33mWARNING[0m]: Spaces found in 2 resource name(s). This is deprecated, and
may lead to errors when using dbt. Run again with `--debug` to see them all. For
more information:
https://docs.getdbt.com/reference/global-configs/legacy-behaviors
[0m15:34:43.200543 [warn ] [Dummy-1   ]: [[33mWARNING[0m]: Configuration paths exist in your dbt_project.yml file which do not apply to any resources.
There are 1 unused configuration paths:
- models.dbt_projects.models
[0m15:34:43.286584 [debug] [Dummy-1   ]: Wrote artifact WritableManifest to /tmp/dbt/target/manifest.json
[0m15:34:43.289323 [debug] [Dummy-1   ]: Wrote artifact SemanticManifest to /tmp/dbt/target/semantic_manifest.json
[0m15:34:43.369609 [info ] [Dummy-1   ]: Found 2 models, 474 macros
[0m15:34:43.372308 [info ] [Dummy-1   ]: 
[0m15:34:43.372986 [info ] [Dummy-1   ]: Concurrency: 1 threads (target='dev')
[0m15:34:43.373535 [info ] [Dummy-1   ]: 
[0m15:34:43.374404 [debug] [Dummy-1   ]: Acquiring new snowflake connection 'master'
[0m15:34:43.381611 [debug] [ThreadPool]: Acquiring new snowflake connection 'list_DBT'
[0m15:34:43.524650 [debug] [ThreadPool]: Using snowflake connection "list_DBT"
[0m15:34:43.525388 [debug] [ThreadPool]: On list_DBT: /* {"app": "dbt", "dbt_version": "1.9.4", "profile_name": "dbt_try", "target_name": "dev", "connection_name": "list_DBT"} */
show terse schemas in database DBT
    limit 10000
[0m15:34:43.525924 [debug] [ThreadPool]: Opening a new connection, currently in state init
[0m15:34:44.244013 [debug] [ThreadPool]: SQL status: SUCCESS 3 in 0.718 seconds
[0m15:34:44.279903 [debug] [ThreadPool]: Acquiring new snowflake connection 'list_DBT_DBT_PROJECTS'
[0m15:34:44.297671 [debug] [ThreadPool]: Using snowflake connection "list_DBT_DBT_PROJECTS"
[0m15:34:44.298368 [debug] [ThreadPool]: On list_DBT_DBT_PROJECTS: /* {"app": "dbt", "dbt_version": "1.9.4", "profile_name": "dbt_try", "target_name": "dev", "connection_name": "list_DBT_DBT_PROJECTS"} */
alter session set quoted_identifiers_ignore_case = false;
[0m15:34:44.298932 [debug] [ThreadPool]: Opening a new connection, currently in state init
[0m15:34:44.714130 [debug] [ThreadPool]: SQL status: SUCCESS 1 in 0.415 seconds
[0m15:34:44.720075 [debug] [ThreadPool]: Using snowflake connection "list_DBT_DBT_PROJECTS"
[0m15:34:44.720797 [debug] [ThreadPool]: On list_DBT_DBT_PROJECTS: /* {"app": "dbt", "dbt_version": "1.9.4", "profile_name": "dbt_try", "target_name": "dev", "connection_name": "list_DBT_DBT_PROJECTS"} */
show objects in DBT.DBT_PROJECTS
    limit 10000
    
;
[0m15:34:44.792509 [debug] [ThreadPool]: SQL status: SUCCESS 2 in 0.071 seconds
[0m15:34:44.795229 [debug] [ThreadPool]: Using snowflake connection "list_DBT_DBT_PROJECTS"
[0m15:34:44.795850 [debug] [ThreadPool]: On list_DBT_DBT_PROJECTS: /* {"app": "dbt", "dbt_version": "1.9.4", "profile_name": "dbt_try", "target_name": "dev", "connection_name": "list_DBT_DBT_PROJECTS"} */
alter session unset quoted_identifiers_ignore_case;
[0m15:34:44.844584 [debug] [ThreadPool]: SQL status: SUCCESS 1 in 0.048 seconds
[0m15:34:44.852709 [debug] [Thread-2 (]: Began running node model.dbt_try.create account
[0m15:34:44.853897 [info ] [Thread-2 (]: 1 of 2 START sql view model DBT_PROJECTS.create account ........................ [RUN]
[0m15:34:44.854639 [debug] [Thread-2 (]: Re-using an available connection from the pool (formerly list_DBT_DBT_PROJECTS, now model.dbt_try.create account)
[0m15:34:44.855225 [debug] [Thread-2 (]: Began compiling node model.dbt_try.create account
[0m15:34:44.865605 [debug] [Thread-2 (]: Writing injected SQL for node "model.dbt_try.create account"
[0m15:34:44.866431 [debug] [Thread-2 (]: Began executing node model.dbt_try.create account
[0m15:34:44.922856 [debug] [Thread-2 (]: Writing runtime sql for node "model.dbt_try.create account"
[0m15:34:44.924436 [debug] [Thread-2 (]: Using snowflake connection "model.dbt_try.create account"
[0m15:34:44.925138 [debug] [Thread-2 (]: On model.dbt_try.create account: /* {"app": "dbt", "dbt_version": "1.9.4", "profile_name": "dbt_try", "target_name": "dev", "node_id": "model.dbt_try.create account"} */
create or replace   view DBT.DBT_PROJECTS.create account
  
   as (
    create table dbt_projects.bank_account 
(accound_id int,account_num varchar,routing_num varchar,customer_id int,CONSTRAINT fk_customer_id FOREIGN KEY (customer_id) REFERENCES dbt.dbt_projects.customer(customer_id)
);
[0m15:34:44.925793 [debug] [Thread-2 (]: Opening a new connection, currently in state init
[0m15:34:45.293503 [debug] [Thread-2 (]: Snowflake adapter: Snowflake query id: 01c0d5c6-0000-5191-0000-0012cccb3555
[0m15:34:45.294251 [debug] [Thread-2 (]: Snowflake adapter: Snowflake error: 001003 (42000): SQL compilation error:
syntax error line 1 at position 41 unexpected '.'.
[0m15:34:45.300384 [debug] [Thread-2 (]: Database Error in model create account (models/tables/create account.sql)
  001003 (42000): SQL compilation error:
  syntax error line 1 at position 41 unexpected '.'.
  compiled code at /tmp/dbt/target/run/dbt_try/models/tables/create account.sql
[0m15:34:45.303870 [error] [Thread-2 (]: 1 of 2 ERROR creating sql view model DBT_PROJECTS.create account ............... [[31mERROR[0m in 0.45s]
[0m15:34:45.304823 [debug] [Thread-2 (]: Finished running node model.dbt_try.create account
[0m15:34:45.305589 [debug] [Thread-2 (]: Began running node model.dbt_try.create customer
[0m15:34:45.306444 [debug] [Thread-5 (]: Marking all children of 'model.dbt_try.create account' to be skipped because of status 'error'.  Reason: Database Error in model create account (models/tables/create account.sql)
  001003 (42000): SQL compilation error:
  syntax error line 1 at position 41 unexpected '.'.
  compiled code at /tmp/dbt/target/run/dbt_try/models/tables/create account.sql.
[0m15:34:45.307423 [info ] [Thread-2 (]: 2 of 2 START sql view model DBT_PROJECTS.create customer ....................... [RUN]
[0m15:34:45.308909 [debug] [Thread-2 (]: Re-using an available connection from the pool (formerly model.dbt_try.create account, now model.dbt_try.create customer)
[0m15:34:45.309556 [debug] [Thread-2 (]: Began compiling node model.dbt_try.create customer
[0m15:34:45.314661 [debug] [Thread-2 (]: Writing injected SQL for node "model.dbt_try.create customer"
[0m15:34:45.315511 [debug] [Thread-2 (]: Began executing node model.dbt_try.create customer
[0m15:34:45.321399 [debug] [Thread-2 (]: Writing runtime sql for node "model.dbt_try.create customer"
[0m15:34:45.322666 [debug] [Thread-2 (]: Using snowflake connection "model.dbt_try.create customer"
[0m15:34:45.323293 [debug] [Thread-2 (]: On model.dbt_try.create customer: /* {"app": "dbt", "dbt_version": "1.9.4", "profile_name": "dbt_try", "target_name": "dev", "node_id": "model.dbt_try.create customer"} */
create or replace   view DBT.DBT_PROJECTS.create customer
  
   as (
    create or replace table dbt_projects.customer (customer_id int primary key, customer_name varchar);
[0m15:34:45.323874 [debug] [Thread-2 (]: Opening a new connection, currently in state init
[0m15:34:45.756956 [debug] [Thread-2 (]: Snowflake adapter: Snowflake query id: 01c0d5c6-0000-5191-0000-0012cccb3571
[0m15:34:45.757777 [debug] [Thread-2 (]: Snowflake adapter: Snowflake error: 001003 (42000): SQL compilation error:
syntax error line 1 at position 41 unexpected '.'.
[0m15:34:45.763525 [debug] [Thread-2 (]: Database Error in model create customer (models/tables/create customer.sql)
  001003 (42000): SQL compilation error:
  syntax error line 1 at position 41 unexpected '.'.
  compiled code at /tmp/dbt/target/run/dbt_try/models/tables/create customer.sql
[0m15:34:45.764861 [error] [Thread-2 (]: 2 of 2 ERROR creating sql view model DBT_PROJECTS.create customer .............. [[31mERROR[0m in 0.46s]
[0m15:34:45.766254 [debug] [Thread-2 (]: Finished running node model.dbt_try.create customer
[0m15:34:45.767194 [debug] [Thread-5 (]: Marking all children of 'model.dbt_try.create customer' to be skipped because of status 'error'.  Reason: Database Error in model create customer (models/tables/create customer.sql)
  001003 (42000): SQL compilation error:
  syntax error line 1 at position 41 unexpected '.'.
  compiled code at /tmp/dbt/target/run/dbt_try/models/tables/create customer.sql.
[0m15:34:45.769919 [debug] [Dummy-1   ]: Connection 'master' was properly closed.
[0m15:34:45.770446 [debug] [Dummy-1   ]: Connection 'list_DBT' was properly closed.
[0m15:34:45.770930 [debug] [Dummy-1   ]: Connection 'model.dbt_try.create customer' was properly closed.
[0m15:34:45.771566 [info ] [Dummy-1   ]: 
[0m15:34:45.772135 [info ] [Dummy-1   ]: Finished running 2 view models in 0 hours 0 minutes and 2.40 seconds (2.40s).
[0m15:34:45.773299 [debug] [Dummy-1   ]: Command end result
[0m15:34:45.805059 [debug] [Dummy-1   ]: Wrote artifact WritableManifest to /tmp/dbt/target/manifest.json
[0m15:34:45.807528 [debug] [Dummy-1   ]: Wrote artifact SemanticManifest to /tmp/dbt/target/semantic_manifest.json
[0m15:34:45.815696 [debug] [Dummy-1   ]: Wrote artifact RunExecutionResult to /tmp/dbt/target/run_results.json
[0m15:34:45.816316 [info ] [Dummy-1   ]: 
[0m15:34:45.817011 [info ] [Dummy-1   ]: [31mCompleted with 2 errors, 0 partial successes, and 0 warnings:[0m
[0m15:34:45.817590 [info ] [Dummy-1   ]: 
[0m15:34:45.818440 [error] [Dummy-1   ]:   Database Error in model create account (models/tables/create account.sql)
  001003 (42000): SQL compilation error:
  syntax error line 1 at position 41 unexpected '.'.
  compiled code at /tmp/dbt/target/run/dbt_try/models/tables/create account.sql
[0m15:34:45.819043 [info ] [Dummy-1   ]: 
[0m15:34:45.819737 [error] [Dummy-1   ]:   Database Error in model create customer (models/tables/create customer.sql)
  001003 (42000): SQL compilation error:
  syntax error line 1 at position 41 unexpected '.'.
  compiled code at /tmp/dbt/target/run/dbt_try/models/tables/create customer.sql
[0m15:34:45.820414 [info ] [Dummy-1   ]: 
[0m15:34:45.820997 [info ] [Dummy-1   ]: Done. PASS=0 WARN=0 ERROR=2 SKIP=0 TOTAL=2
[0m15:34:45.823266 [debug] [Dummy-1   ]: Resource report: {"command_name": "build", "command_success": false, "command_wall_clock_time": 4.599615, "process_in_blocks": "0", "process_kernel_time": 1.33, "process_mem_max_rss": "482784", "process_out_blocks": "0", "process_user_time": 5.68}
[0m15:34:45.823994 [debug] [Dummy-1   ]: Command `cli build` failed at 15:34:45.823718 after 4.60 seconds
[0m15:34:45.824624 [debug] [Dummy-1   ]: Flushing usage events


============================== 15:36:04.450782 | 0570592b-3e98-4f4b-b3f3-76d6ec920333 ==============================
[0m15:36:04.450782 [info ] [Dummy-1   ]: Running with dbt=1.9.4
[0m15:36:04.451892 [debug] [Dummy-1   ]: running dbt with arguments {'printer_width': '80', 'indirect_selection': 'eager', 'write_json': 'True', 'log_cache_events': 'False', 'partial_parse': 'True', 'cache_selected_only': 'False', 'warn_error': 'None', 'fail_fast': 'False', 'debug': 'False', 'log_path': '/tmp/dbt/logs', 'profiles_dir': '/tmp/dbt/', 'version_check': 'True', 'use_colors': 'True', 'use_experimental_parser': 'False', 'no_print': 'None', 'quiet': 'False', 'empty': 'False', 'log_format': 'default', 'static_parser': 'True', 'introspect': 'True', 'invocation_command': 'dbt ', 'target_path': '/tmp/dbt/target/', 'warn_error_options': 'WarnErrorOptions(include=[], exclude=[])', 'send_anonymous_usage_stats': 'False'}
[0m15:36:04.536956 [warn ] [Dummy-1   ]: [[33mWARNING[0m]: Deprecated functionality
The `target-path` config in `dbt_project.yml` has been deprecated, and will no
longer be supported in a future version of dbt-core. If you wish to write dbt
artifacts to a custom directory, please use the --target-path CLI flag or
DBT_TARGET_PATH env var instead.
[0m15:36:04.820248 [info ] [Dummy-1   ]: Registered adapter: snowflake=1.9.2
[0m15:36:05.569124 [debug] [Dummy-1   ]: checksum: 53ed91fada2233efb98368d1716b44ab532c83a9c293cf1890b7905d5b45fb25, vars: {}, profile: , target: dev, version: 1.9.4
[0m15:36:05.778013 [debug] [Dummy-1   ]: Partial parsing enabled: 0 files deleted, 0 files added, 2 files changed.
[0m15:36:05.779066 [debug] [Dummy-1   ]: Partial parsing: updated file: dbt_try://models/tables/create customer.sql
[0m15:36:05.779756 [debug] [Dummy-1   ]: Partial parsing: updated file: dbt_try://models/tables/create account.sql
[0m15:36:06.330415 [warn ] [Dummy-1   ]: [[33mWARNING[0m]: Found spaces in the name of `model.dbt_try.create customer`
[0m15:36:06.331281 [warn ] [Dummy-1   ]: [[33mWARNING[0m]: Spaces found in 2 resource name(s). This is deprecated, and
may lead to errors when using dbt. Run again with `--debug` to see them all. For
more information:
https://docs.getdbt.com/reference/global-configs/legacy-behaviors
[0m15:36:06.332393 [warn ] [Dummy-1   ]: [[33mWARNING[0m]: Configuration paths exist in your dbt_project.yml file which do not apply to any resources.
There are 1 unused configuration paths:
- models.dbt_projects.models
[0m15:36:06.417969 [debug] [Dummy-1   ]: Wrote artifact WritableManifest to /tmp/dbt/target/manifest.json
[0m15:36:06.420589 [debug] [Dummy-1   ]: Wrote artifact SemanticManifest to /tmp/dbt/target/semantic_manifest.json
[0m15:36:06.500003 [info ] [Dummy-1   ]: Found 2 models, 474 macros
[0m15:36:06.502653 [info ] [Dummy-1   ]: 
[0m15:36:06.503300 [info ] [Dummy-1   ]: Concurrency: 1 threads (target='dev')
[0m15:36:06.503881 [info ] [Dummy-1   ]: 
[0m15:36:06.504769 [debug] [Dummy-1   ]: Acquiring new snowflake connection 'master'
[0m15:36:06.512070 [debug] [ThreadPool]: Acquiring new snowflake connection 'list_DBT'
[0m15:36:06.655714 [debug] [ThreadPool]: Using snowflake connection "list_DBT"
[0m15:36:06.656354 [debug] [ThreadPool]: On list_DBT: /* {"app": "dbt", "dbt_version": "1.9.4", "profile_name": "dbt_try", "target_name": "dev", "connection_name": "list_DBT"} */
show terse schemas in database DBT
    limit 10000
[0m15:36:06.656854 [debug] [ThreadPool]: Opening a new connection, currently in state init
[0m15:36:07.072769 [debug] [ThreadPool]: SQL status: SUCCESS 3 in 0.416 seconds
[0m15:36:07.089765 [debug] [ThreadPool]: Acquiring new snowflake connection 'list_DBT_DBT_PROJECTS'
[0m15:36:07.107093 [debug] [ThreadPool]: Using snowflake connection "list_DBT_DBT_PROJECTS"
[0m15:36:07.107744 [debug] [ThreadPool]: On list_DBT_DBT_PROJECTS: /* {"app": "dbt", "dbt_version": "1.9.4", "profile_name": "dbt_try", "target_name": "dev", "connection_name": "list_DBT_DBT_PROJECTS"} */
alter session set quoted_identifiers_ignore_case = false;
[0m15:36:07.108235 [debug] [ThreadPool]: Opening a new connection, currently in state init
[0m15:36:07.511871 [debug] [ThreadPool]: SQL status: SUCCESS 1 in 0.403 seconds
[0m15:36:07.517674 [debug] [ThreadPool]: Using snowflake connection "list_DBT_DBT_PROJECTS"
[0m15:36:07.518378 [debug] [ThreadPool]: On list_DBT_DBT_PROJECTS: /* {"app": "dbt", "dbt_version": "1.9.4", "profile_name": "dbt_try", "target_name": "dev", "connection_name": "list_DBT_DBT_PROJECTS"} */
show objects in DBT.DBT_PROJECTS
    limit 10000
    
;
[0m15:36:07.591091 [debug] [ThreadPool]: SQL status: SUCCESS 2 in 0.072 seconds
[0m15:36:07.593835 [debug] [ThreadPool]: Using snowflake connection "list_DBT_DBT_PROJECTS"
[0m15:36:07.594430 [debug] [ThreadPool]: On list_DBT_DBT_PROJECTS: /* {"app": "dbt", "dbt_version": "1.9.4", "profile_name": "dbt_try", "target_name": "dev", "connection_name": "list_DBT_DBT_PROJECTS"} */
alter session unset quoted_identifiers_ignore_case;
[0m15:36:07.638713 [debug] [ThreadPool]: SQL status: SUCCESS 1 in 0.043 seconds
[0m15:36:07.647502 [debug] [Thread-2 (]: Began running node model.dbt_try.create account
[0m15:36:07.648491 [info ] [Thread-2 (]: 1 of 2 START sql view model DBT_PROJECTS.create account ........................ [RUN]
[0m15:36:07.649275 [debug] [Thread-2 (]: Re-using an available connection from the pool (formerly list_DBT_DBT_PROJECTS, now model.dbt_try.create account)
[0m15:36:07.649884 [debug] [Thread-2 (]: Began compiling node model.dbt_try.create account
[0m15:36:07.660369 [debug] [Thread-2 (]: Writing injected SQL for node "model.dbt_try.create account"
[0m15:36:07.661354 [debug] [Thread-2 (]: Began executing node model.dbt_try.create account
[0m15:36:07.739148 [debug] [Thread-2 (]: Writing runtime sql for node "model.dbt_try.create account"
[0m15:36:07.740810 [debug] [Thread-2 (]: Using snowflake connection "model.dbt_try.create account"
[0m15:36:07.741518 [debug] [Thread-2 (]: On model.dbt_try.create account: /* {"app": "dbt", "dbt_version": "1.9.4", "profile_name": "dbt_try", "target_name": "dev", "node_id": "model.dbt_try.create account"} */
create or replace   view DBT.DBT_PROJECTS.create account
  
   as (
    create table dbt_projects.bank_account 
(accound_id int,account_num varchar,routing_num varchar,customer_id int,CONSTRAINT fk_customer_id FOREIGN KEY (customer_id) REFERENCES customer(customer_id)
);
[0m15:36:07.742181 [debug] [Thread-2 (]: Opening a new connection, currently in state init
[0m15:36:08.105710 [debug] [Thread-2 (]: Snowflake adapter: Snowflake query id: 01c0d5c8-0000-518e-0000-0012cccb45dd
[0m15:36:08.106468 [debug] [Thread-2 (]: Snowflake adapter: Snowflake error: 001003 (42000): SQL compilation error:
syntax error line 1 at position 41 unexpected '.'.
[0m15:36:08.112650 [debug] [Thread-2 (]: Database Error in model create account (models/tables/create account.sql)
  001003 (42000): SQL compilation error:
  syntax error line 1 at position 41 unexpected '.'.
  compiled code at /tmp/dbt/target/run/dbt_try/models/tables/create account.sql
[0m15:36:08.116095 [error] [Thread-2 (]: 1 of 2 ERROR creating sql view model DBT_PROJECTS.create account ............... [[31mERROR[0m in 0.46s]
[0m15:36:08.117049 [debug] [Thread-2 (]: Finished running node model.dbt_try.create account
[0m15:36:08.117805 [debug] [Thread-2 (]: Began running node model.dbt_try.create customer
[0m15:36:08.118721 [debug] [Thread-5 (]: Marking all children of 'model.dbt_try.create account' to be skipped because of status 'error'.  Reason: Database Error in model create account (models/tables/create account.sql)
  001003 (42000): SQL compilation error:
  syntax error line 1 at position 41 unexpected '.'.
  compiled code at /tmp/dbt/target/run/dbt_try/models/tables/create account.sql.
[0m15:36:08.119610 [info ] [Thread-2 (]: 2 of 2 START sql view model DBT_PROJECTS.create customer ....................... [RUN]
[0m15:36:08.120941 [debug] [Thread-2 (]: Re-using an available connection from the pool (formerly model.dbt_try.create account, now model.dbt_try.create customer)
[0m15:36:08.121563 [debug] [Thread-2 (]: Began compiling node model.dbt_try.create customer
[0m15:36:08.126499 [debug] [Thread-2 (]: Writing injected SQL for node "model.dbt_try.create customer"
[0m15:36:08.127351 [debug] [Thread-2 (]: Began executing node model.dbt_try.create customer
[0m15:36:08.133100 [debug] [Thread-2 (]: Writing runtime sql for node "model.dbt_try.create customer"
[0m15:36:08.134423 [debug] [Thread-2 (]: Using snowflake connection "model.dbt_try.create customer"
[0m15:36:08.135031 [debug] [Thread-2 (]: On model.dbt_try.create customer: /* {"app": "dbt", "dbt_version": "1.9.4", "profile_name": "dbt_try", "target_name": "dev", "node_id": "model.dbt_try.create customer"} */
create or replace   view DBT.DBT_PROJECTS.create customer
  
   as (
    create or replace table customer (customer_id int primary key, customer_name varchar);
[0m15:36:08.135578 [debug] [Thread-2 (]: Opening a new connection, currently in state init
[0m15:36:08.482502 [debug] [Thread-2 (]: Snowflake adapter: Snowflake query id: 01c0d5c8-0000-518e-0000-0012cccb45f9
[0m15:36:08.483231 [debug] [Thread-2 (]: Snowflake adapter: Snowflake error: 001003 (42000): SQL compilation error:
syntax error line 1 at position 41 unexpected '.'.
[0m15:36:08.488780 [debug] [Thread-2 (]: Database Error in model create customer (models/tables/create customer.sql)
  001003 (42000): SQL compilation error:
  syntax error line 1 at position 41 unexpected '.'.
  compiled code at /tmp/dbt/target/run/dbt_try/models/tables/create customer.sql
[0m15:36:08.490219 [error] [Thread-2 (]: 2 of 2 ERROR creating sql view model DBT_PROJECTS.create customer .............. [[31mERROR[0m in 0.37s]
[0m15:36:08.491134 [debug] [Thread-2 (]: Finished running node model.dbt_try.create customer
[0m15:36:08.492000 [debug] [Thread-5 (]: Marking all children of 'model.dbt_try.create customer' to be skipped because of status 'error'.  Reason: Database Error in model create customer (models/tables/create customer.sql)
  001003 (42000): SQL compilation error:
  syntax error line 1 at position 41 unexpected '.'.
  compiled code at /tmp/dbt/target/run/dbt_try/models/tables/create customer.sql.
[0m15:36:08.494861 [debug] [Dummy-1   ]: Connection 'master' was properly closed.
[0m15:36:08.495409 [debug] [Dummy-1   ]: Connection 'list_DBT' was properly closed.
[0m15:36:08.495871 [debug] [Dummy-1   ]: Connection 'model.dbt_try.create customer' was properly closed.
[0m15:36:08.496507 [info ] [Dummy-1   ]: 
[0m15:36:08.497032 [info ] [Dummy-1   ]: Finished running 2 view models in 0 hours 0 minutes and 1.99 seconds (1.99s).
[0m15:36:08.498197 [debug] [Dummy-1   ]: Command end result
[0m15:36:08.528922 [debug] [Dummy-1   ]: Wrote artifact WritableManifest to /tmp/dbt/target/manifest.json
[0m15:36:08.531157 [debug] [Dummy-1   ]: Wrote artifact SemanticManifest to /tmp/dbt/target/semantic_manifest.json
[0m15:36:08.538935 [debug] [Dummy-1   ]: Wrote artifact RunExecutionResult to /tmp/dbt/target/run_results.json
[0m15:36:08.539464 [info ] [Dummy-1   ]: 
[0m15:36:08.540107 [info ] [Dummy-1   ]: [31mCompleted with 2 errors, 0 partial successes, and 0 warnings:[0m
[0m15:36:08.540606 [info ] [Dummy-1   ]: 
[0m15:36:08.541230 [error] [Dummy-1   ]:   Database Error in model create account (models/tables/create account.sql)
  001003 (42000): SQL compilation error:
  syntax error line 1 at position 41 unexpected '.'.
  compiled code at /tmp/dbt/target/run/dbt_try/models/tables/create account.sql
[0m15:36:08.541754 [info ] [Dummy-1   ]: 
[0m15:36:08.542350 [error] [Dummy-1   ]:   Database Error in model create customer (models/tables/create customer.sql)
  001003 (42000): SQL compilation error:
  syntax error line 1 at position 41 unexpected '.'.
  compiled code at /tmp/dbt/target/run/dbt_try/models/tables/create customer.sql
[0m15:36:08.542814 [info ] [Dummy-1   ]: 
[0m15:36:08.543313 [info ] [Dummy-1   ]: Done. PASS=0 WARN=0 ERROR=2 SKIP=0 TOTAL=2
[0m15:36:08.546290 [debug] [Dummy-1   ]: Resource report: {"command_name": "build", "command_success": false, "command_wall_clock_time": 4.1907525, "process_in_blocks": "0", "process_kernel_time": 1.5, "process_mem_max_rss": "486460", "process_out_blocks": "0", "process_user_time": 5.39}
[0m15:36:08.546995 [debug] [Dummy-1   ]: Command `cli build` failed at 15:36:08.546716 after 4.19 seconds
[0m15:36:08.547610 [debug] [Dummy-1   ]: Flushing usage events


============================== 15:37:33.748995 | 1602afab-8ae9-46fe-9e82-c77fc40150a8 ==============================
[0m15:37:33.748995 [info ] [Dummy-1   ]: Running with dbt=1.9.4
[0m15:37:33.750258 [debug] [Dummy-1   ]: running dbt with arguments {'printer_width': '80', 'indirect_selection': 'eager', 'write_json': 'True', 'log_cache_events': 'False', 'partial_parse': 'True', 'cache_selected_only': 'False', 'warn_error': 'None', 'debug': 'False', 'fail_fast': 'False', 'log_path': '/tmp/dbt/logs', 'version_check': 'True', 'profiles_dir': '/tmp/dbt/', 'use_colors': 'True', 'use_experimental_parser': 'False', 'empty': 'False', 'quiet': 'False', 'no_print': 'None', 'warn_error_options': 'WarnErrorOptions(include=[], exclude=[])', 'introspect': 'True', 'static_parser': 'True', 'log_format': 'default', 'target_path': '/tmp/dbt/target/', 'invocation_command': 'dbt ', 'send_anonymous_usage_stats': 'False'}
[0m15:37:33.840066 [warn ] [Dummy-1   ]: [[33mWARNING[0m]: Deprecated functionality
The `target-path` config in `dbt_project.yml` has been deprecated, and will no
longer be supported in a future version of dbt-core. If you wish to write dbt
artifacts to a custom directory, please use the --target-path CLI flag or
DBT_TARGET_PATH env var instead.
[0m15:37:34.137620 [info ] [Dummy-1   ]: Registered adapter: snowflake=1.9.2
[0m15:37:34.925921 [debug] [Dummy-1   ]: checksum: 53ed91fada2233efb98368d1716b44ab532c83a9c293cf1890b7905d5b45fb25, vars: {}, profile: , target: dev, version: 1.9.4
[0m15:37:35.155403 [debug] [Dummy-1   ]: Partial parsing enabled: 0 files deleted, 0 files added, 1 files changed.
[0m15:37:35.156423 [debug] [Dummy-1   ]: Partial parsing: updated file: dbt_try://models/tables/create account.sql
[0m15:37:35.741811 [warn ] [Dummy-1   ]: [[33mWARNING[0m]: Found spaces in the name of `model.dbt_try.create customer`
[0m15:37:35.742771 [warn ] [Dummy-1   ]: [[33mWARNING[0m]: Spaces found in 2 resource name(s). This is deprecated, and
may lead to errors when using dbt. Run again with `--debug` to see them all. For
more information:
https://docs.getdbt.com/reference/global-configs/legacy-behaviors
[0m15:37:35.744061 [warn ] [Dummy-1   ]: [[33mWARNING[0m]: Configuration paths exist in your dbt_project.yml file which do not apply to any resources.
There are 1 unused configuration paths:
- models.dbt_projects.models
[0m15:37:35.832963 [debug] [Dummy-1   ]: Wrote artifact WritableManifest to /tmp/dbt/target/manifest.json
[0m15:37:35.835746 [debug] [Dummy-1   ]: Wrote artifact SemanticManifest to /tmp/dbt/target/semantic_manifest.json
[0m15:37:35.920232 [info ] [Dummy-1   ]: Found 2 models, 474 macros
[0m15:37:35.923031 [info ] [Dummy-1   ]: 
[0m15:37:35.923660 [info ] [Dummy-1   ]: Concurrency: 1 threads (target='dev')
[0m15:37:35.924167 [info ] [Dummy-1   ]: 
[0m15:37:35.925022 [debug] [Dummy-1   ]: Acquiring new snowflake connection 'master'
[0m15:37:35.932490 [debug] [ThreadPool]: Acquiring new snowflake connection 'list_DBT'
[0m15:37:36.070103 [debug] [ThreadPool]: Using snowflake connection "list_DBT"
[0m15:37:36.070799 [debug] [ThreadPool]: On list_DBT: /* {"app": "dbt", "dbt_version": "1.9.4", "profile_name": "dbt_try", "target_name": "dev", "connection_name": "list_DBT"} */
show terse schemas in database DBT
    limit 10000
[0m15:37:36.071399 [debug] [ThreadPool]: Opening a new connection, currently in state init
[0m15:37:36.514182 [debug] [ThreadPool]: SQL status: SUCCESS 3 in 0.443 seconds
[0m15:37:36.539671 [debug] [ThreadPool]: Acquiring new snowflake connection 'list_DBT_DBT_PROJECTS'
[0m15:37:36.557090 [debug] [ThreadPool]: Using snowflake connection "list_DBT_DBT_PROJECTS"
[0m15:37:36.557756 [debug] [ThreadPool]: On list_DBT_DBT_PROJECTS: /* {"app": "dbt", "dbt_version": "1.9.4", "profile_name": "dbt_try", "target_name": "dev", "connection_name": "list_DBT_DBT_PROJECTS"} */
alter session set quoted_identifiers_ignore_case = false;
[0m15:37:36.558263 [debug] [ThreadPool]: Opening a new connection, currently in state init
[0m15:37:37.058927 [debug] [ThreadPool]: SQL status: SUCCESS 1 in 0.500 seconds
[0m15:37:37.064835 [debug] [ThreadPool]: Using snowflake connection "list_DBT_DBT_PROJECTS"
[0m15:37:37.065556 [debug] [ThreadPool]: On list_DBT_DBT_PROJECTS: /* {"app": "dbt", "dbt_version": "1.9.4", "profile_name": "dbt_try", "target_name": "dev", "connection_name": "list_DBT_DBT_PROJECTS"} */
show objects in DBT.DBT_PROJECTS
    limit 10000
    
;
[0m15:37:37.154057 [debug] [ThreadPool]: SQL status: SUCCESS 2 in 0.088 seconds
[0m15:37:37.156748 [debug] [ThreadPool]: Using snowflake connection "list_DBT_DBT_PROJECTS"
[0m15:37:37.157357 [debug] [ThreadPool]: On list_DBT_DBT_PROJECTS: /* {"app": "dbt", "dbt_version": "1.9.4", "profile_name": "dbt_try", "target_name": "dev", "connection_name": "list_DBT_DBT_PROJECTS"} */
alter session unset quoted_identifiers_ignore_case;
[0m15:37:37.206205 [debug] [ThreadPool]: SQL status: SUCCESS 1 in 0.048 seconds
[0m15:37:37.215271 [debug] [Thread-2 (]: Began running node model.dbt_try.create account
[0m15:37:37.216258 [info ] [Thread-2 (]: 1 of 2 START sql view model DBT_PROJECTS.create account ........................ [RUN]
[0m15:37:37.217080 [debug] [Thread-2 (]: Re-using an available connection from the pool (formerly list_DBT_DBT_PROJECTS, now model.dbt_try.create account)
[0m15:37:37.217730 [debug] [Thread-2 (]: Began compiling node model.dbt_try.create account
[0m15:37:37.228621 [debug] [Thread-2 (]: Writing injected SQL for node "model.dbt_try.create account"
[0m15:37:37.229627 [debug] [Thread-2 (]: Began executing node model.dbt_try.create account
[0m15:37:37.305512 [debug] [Thread-2 (]: Writing runtime sql for node "model.dbt_try.create account"
[0m15:37:37.307116 [debug] [Thread-2 (]: Using snowflake connection "model.dbt_try.create account"
[0m15:37:37.308001 [debug] [Thread-2 (]: On model.dbt_try.create account: /* {"app": "dbt", "dbt_version": "1.9.4", "profile_name": "dbt_try", "target_name": "dev", "node_id": "model.dbt_try.create account"} */
create or replace   view DBT.DBT_PROJECTS.create account
  
   as (
    create table dbt_projects.bank_account(accound_id int,account_num varchar,routing_num varchar,customer_id int,CONSTRAINT fk_customer_id FOREIGN KEY (customer_id) REFERENCES customer(customer_id));
[0m15:37:37.308887 [debug] [Thread-2 (]: Opening a new connection, currently in state init
[0m15:37:37.723298 [debug] [Thread-2 (]: Snowflake adapter: Snowflake query id: 01c0d5c9-0000-51b7-0000-0012cccb55d5
[0m15:37:37.724064 [debug] [Thread-2 (]: Snowflake adapter: Snowflake error: 001003 (42000): SQL compilation error:
syntax error line 1 at position 41 unexpected '.'.
[0m15:37:37.730296 [debug] [Thread-2 (]: Database Error in model create account (models/tables/create account.sql)
  001003 (42000): SQL compilation error:
  syntax error line 1 at position 41 unexpected '.'.
  compiled code at /tmp/dbt/target/run/dbt_try/models/tables/create account.sql
[0m15:37:37.733817 [error] [Thread-2 (]: 1 of 2 ERROR creating sql view model DBT_PROJECTS.create account ............... [[31mERROR[0m in 0.51s]
[0m15:37:37.734834 [debug] [Thread-2 (]: Finished running node model.dbt_try.create account
[0m15:37:37.735604 [debug] [Thread-2 (]: Began running node model.dbt_try.create customer
[0m15:37:37.736461 [debug] [Thread-5 (]: Marking all children of 'model.dbt_try.create account' to be skipped because of status 'error'.  Reason: Database Error in model create account (models/tables/create account.sql)
  001003 (42000): SQL compilation error:
  syntax error line 1 at position 41 unexpected '.'.
  compiled code at /tmp/dbt/target/run/dbt_try/models/tables/create account.sql.
[0m15:37:37.737382 [info ] [Thread-2 (]: 2 of 2 START sql view model DBT_PROJECTS.create customer ....................... [RUN]
[0m15:37:37.738809 [debug] [Thread-2 (]: Re-using an available connection from the pool (formerly model.dbt_try.create account, now model.dbt_try.create customer)
[0m15:37:37.739425 [debug] [Thread-2 (]: Began compiling node model.dbt_try.create customer
[0m15:37:37.744820 [debug] [Thread-2 (]: Writing injected SQL for node "model.dbt_try.create customer"
[0m15:37:37.745743 [debug] [Thread-2 (]: Began executing node model.dbt_try.create customer
[0m15:37:37.751734 [debug] [Thread-2 (]: Writing runtime sql for node "model.dbt_try.create customer"
[0m15:37:37.753032 [debug] [Thread-2 (]: Using snowflake connection "model.dbt_try.create customer"
[0m15:37:37.753676 [debug] [Thread-2 (]: On model.dbt_try.create customer: /* {"app": "dbt", "dbt_version": "1.9.4", "profile_name": "dbt_try", "target_name": "dev", "node_id": "model.dbt_try.create customer"} */
create or replace   view DBT.DBT_PROJECTS.create customer
  
   as (
    create or replace table customer (customer_id int primary key, customer_name varchar);
[0m15:37:37.754265 [debug] [Thread-2 (]: Opening a new connection, currently in state init
[0m15:37:38.235206 [debug] [Thread-2 (]: Snowflake adapter: Snowflake query id: 01c0d5c9-0000-51b7-0000-0012cccb55f1
[0m15:37:38.235987 [debug] [Thread-2 (]: Snowflake adapter: Snowflake error: 001003 (42000): SQL compilation error:
syntax error line 1 at position 41 unexpected '.'.
[0m15:37:38.242051 [debug] [Thread-2 (]: Database Error in model create customer (models/tables/create customer.sql)
  001003 (42000): SQL compilation error:
  syntax error line 1 at position 41 unexpected '.'.
  compiled code at /tmp/dbt/target/run/dbt_try/models/tables/create customer.sql
[0m15:37:38.243526 [error] [Thread-2 (]: 2 of 2 ERROR creating sql view model DBT_PROJECTS.create customer .............. [[31mERROR[0m in 0.50s]
[0m15:37:38.244463 [debug] [Thread-2 (]: Finished running node model.dbt_try.create customer
[0m15:37:38.245477 [debug] [Thread-5 (]: Marking all children of 'model.dbt_try.create customer' to be skipped because of status 'error'.  Reason: Database Error in model create customer (models/tables/create customer.sql)
  001003 (42000): SQL compilation error:
  syntax error line 1 at position 41 unexpected '.'.
  compiled code at /tmp/dbt/target/run/dbt_try/models/tables/create customer.sql.
[0m15:37:38.270276 [debug] [Dummy-1   ]: Connection 'master' was properly closed.
[0m15:37:38.270900 [debug] [Dummy-1   ]: Connection 'list_DBT' was properly closed.
[0m15:37:38.271426 [debug] [Dummy-1   ]: Connection 'model.dbt_try.create customer' was properly closed.
[0m15:37:38.272127 [info ] [Dummy-1   ]: 
[0m15:37:38.272727 [info ] [Dummy-1   ]: Finished running 2 view models in 0 hours 0 minutes and 2.35 seconds (2.35s).
[0m15:37:38.273932 [debug] [Dummy-1   ]: Command end result
[0m15:37:38.305564 [debug] [Dummy-1   ]: Wrote artifact WritableManifest to /tmp/dbt/target/manifest.json
[0m15:37:38.308166 [debug] [Dummy-1   ]: Wrote artifact SemanticManifest to /tmp/dbt/target/semantic_manifest.json
[0m15:37:38.316282 [debug] [Dummy-1   ]: Wrote artifact RunExecutionResult to /tmp/dbt/target/run_results.json
[0m15:37:38.316857 [info ] [Dummy-1   ]: 
[0m15:37:38.317566 [info ] [Dummy-1   ]: [31mCompleted with 2 errors, 0 partial successes, and 0 warnings:[0m
[0m15:37:38.318099 [info ] [Dummy-1   ]: 
[0m15:37:38.318860 [error] [Dummy-1   ]:   Database Error in model create account (models/tables/create account.sql)
  001003 (42000): SQL compilation error:
  syntax error line 1 at position 41 unexpected '.'.
  compiled code at /tmp/dbt/target/run/dbt_try/models/tables/create account.sql
[0m15:37:38.319394 [info ] [Dummy-1   ]: 
[0m15:37:38.320012 [error] [Dummy-1   ]:   Database Error in model create customer (models/tables/create customer.sql)
  001003 (42000): SQL compilation error:
  syntax error line 1 at position 41 unexpected '.'.
  compiled code at /tmp/dbt/target/run/dbt_try/models/tables/create customer.sql
[0m15:37:38.320499 [info ] [Dummy-1   ]: 
[0m15:37:38.321015 [info ] [Dummy-1   ]: Done. PASS=0 WARN=0 ERROR=2 SKIP=0 TOTAL=2
[0m15:37:38.322947 [debug] [Dummy-1   ]: Resource report: {"command_name": "build", "command_success": false, "command_wall_clock_time": 4.6745787, "process_in_blocks": "0", "process_kernel_time": 1.48, "process_mem_max_rss": "490280", "process_out_blocks": "0", "process_user_time": 5.87}
[0m15:37:38.323650 [debug] [Dummy-1   ]: Command `cli build` failed at 15:37:38.323373 after 4.68 seconds
[0m15:37:38.324222 [debug] [Dummy-1   ]: Flushing usage events


============================== 07:43:46.114980 | 80cba9bd-e97f-4c7b-a3f0-e4e94f37d75e ==============================
[0m07:43:46.114980 [info ] [Dummy-1   ]: Running with dbt=1.9.4
[0m07:43:46.116064 [debug] [Dummy-1   ]: running dbt with arguments {'printer_width': '80', 'indirect_selection': 'eager', 'log_cache_events': 'False', 'write_json': 'True', 'partial_parse': 'True', 'cache_selected_only': 'False', 'warn_error': 'None', 'version_check': 'True', 'profiles_dir': '/tmp/dbt/', 'log_path': '/tmp/dbt/logs', 'fail_fast': 'False', 'debug': 'False', 'use_colors': 'True', 'use_experimental_parser': 'False', 'empty': 'False', 'quiet': 'False', 'no_print': 'None', 'warn_error_options': 'WarnErrorOptions(include=[], exclude=[])', 'introspect': 'True', 'invocation_command': 'dbt ', 'static_parser': 'True', 'target_path': '/tmp/dbt/target/', 'log_format': 'default', 'send_anonymous_usage_stats': 'False'}
[0m07:43:46.199153 [warn ] [Dummy-1   ]: [[33mWARNING[0m]: Deprecated functionality
The `target-path` config in `dbt_project.yml` has been deprecated, and will no
longer be supported in a future version of dbt-core. If you wish to write dbt
artifacts to a custom directory, please use the --target-path CLI flag or
DBT_TARGET_PATH env var instead.
[0m07:43:46.472043 [info ] [Dummy-1   ]: Registered adapter: snowflake=1.9.2
[0m07:43:47.229392 [debug] [Dummy-1   ]: checksum: 53ed91fada2233efb98368d1716b44ab532c83a9c293cf1890b7905d5b45fb25, vars: {}, profile: , target: dev, version: 1.9.4
[0m07:43:47.350318 [info ] [Dummy-1   ]: Unable to do partial parsing because a project config has changed
[0m07:43:48.899014 [debug] [Dummy-1   ]: Wrote artifact WritableManifest to /tmp/dbt/target/manifest.json
[0m07:43:48.901442 [debug] [Dummy-1   ]: Wrote artifact SemanticManifest to /tmp/dbt/target/semantic_manifest.json
[0m07:43:48.975856 [info ] [Dummy-1   ]: Found 1 model, 474 macros
[0m07:43:48.978769 [info ] [Dummy-1   ]: 
[0m07:43:48.979360 [info ] [Dummy-1   ]: Concurrency: 1 threads (target='dev')
[0m07:43:48.979880 [info ] [Dummy-1   ]: 
[0m07:43:48.980684 [debug] [Dummy-1   ]: Acquiring new snowflake connection 'master'
[0m07:43:48.982454 [debug] [ThreadPool]: Acquiring new snowflake connection 'list_DBT'
[0m07:43:49.114539 [debug] [ThreadPool]: Using snowflake connection "list_DBT"
[0m07:43:49.115222 [debug] [ThreadPool]: On list_DBT: /* {"app": "dbt", "dbt_version": "1.9.4", "profile_name": "dbt_try", "target_name": "dev", "connection_name": "list_DBT"} */
show terse schemas in database DBT
    limit 10000
[0m07:43:49.115853 [debug] [ThreadPool]: Opening a new connection, currently in state init
[0m07:43:49.481959 [debug] [ThreadPool]: SQL status: SUCCESS 3 in 0.366 seconds
[0m07:43:49.484805 [debug] [ThreadPool]: Re-using an available connection from the pool (formerly list_DBT, now create_DBT_DBT_PROJECTS_customer)
[0m07:43:49.485599 [debug] [ThreadPool]: Creating schema "database: "DBT"
schema: "DBT_PROJECTS_customer"
"
[0m07:43:49.493789 [debug] [ThreadPool]: Using snowflake connection "create_DBT_DBT_PROJECTS_customer"
[0m07:43:49.494341 [debug] [ThreadPool]: On create_DBT_DBT_PROJECTS_customer: /* {"app": "dbt", "dbt_version": "1.9.4", "profile_name": "dbt_try", "target_name": "dev", "connection_name": "create_DBT_DBT_PROJECTS_customer"} */
create schema if not exists DBT.DBT_PROJECTS_customer
[0m07:43:49.494822 [debug] [ThreadPool]: Opening a new connection, currently in state init
[0m07:43:49.891587 [debug] [ThreadPool]: SQL status: SUCCESS 1 in 0.397 seconds
[0m07:43:49.909141 [debug] [ThreadPool]: Acquiring new snowflake connection 'list_DBT_DBT_PROJECTS_customer'
[0m07:43:49.925352 [debug] [ThreadPool]: Using snowflake connection "list_DBT_DBT_PROJECTS_customer"
[0m07:43:49.925984 [debug] [ThreadPool]: On list_DBT_DBT_PROJECTS_customer: /* {"app": "dbt", "dbt_version": "1.9.4", "profile_name": "dbt_try", "target_name": "dev", "connection_name": "list_DBT_DBT_PROJECTS_customer"} */
alter session set quoted_identifiers_ignore_case = false;
[0m07:43:49.926468 [debug] [ThreadPool]: Opening a new connection, currently in state init
[0m07:43:50.269099 [debug] [ThreadPool]: SQL status: SUCCESS 1 in 0.342 seconds
[0m07:43:50.274768 [debug] [ThreadPool]: Using snowflake connection "list_DBT_DBT_PROJECTS_customer"
[0m07:43:50.275418 [debug] [ThreadPool]: On list_DBT_DBT_PROJECTS_customer: /* {"app": "dbt", "dbt_version": "1.9.4", "profile_name": "dbt_try", "target_name": "dev", "connection_name": "list_DBT_DBT_PROJECTS_customer"} */
show objects in DBT.DBT_PROJECTS_customer
    limit 10000
    
;
[0m07:43:50.345027 [debug] [ThreadPool]: SQL status: SUCCESS 0 in 0.069 seconds
[0m07:43:50.347416 [debug] [ThreadPool]: Using snowflake connection "list_DBT_DBT_PROJECTS_customer"
[0m07:43:50.348057 [debug] [ThreadPool]: On list_DBT_DBT_PROJECTS_customer: /* {"app": "dbt", "dbt_version": "1.9.4", "profile_name": "dbt_try", "target_name": "dev", "connection_name": "list_DBT_DBT_PROJECTS_customer"} */
alter session unset quoted_identifiers_ignore_case;
[0m07:43:50.389517 [debug] [ThreadPool]: SQL status: SUCCESS 1 in 0.041 seconds
[0m07:43:50.398267 [debug] [Thread-2 (]: Began running node model.dbt_try.customer_view
[0m07:43:50.399218 [info ] [Thread-2 (]: 1 of 1 START sql table model DBT_PROJECTS_customer.customer_view ............... [RUN]
[0m07:43:50.402417 [debug] [Thread-2 (]: Re-using an available connection from the pool (formerly list_DBT_DBT_PROJECTS_customer, now model.dbt_try.customer_view)
[0m07:43:50.403039 [debug] [Thread-2 (]: Began compiling node model.dbt_try.customer_view
[0m07:43:50.412722 [debug] [Thread-2 (]: Writing injected SQL for node "model.dbt_try.customer_view"
[0m07:43:50.413593 [debug] [Thread-2 (]: Began executing node model.dbt_try.customer_view
[0m07:43:50.456115 [debug] [Thread-2 (]: Writing runtime sql for node "model.dbt_try.customer_view"
[0m07:43:50.457552 [debug] [Thread-2 (]: Using snowflake connection "model.dbt_try.customer_view"
[0m07:43:50.458190 [debug] [Thread-2 (]: On model.dbt_try.customer_view: /* {"app": "dbt", "dbt_version": "1.9.4", "profile_name": "dbt_try", "target_name": "dev", "node_id": "model.dbt_try.customer_view"} */
create or replace transient table DBT.DBT_PROJECTS_customer.customer_view
         as
        (select c.customer_name, a,accouny_num, a. routing_num
from customer
join 
bank_account ba
om c.customer_id=ba.customer_id
        );
[0m07:43:50.458893 [debug] [Thread-2 (]: Opening a new connection, currently in state init
[0m07:43:50.822235 [debug] [Thread-2 (]: Snowflake adapter: Snowflake query id: 01c0d98f-0000-5190-0000-0012cccba5cd
[0m07:43:50.822990 [debug] [Thread-2 (]: Snowflake adapter: Snowflake error: 001003 (42000): SQL compilation error:
syntax error line 7 at position 0 unexpected 'om'.
[0m07:43:50.828605 [debug] [Thread-2 (]: Database Error in model customer_view (models/marts/customer/customer_view.sql)
  001003 (42000): SQL compilation error:
  syntax error line 7 at position 0 unexpected 'om'.
  compiled code at /tmp/dbt/target/run/dbt_try/models/marts/customer/customer_view.sql
[0m07:43:50.831973 [error] [Thread-2 (]: 1 of 1 ERROR creating sql table model DBT_PROJECTS_customer.customer_view ...... [[31mERROR[0m in 0.43s]
[0m07:43:50.832885 [debug] [Thread-2 (]: Finished running node model.dbt_try.customer_view
[0m07:43:50.833796 [debug] [Thread-5 (]: Marking all children of 'model.dbt_try.customer_view' to be skipped because of status 'error'.  Reason: Database Error in model customer_view (models/marts/customer/customer_view.sql)
  001003 (42000): SQL compilation error:
  syntax error line 7 at position 0 unexpected 'om'.
  compiled code at /tmp/dbt/target/run/dbt_try/models/marts/customer/customer_view.sql.
[0m07:43:50.836729 [debug] [Dummy-1   ]: Connection 'master' was properly closed.
[0m07:43:50.837272 [debug] [Dummy-1   ]: Connection 'create_DBT_DBT_PROJECTS_customer' was properly closed.
[0m07:43:50.837766 [debug] [Dummy-1   ]: Connection 'model.dbt_try.customer_view' was properly closed.
[0m07:43:50.838339 [info ] [Dummy-1   ]: 
[0m07:43:50.838917 [info ] [Dummy-1   ]: Finished running 1 table model in 0 hours 0 minutes and 1.86 seconds (1.86s).
[0m07:43:50.839892 [debug] [Dummy-1   ]: Command end result
[0m07:43:50.869788 [debug] [Dummy-1   ]: Wrote artifact WritableManifest to /tmp/dbt/target/manifest.json
[0m07:43:50.871948 [debug] [Dummy-1   ]: Wrote artifact SemanticManifest to /tmp/dbt/target/semantic_manifest.json
[0m07:43:50.879570 [debug] [Dummy-1   ]: Wrote artifact RunExecutionResult to /tmp/dbt/target/run_results.json
[0m07:43:50.880111 [info ] [Dummy-1   ]: 
[0m07:43:50.880772 [info ] [Dummy-1   ]: [31mCompleted with 1 error, 0 partial successes, and 0 warnings:[0m
[0m07:43:50.881277 [info ] [Dummy-1   ]: 
[0m07:43:50.881929 [error] [Dummy-1   ]:   Database Error in model customer_view (models/marts/customer/customer_view.sql)
  001003 (42000): SQL compilation error:
  syntax error line 7 at position 0 unexpected 'om'.
  compiled code at /tmp/dbt/target/run/dbt_try/models/marts/customer/customer_view.sql
[0m07:43:50.882409 [info ] [Dummy-1   ]: 
[0m07:43:50.882925 [info ] [Dummy-1   ]: Done. PASS=0 WARN=0 ERROR=1 SKIP=0 TOTAL=1
[0m07:43:50.884670 [debug] [Dummy-1   ]: Resource report: {"command_name": "build", "command_success": false, "command_wall_clock_time": 4.863986, "process_in_blocks": "0", "process_kernel_time": 1.06, "process_mem_max_rss": "483560", "process_out_blocks": "0", "process_user_time": 6.49}
[0m07:43:50.885339 [debug] [Dummy-1   ]: Command `cli build` failed at 07:43:50.885071 after 4.86 seconds
[0m07:43:50.885889 [debug] [Dummy-1   ]: Flushing usage events


============================== 07:44:33.148319 | 3a6bdea7-6f0f-4096-88b2-98888f2669f4 ==============================
[0m07:44:33.148319 [info ] [Dummy-1   ]: Running with dbt=1.9.4
[0m07:44:33.149383 [debug] [Dummy-1   ]: running dbt with arguments {'printer_width': '80', 'indirect_selection': 'eager', 'write_json': 'True', 'log_cache_events': 'False', 'partial_parse': 'True', 'cache_selected_only': 'False', 'warn_error': 'None', 'fail_fast': 'False', 'version_check': 'True', 'log_path': '/tmp/dbt/logs', 'profiles_dir': '/tmp/dbt/', 'debug': 'False', 'use_colors': 'True', 'use_experimental_parser': 'False', 'empty': 'False', 'quiet': 'False', 'no_print': 'None', 'log_format': 'default', 'invocation_command': 'dbt ', 'static_parser': 'True', 'warn_error_options': 'WarnErrorOptions(include=[], exclude=[])', 'target_path': '/tmp/dbt/target/', 'introspect': 'True', 'send_anonymous_usage_stats': 'False'}
[0m07:44:33.235436 [warn ] [Dummy-1   ]: [[33mWARNING[0m]: Deprecated functionality
The `target-path` config in `dbt_project.yml` has been deprecated, and will no
longer be supported in a future version of dbt-core. If you wish to write dbt
artifacts to a custom directory, please use the --target-path CLI flag or
DBT_TARGET_PATH env var instead.
[0m07:44:33.518660 [info ] [Dummy-1   ]: Registered adapter: snowflake=1.9.2
[0m07:44:34.290088 [debug] [Dummy-1   ]: checksum: 53ed91fada2233efb98368d1716b44ab532c83a9c293cf1890b7905d5b45fb25, vars: {}, profile: , target: dev, version: 1.9.4
[0m07:44:34.493602 [debug] [Dummy-1   ]: Partial parsing enabled: 0 files deleted, 0 files added, 1 files changed.
[0m07:44:34.494546 [debug] [Dummy-1   ]: Partial parsing: updated file: dbt_try://models/marts/customer/customer_view.sql
[0m07:44:35.113023 [debug] [Dummy-1   ]: Wrote artifact WritableManifest to /tmp/dbt/target/manifest.json
[0m07:44:35.115311 [debug] [Dummy-1   ]: Wrote artifact SemanticManifest to /tmp/dbt/target/semantic_manifest.json
[0m07:44:35.213725 [info ] [Dummy-1   ]: Found 1 model, 474 macros
[0m07:44:35.216246 [info ] [Dummy-1   ]: 
[0m07:44:35.216844 [info ] [Dummy-1   ]: Concurrency: 1 threads (target='dev')
[0m07:44:35.217322 [info ] [Dummy-1   ]: 
[0m07:44:35.218142 [debug] [Dummy-1   ]: Acquiring new snowflake connection 'master'
[0m07:44:35.220191 [debug] [ThreadPool]: Acquiring new snowflake connection 'list_DBT'
[0m07:44:35.348063 [debug] [ThreadPool]: Using snowflake connection "list_DBT"
[0m07:44:35.349064 [debug] [ThreadPool]: On list_DBT: /* {"app": "dbt", "dbt_version": "1.9.4", "profile_name": "dbt_try", "target_name": "dev", "connection_name": "list_DBT"} */
show terse schemas in database DBT
    limit 10000
[0m07:44:35.349573 [debug] [ThreadPool]: Opening a new connection, currently in state init
[0m07:44:35.731691 [debug] [ThreadPool]: SQL status: SUCCESS 4 in 0.382 seconds
[0m07:44:35.749523 [debug] [ThreadPool]: Acquiring new snowflake connection 'list_DBT_DBT_PROJECTS_customer'
[0m07:44:35.766923 [debug] [ThreadPool]: Using snowflake connection "list_DBT_DBT_PROJECTS_customer"
[0m07:44:35.767575 [debug] [ThreadPool]: On list_DBT_DBT_PROJECTS_customer: /* {"app": "dbt", "dbt_version": "1.9.4", "profile_name": "dbt_try", "target_name": "dev", "connection_name": "list_DBT_DBT_PROJECTS_customer"} */
alter session set quoted_identifiers_ignore_case = false;
[0m07:44:35.768089 [debug] [ThreadPool]: Opening a new connection, currently in state init
[0m07:44:36.277197 [debug] [ThreadPool]: SQL status: SUCCESS 1 in 0.509 seconds
[0m07:44:36.282972 [debug] [ThreadPool]: Using snowflake connection "list_DBT_DBT_PROJECTS_customer"
[0m07:44:36.283592 [debug] [ThreadPool]: On list_DBT_DBT_PROJECTS_customer: /* {"app": "dbt", "dbt_version": "1.9.4", "profile_name": "dbt_try", "target_name": "dev", "connection_name": "list_DBT_DBT_PROJECTS_customer"} */
show objects in DBT.DBT_PROJECTS_customer
    limit 10000
    
;
[0m07:44:36.359712 [debug] [ThreadPool]: SQL status: SUCCESS 0 in 0.075 seconds
[0m07:44:36.362170 [debug] [ThreadPool]: Using snowflake connection "list_DBT_DBT_PROJECTS_customer"
[0m07:44:36.362753 [debug] [ThreadPool]: On list_DBT_DBT_PROJECTS_customer: /* {"app": "dbt", "dbt_version": "1.9.4", "profile_name": "dbt_try", "target_name": "dev", "connection_name": "list_DBT_DBT_PROJECTS_customer"} */
alter session unset quoted_identifiers_ignore_case;
[0m07:44:36.429102 [debug] [ThreadPool]: SQL status: SUCCESS 1 in 0.066 seconds
[0m07:44:36.453849 [debug] [Thread-2 (]: Began running node model.dbt_try.customer_view
[0m07:44:36.454794 [info ] [Thread-2 (]: 1 of 1 START sql table model DBT_PROJECTS_customer.customer_view ............... [RUN]
[0m07:44:36.455579 [debug] [Thread-2 (]: Re-using an available connection from the pool (formerly list_DBT_DBT_PROJECTS_customer, now model.dbt_try.customer_view)
[0m07:44:36.456171 [debug] [Thread-2 (]: Began compiling node model.dbt_try.customer_view
[0m07:44:36.466582 [debug] [Thread-2 (]: Writing injected SQL for node "model.dbt_try.customer_view"
[0m07:44:36.467415 [debug] [Thread-2 (]: Began executing node model.dbt_try.customer_view
[0m07:44:36.513583 [debug] [Thread-2 (]: Writing runtime sql for node "model.dbt_try.customer_view"
[0m07:44:36.515019 [debug] [Thread-2 (]: Using snowflake connection "model.dbt_try.customer_view"
[0m07:44:36.515680 [debug] [Thread-2 (]: On model.dbt_try.customer_view: /* {"app": "dbt", "dbt_version": "1.9.4", "profile_name": "dbt_try", "target_name": "dev", "node_id": "model.dbt_try.customer_view"} */
create or replace transient table DBT.DBT_PROJECTS_customer.customer_view
         as
        (select c.customer_name, a,accouny_num, a. routing_num
from customer c
join 
bank_account ba
om c.customer_id=ba.customer_id
        );
[0m07:44:36.516306 [debug] [Thread-2 (]: Opening a new connection, currently in state init
[0m07:44:36.903430 [debug] [Thread-2 (]: Snowflake adapter: Snowflake query id: 01c0d990-0000-5191-0000-0012cccb3ac1
[0m07:44:36.904170 [debug] [Thread-2 (]: Snowflake adapter: Snowflake error: 001003 (42000): SQL compilation error:
syntax error line 7 at position 0 unexpected 'om'.
[0m07:44:36.909626 [debug] [Thread-2 (]: Database Error in model customer_view (models/marts/customer/customer_view.sql)
  001003 (42000): SQL compilation error:
  syntax error line 7 at position 0 unexpected 'om'.
  compiled code at /tmp/dbt/target/run/dbt_try/models/marts/customer/customer_view.sql
[0m07:44:36.912838 [error] [Thread-2 (]: 1 of 1 ERROR creating sql table model DBT_PROJECTS_customer.customer_view ...... [[31mERROR[0m in 0.45s]
[0m07:44:36.913756 [debug] [Thread-2 (]: Finished running node model.dbt_try.customer_view
[0m07:44:36.914678 [debug] [Thread-5 (]: Marking all children of 'model.dbt_try.customer_view' to be skipped because of status 'error'.  Reason: Database Error in model customer_view (models/marts/customer/customer_view.sql)
  001003 (42000): SQL compilation error:
  syntax error line 7 at position 0 unexpected 'om'.
  compiled code at /tmp/dbt/target/run/dbt_try/models/marts/customer/customer_view.sql.
[0m07:44:36.917505 [debug] [Dummy-1   ]: Connection 'master' was properly closed.
[0m07:44:36.918043 [debug] [Dummy-1   ]: Connection 'list_DBT' was properly closed.
[0m07:44:36.918543 [debug] [Dummy-1   ]: Connection 'model.dbt_try.customer_view' was properly closed.
[0m07:44:36.919061 [info ] [Dummy-1   ]: 
[0m07:44:36.919616 [info ] [Dummy-1   ]: Finished running 1 table model in 0 hours 0 minutes and 1.70 seconds (1.70s).
[0m07:44:36.920598 [debug] [Dummy-1   ]: Command end result
[0m07:44:36.948354 [debug] [Dummy-1   ]: Wrote artifact WritableManifest to /tmp/dbt/target/manifest.json
[0m07:44:36.950661 [debug] [Dummy-1   ]: Wrote artifact SemanticManifest to /tmp/dbt/target/semantic_manifest.json
[0m07:44:36.958457 [debug] [Dummy-1   ]: Wrote artifact RunExecutionResult to /tmp/dbt/target/run_results.json
[0m07:44:36.958992 [info ] [Dummy-1   ]: 
[0m07:44:36.959672 [info ] [Dummy-1   ]: [31mCompleted with 1 error, 0 partial successes, and 0 warnings:[0m
[0m07:44:36.960197 [info ] [Dummy-1   ]: 
[0m07:44:36.960851 [error] [Dummy-1   ]:   Database Error in model customer_view (models/marts/customer/customer_view.sql)
  001003 (42000): SQL compilation error:
  syntax error line 7 at position 0 unexpected 'om'.
  compiled code at /tmp/dbt/target/run/dbt_try/models/marts/customer/customer_view.sql
[0m07:44:36.961348 [info ] [Dummy-1   ]: 
[0m07:44:36.961875 [info ] [Dummy-1   ]: Done. PASS=0 WARN=0 ERROR=1 SKIP=0 TOTAL=1
[0m07:44:36.963884 [debug] [Dummy-1   ]: Resource report: {"command_name": "build", "command_success": false, "command_wall_clock_time": 3.9110692, "process_in_blocks": "0", "process_kernel_time": 1.26, "process_mem_max_rss": "495080", "process_out_blocks": "0", "process_user_time": 5.41}
[0m07:44:36.964638 [debug] [Dummy-1   ]: Command `cli build` failed at 07:44:36.964354 after 3.91 seconds
[0m07:44:36.965258 [debug] [Dummy-1   ]: Flushing usage events


============================== 11:33:18.904377 | 5ae608d1-448b-4be3-9539-7167d9de3558 ==============================
[0m11:33:18.904377 [info ] [Dummy-1   ]: Running with dbt=1.9.4
[0m11:33:18.905464 [debug] [Dummy-1   ]: running dbt with arguments {'printer_width': '80', 'indirect_selection': 'eager', 'log_cache_events': 'False', 'write_json': 'True', 'partial_parse': 'True', 'cache_selected_only': 'False', 'warn_error': 'None', 'fail_fast': 'False', 'debug': 'False', 'log_path': '/tmp/dbt/logs', 'profiles_dir': '/tmp/dbt/', 'version_check': 'True', 'use_colors': 'True', 'use_experimental_parser': 'False', 'empty': 'False', 'quiet': 'False', 'no_print': 'None', 'warn_error_options': 'WarnErrorOptions(include=[], exclude=[])', 'introspect': 'True', 'log_format': 'default', 'invocation_command': 'dbt ', 'target_path': '/tmp/dbt/target/', 'static_parser': 'True', 'send_anonymous_usage_stats': 'False'}
[0m11:33:18.991504 [warn ] [Dummy-1   ]: [[33mWARNING[0m]: Deprecated functionality
The `target-path` config in `dbt_project.yml` has been deprecated, and will no
longer be supported in a future version of dbt-core. If you wish to write dbt
artifacts to a custom directory, please use the --target-path CLI flag or
DBT_TARGET_PATH env var instead.
[0m11:33:19.275489 [info ] [Dummy-1   ]: Registered adapter: snowflake=1.9.2
[0m11:33:20.031654 [debug] [Dummy-1   ]: checksum: 53ed91fada2233efb98368d1716b44ab532c83a9c293cf1890b7905d5b45fb25, vars: {}, profile: , target: dev, version: 1.9.4
[0m11:33:20.276000 [debug] [Dummy-1   ]: Partial parsing enabled: 0 files deleted, 0 files added, 1 files changed.
[0m11:33:20.276964 [debug] [Dummy-1   ]: Partial parsing: updated file: dbt_try://models/marts/customer/customer_view.sql
[0m11:33:20.919682 [debug] [Dummy-1   ]: Wrote artifact WritableManifest to /tmp/dbt/target/manifest.json
[0m11:33:20.922825 [debug] [Dummy-1   ]: Wrote artifact SemanticManifest to /tmp/dbt/target/semantic_manifest.json
[0m11:33:21.019359 [info ] [Dummy-1   ]: Found 1 model, 474 macros
[0m11:33:21.022129 [info ] [Dummy-1   ]: 
[0m11:33:21.022808 [info ] [Dummy-1   ]: Concurrency: 1 threads (target='dev')
[0m11:33:21.023384 [info ] [Dummy-1   ]: 
[0m11:33:21.024295 [debug] [Dummy-1   ]: Acquiring new snowflake connection 'master'
[0m11:33:21.026445 [debug] [ThreadPool]: Acquiring new snowflake connection 'list_DBT'
[0m11:33:21.172374 [debug] [ThreadPool]: Using snowflake connection "list_DBT"
[0m11:33:21.173063 [debug] [ThreadPool]: On list_DBT: /* {"app": "dbt", "dbt_version": "1.9.4", "profile_name": "dbt_try", "target_name": "dev", "connection_name": "list_DBT"} */
show terse schemas in database DBT
    limit 10000
[0m11:33:21.173609 [debug] [ThreadPool]: Opening a new connection, currently in state init
[0m11:33:21.518282 [debug] [ThreadPool]: SQL status: SUCCESS 4 in 0.344 seconds
[0m11:33:21.539337 [debug] [ThreadPool]: Acquiring new snowflake connection 'list_DBT_DBT_PROJECTS_customer'
[0m11:33:21.556596 [debug] [ThreadPool]: Using snowflake connection "list_DBT_DBT_PROJECTS_customer"
[0m11:33:21.557289 [debug] [ThreadPool]: On list_DBT_DBT_PROJECTS_customer: /* {"app": "dbt", "dbt_version": "1.9.4", "profile_name": "dbt_try", "target_name": "dev", "connection_name": "list_DBT_DBT_PROJECTS_customer"} */
alter session set quoted_identifiers_ignore_case = false;
[0m11:33:21.557820 [debug] [ThreadPool]: Opening a new connection, currently in state init
[0m11:33:21.910543 [debug] [ThreadPool]: SQL status: SUCCESS 1 in 0.352 seconds
[0m11:33:21.916295 [debug] [ThreadPool]: Using snowflake connection "list_DBT_DBT_PROJECTS_customer"
[0m11:33:21.916909 [debug] [ThreadPool]: On list_DBT_DBT_PROJECTS_customer: /* {"app": "dbt", "dbt_version": "1.9.4", "profile_name": "dbt_try", "target_name": "dev", "connection_name": "list_DBT_DBT_PROJECTS_customer"} */
show objects in DBT.DBT_PROJECTS_customer
    limit 10000
    
;
[0m11:33:21.974324 [debug] [ThreadPool]: SQL status: SUCCESS 0 in 0.057 seconds
[0m11:33:21.976717 [debug] [ThreadPool]: Using snowflake connection "list_DBT_DBT_PROJECTS_customer"
[0m11:33:21.977283 [debug] [ThreadPool]: On list_DBT_DBT_PROJECTS_customer: /* {"app": "dbt", "dbt_version": "1.9.4", "profile_name": "dbt_try", "target_name": "dev", "connection_name": "list_DBT_DBT_PROJECTS_customer"} */
alter session unset quoted_identifiers_ignore_case;
[0m11:33:22.020413 [debug] [ThreadPool]: SQL status: SUCCESS 1 in 0.042 seconds
[0m11:33:22.027518 [debug] [Thread-2 (]: Began running node model.dbt_try.customer_view
[0m11:33:22.028547 [info ] [Thread-2 (]: 1 of 1 START sql table model DBT_PROJECTS_customer.customer_view ............... [RUN]
[0m11:33:22.029354 [debug] [Thread-2 (]: Re-using an available connection from the pool (formerly list_DBT_DBT_PROJECTS_customer, now model.dbt_try.customer_view)
[0m11:33:22.029943 [debug] [Thread-2 (]: Began compiling node model.dbt_try.customer_view
[0m11:33:22.040308 [debug] [Thread-2 (]: Writing injected SQL for node "model.dbt_try.customer_view"
[0m11:33:22.041245 [debug] [Thread-2 (]: Began executing node model.dbt_try.customer_view
[0m11:33:22.087678 [debug] [Thread-2 (]: Writing runtime sql for node "model.dbt_try.customer_view"
[0m11:33:22.089325 [debug] [Thread-2 (]: Using snowflake connection "model.dbt_try.customer_view"
[0m11:33:22.090018 [debug] [Thread-2 (]: On model.dbt_try.customer_view: /* {"app": "dbt", "dbt_version": "1.9.4", "profile_name": "dbt_try", "target_name": "dev", "node_id": "model.dbt_try.customer_view"} */
create or replace transient table DBT.DBT_PROJECTS_customer.customer_view
         as
        (select c.customer_name, a,accouny_num, a. routing_num
from customer c
join bank_account ba
on c.customer_id=ba.customer_id
        );
[0m11:33:22.090669 [debug] [Thread-2 (]: Opening a new connection, currently in state init
[0m11:33:22.500480 [debug] [Thread-2 (]: Snowflake adapter: Snowflake query id: 01c0da75-0000-518d-0000-0012cccbca55
[0m11:33:22.501249 [debug] [Thread-2 (]: Snowflake adapter: Snowflake error: 000904 (42000): SQL compilation error: error line 3 at position 33
invalid identifier 'A'
[0m11:33:22.506889 [debug] [Thread-2 (]: Database Error in model customer_view (models/marts/customer/customer_view.sql)
  000904 (42000): SQL compilation error: error line 3 at position 33
  invalid identifier 'A'
  compiled code at /tmp/dbt/target/run/dbt_try/models/marts/customer/customer_view.sql
[0m11:33:22.510925 [error] [Thread-2 (]: 1 of 1 ERROR creating sql table model DBT_PROJECTS_customer.customer_view ...... [[31mERROR[0m in 0.48s]
[0m11:33:22.511924 [debug] [Thread-2 (]: Finished running node model.dbt_try.customer_view
[0m11:33:22.512935 [debug] [Thread-5 (]: Marking all children of 'model.dbt_try.customer_view' to be skipped because of status 'error'.  Reason: Database Error in model customer_view (models/marts/customer/customer_view.sql)
  000904 (42000): SQL compilation error: error line 3 at position 33
  invalid identifier 'A'
  compiled code at /tmp/dbt/target/run/dbt_try/models/marts/customer/customer_view.sql.
[0m11:33:22.516240 [debug] [Dummy-1   ]: Connection 'master' was properly closed.
[0m11:33:22.516802 [debug] [Dummy-1   ]: Connection 'list_DBT' was properly closed.
[0m11:33:22.517303 [debug] [Dummy-1   ]: Connection 'model.dbt_try.customer_view' was properly closed.
[0m11:33:22.517888 [info ] [Dummy-1   ]: 
[0m11:33:22.518665 [info ] [Dummy-1   ]: Finished running 1 table model in 0 hours 0 minutes and 1.49 seconds (1.49s).
[0m11:33:22.519767 [debug] [Dummy-1   ]: Command end result
[0m11:33:22.549493 [debug] [Dummy-1   ]: Wrote artifact WritableManifest to /tmp/dbt/target/manifest.json
[0m11:33:22.552239 [debug] [Dummy-1   ]: Wrote artifact SemanticManifest to /tmp/dbt/target/semantic_manifest.json
[0m11:33:22.560657 [debug] [Dummy-1   ]: Wrote artifact RunExecutionResult to /tmp/dbt/target/run_results.json
[0m11:33:22.561372 [info ] [Dummy-1   ]: 
[0m11:33:22.562139 [info ] [Dummy-1   ]: [31mCompleted with 1 error, 0 partial successes, and 0 warnings:[0m
[0m11:33:22.562766 [info ] [Dummy-1   ]: 
[0m11:33:22.563506 [error] [Dummy-1   ]:   Database Error in model customer_view (models/marts/customer/customer_view.sql)
  000904 (42000): SQL compilation error: error line 3 at position 33
  invalid identifier 'A'
  compiled code at /tmp/dbt/target/run/dbt_try/models/marts/customer/customer_view.sql
[0m11:33:22.564069 [info ] [Dummy-1   ]: 
[0m11:33:22.564707 [info ] [Dummy-1   ]: Done. PASS=0 WARN=0 ERROR=1 SKIP=0 TOTAL=1
[0m11:33:22.566929 [debug] [Dummy-1   ]: Resource report: {"command_name": "build", "command_success": false, "command_wall_clock_time": 3.759106, "process_in_blocks": "0", "process_kernel_time": 1.43, "process_mem_max_rss": "492664", "process_out_blocks": "0", "process_user_time": 5.61}
[0m11:33:22.567710 [debug] [Dummy-1   ]: Command `cli build` failed at 11:33:22.567418 after 3.76 seconds
[0m11:33:22.568458 [debug] [Dummy-1   ]: Flushing usage events


============================== 11:51:34.085793 | 8948a7a6-c181-4d01-b8cc-ecb85f9c2865 ==============================
[0m11:51:34.085793 [info ] [Dummy-1   ]: Running with dbt=1.9.4
[0m11:51:34.086923 [debug] [Dummy-1   ]: running dbt with arguments {'printer_width': '80', 'indirect_selection': 'eager', 'write_json': 'True', 'log_cache_events': 'False', 'partial_parse': 'True', 'cache_selected_only': 'False', 'profiles_dir': '/tmp/dbt/', 'debug': 'False', 'fail_fast': 'False', 'log_path': '/tmp/dbt/logs', 'warn_error': 'None', 'version_check': 'True', 'use_colors': 'True', 'use_experimental_parser': 'False', 'no_print': 'None', 'quiet': 'False', 'empty': 'False', 'log_format': 'default', 'invocation_command': 'dbt ', 'static_parser': 'True', 'warn_error_options': 'WarnErrorOptions(include=[], exclude=[])', 'target_path': '/tmp/dbt/target/', 'introspect': 'True', 'send_anonymous_usage_stats': 'False'}
[0m11:51:34.172210 [warn ] [Dummy-1   ]: [[33mWARNING[0m]: Deprecated functionality
The `target-path` config in `dbt_project.yml` has been deprecated, and will no
longer be supported in a future version of dbt-core. If you wish to write dbt
artifacts to a custom directory, please use the --target-path CLI flag or
DBT_TARGET_PATH env var instead.
[0m11:51:34.450053 [info ] [Dummy-1   ]: Registered adapter: snowflake=1.9.2
[0m11:51:35.212989 [debug] [Dummy-1   ]: checksum: 53ed91fada2233efb98368d1716b44ab532c83a9c293cf1890b7905d5b45fb25, vars: {}, profile: , target: dev, version: 1.9.4
[0m11:51:35.465092 [debug] [Dummy-1   ]: Partial parsing enabled: 0 files deleted, 0 files added, 1 files changed.
[0m11:51:35.466065 [debug] [Dummy-1   ]: Partial parsing: updated file: dbt_try://models/marts/customer/customer_view.sql
[0m11:51:36.108012 [debug] [Dummy-1   ]: Wrote artifact WritableManifest to /tmp/dbt/target/manifest.json
[0m11:51:36.111003 [debug] [Dummy-1   ]: Wrote artifact SemanticManifest to /tmp/dbt/target/semantic_manifest.json
[0m11:51:36.203743 [info ] [Dummy-1   ]: Found 1 model, 474 macros
[0m11:51:36.206362 [info ] [Dummy-1   ]: 
[0m11:51:36.207039 [info ] [Dummy-1   ]: Concurrency: 1 threads (target='dev')
[0m11:51:36.207550 [info ] [Dummy-1   ]: 
[0m11:51:36.208442 [debug] [Dummy-1   ]: Acquiring new snowflake connection 'master'
[0m11:51:36.210444 [debug] [ThreadPool]: Acquiring new snowflake connection 'list_DBT'
[0m11:51:36.354174 [debug] [ThreadPool]: Using snowflake connection "list_DBT"
[0m11:51:36.354892 [debug] [ThreadPool]: On list_DBT: /* {"app": "dbt", "dbt_version": "1.9.4", "profile_name": "dbt_try", "target_name": "dev", "connection_name": "list_DBT"} */
show terse schemas in database DBT
    limit 10000
[0m11:51:36.355502 [debug] [ThreadPool]: Opening a new connection, currently in state init
[0m11:51:36.714083 [debug] [ThreadPool]: SQL status: SUCCESS 4 in 0.358 seconds
[0m11:51:36.718325 [debug] [ThreadPool]: Acquiring new snowflake connection 'list_DBT_DBT_PROJECTS_customer'
[0m11:51:36.735799 [debug] [ThreadPool]: Using snowflake connection "list_DBT_DBT_PROJECTS_customer"
[0m11:51:36.736518 [debug] [ThreadPool]: On list_DBT_DBT_PROJECTS_customer: /* {"app": "dbt", "dbt_version": "1.9.4", "profile_name": "dbt_try", "target_name": "dev", "connection_name": "list_DBT_DBT_PROJECTS_customer"} */
alter session set quoted_identifiers_ignore_case = false;
[0m11:51:36.737064 [debug] [ThreadPool]: Opening a new connection, currently in state init
[0m11:51:37.076216 [debug] [ThreadPool]: SQL status: SUCCESS 1 in 0.339 seconds
[0m11:51:37.082262 [debug] [ThreadPool]: Using snowflake connection "list_DBT_DBT_PROJECTS_customer"
[0m11:51:37.082922 [debug] [ThreadPool]: On list_DBT_DBT_PROJECTS_customer: /* {"app": "dbt", "dbt_version": "1.9.4", "profile_name": "dbt_try", "target_name": "dev", "connection_name": "list_DBT_DBT_PROJECTS_customer"} */
show objects in DBT.DBT_PROJECTS_customer
    limit 10000
    
;
[0m11:51:37.128777 [debug] [ThreadPool]: SQL status: SUCCESS 0 in 0.045 seconds
[0m11:51:37.131472 [debug] [ThreadPool]: Using snowflake connection "list_DBT_DBT_PROJECTS_customer"
[0m11:51:37.132150 [debug] [ThreadPool]: On list_DBT_DBT_PROJECTS_customer: /* {"app": "dbt", "dbt_version": "1.9.4", "profile_name": "dbt_try", "target_name": "dev", "connection_name": "list_DBT_DBT_PROJECTS_customer"} */
alter session unset quoted_identifiers_ignore_case;
[0m11:51:37.177350 [debug] [ThreadPool]: SQL status: SUCCESS 1 in 0.044 seconds
[0m11:51:37.185786 [debug] [Thread-2 (]: Began running node model.dbt_try.customer_view
[0m11:51:37.186827 [info ] [Thread-2 (]: 1 of 1 START sql table model DBT_PROJECTS_customer.customer_view ............... [RUN]
[0m11:51:37.187681 [debug] [Thread-2 (]: Re-using an available connection from the pool (formerly list_DBT_DBT_PROJECTS_customer, now model.dbt_try.customer_view)
[0m11:51:37.188287 [debug] [Thread-2 (]: Began compiling node model.dbt_try.customer_view
[0m11:51:37.199015 [debug] [Thread-2 (]: Writing injected SQL for node "model.dbt_try.customer_view"
[0m11:51:37.199999 [debug] [Thread-2 (]: Began executing node model.dbt_try.customer_view
[0m11:51:37.247849 [debug] [Thread-2 (]: Writing runtime sql for node "model.dbt_try.customer_view"
[0m11:51:37.249516 [debug] [Thread-2 (]: Using snowflake connection "model.dbt_try.customer_view"
[0m11:51:37.250215 [debug] [Thread-2 (]: On model.dbt_try.customer_view: /* {"app": "dbt", "dbt_version": "1.9.4", "profile_name": "dbt_try", "target_name": "dev", "node_id": "model.dbt_try.customer_view"} */
create or replace transient table DBT.DBT_PROJECTS_customer.customer_view
         as
        (select c.customer_name, ba,accouny_num, ba. routing_num
from customer c
join bank_account ba
on c.customer_id=ba.customer_id
        );
[0m11:51:37.250872 [debug] [Thread-2 (]: Opening a new connection, currently in state init
[0m11:51:37.625862 [debug] [Thread-2 (]: Snowflake adapter: Snowflake query id: 01c0da87-0000-518d-0000-0012cccbcafd
[0m11:51:37.626626 [debug] [Thread-2 (]: Snowflake adapter: Snowflake error: 000904 (42000): SQL compilation error: error line 3 at position 33
invalid identifier 'BA'
[0m11:51:37.632285 [debug] [Thread-2 (]: Database Error in model customer_view (models/marts/customer/customer_view.sql)
  000904 (42000): SQL compilation error: error line 3 at position 33
  invalid identifier 'BA'
  compiled code at /tmp/dbt/target/run/dbt_try/models/marts/customer/customer_view.sql
[0m11:51:37.636098 [error] [Thread-2 (]: 1 of 1 ERROR creating sql table model DBT_PROJECTS_customer.customer_view ...... [[31mERROR[0m in 0.45s]
[0m11:51:37.637145 [debug] [Thread-2 (]: Finished running node model.dbt_try.customer_view
[0m11:51:37.638088 [debug] [Thread-5 (]: Marking all children of 'model.dbt_try.customer_view' to be skipped because of status 'error'.  Reason: Database Error in model customer_view (models/marts/customer/customer_view.sql)
  000904 (42000): SQL compilation error: error line 3 at position 33
  invalid identifier 'BA'
  compiled code at /tmp/dbt/target/run/dbt_try/models/marts/customer/customer_view.sql.
[0m11:51:37.641060 [debug] [Dummy-1   ]: Connection 'master' was properly closed.
[0m11:51:37.641581 [debug] [Dummy-1   ]: Connection 'list_DBT' was properly closed.
[0m11:51:37.642023 [debug] [Dummy-1   ]: Connection 'model.dbt_try.customer_view' was properly closed.
[0m11:51:37.642529 [info ] [Dummy-1   ]: 
[0m11:51:37.643076 [info ] [Dummy-1   ]: Finished running 1 table model in 0 hours 0 minutes and 1.43 seconds (1.43s).
[0m11:51:37.644075 [debug] [Dummy-1   ]: Command end result
[0m11:51:37.673373 [debug] [Dummy-1   ]: Wrote artifact WritableManifest to /tmp/dbt/target/manifest.json
[0m11:51:37.676007 [debug] [Dummy-1   ]: Wrote artifact SemanticManifest to /tmp/dbt/target/semantic_manifest.json
[0m11:51:37.684114 [debug] [Dummy-1   ]: Wrote artifact RunExecutionResult to /tmp/dbt/target/run_results.json
[0m11:51:37.684695 [info ] [Dummy-1   ]: 
[0m11:51:37.685410 [info ] [Dummy-1   ]: [31mCompleted with 1 error, 0 partial successes, and 0 warnings:[0m
[0m11:51:37.685943 [info ] [Dummy-1   ]: 
[0m11:51:37.686598 [error] [Dummy-1   ]:   Database Error in model customer_view (models/marts/customer/customer_view.sql)
  000904 (42000): SQL compilation error: error line 3 at position 33
  invalid identifier 'BA'
  compiled code at /tmp/dbt/target/run/dbt_try/models/marts/customer/customer_view.sql
[0m11:51:37.687141 [info ] [Dummy-1   ]: 
[0m11:51:37.687671 [info ] [Dummy-1   ]: Done. PASS=0 WARN=0 ERROR=1 SKIP=0 TOTAL=1
[0m11:51:37.689585 [debug] [Dummy-1   ]: Resource report: {"command_name": "build", "command_success": false, "command_wall_clock_time": 3.698305, "process_in_blocks": "0", "process_kernel_time": 1.35, "process_mem_max_rss": "488464", "process_out_blocks": "0", "process_user_time": 5.59}
[0m11:51:37.690280 [debug] [Dummy-1   ]: Command `cli build` failed at 11:51:37.690008 after 3.70 seconds
[0m11:51:37.690875 [debug] [Dummy-1   ]: Flushing usage events


============================== 11:52:13.351037 | 755f006f-2da3-4819-a16c-a645ef55ccf4 ==============================
[0m11:52:13.351037 [info ] [Dummy-1   ]: Running with dbt=1.9.4
[0m11:52:13.352163 [debug] [Dummy-1   ]: running dbt with arguments {'printer_width': '80', 'indirect_selection': 'eager', 'write_json': 'True', 'log_cache_events': 'False', 'partial_parse': 'True', 'cache_selected_only': 'False', 'warn_error': 'None', 'fail_fast': 'False', 'debug': 'False', 'log_path': '/tmp/dbt/logs', 'version_check': 'True', 'profiles_dir': '/tmp/dbt/', 'use_colors': 'True', 'use_experimental_parser': 'False', 'no_print': 'None', 'quiet': 'False', 'empty': 'False', 'warn_error_options': 'WarnErrorOptions(include=[], exclude=[])', 'introspect': 'True', 'static_parser': 'True', 'invocation_command': 'dbt ', 'target_path': '/tmp/dbt/target/', 'log_format': 'default', 'send_anonymous_usage_stats': 'False'}
[0m11:52:13.438450 [warn ] [Dummy-1   ]: [[33mWARNING[0m]: Deprecated functionality
The `target-path` config in `dbt_project.yml` has been deprecated, and will no
longer be supported in a future version of dbt-core. If you wish to write dbt
artifacts to a custom directory, please use the --target-path CLI flag or
DBT_TARGET_PATH env var instead.
[0m11:52:13.720874 [info ] [Dummy-1   ]: Registered adapter: snowflake=1.9.2
[0m11:52:14.520743 [debug] [Dummy-1   ]: checksum: 53ed91fada2233efb98368d1716b44ab532c83a9c293cf1890b7905d5b45fb25, vars: {}, profile: , target: dev, version: 1.9.4
[0m11:52:14.731342 [debug] [Dummy-1   ]: Partial parsing enabled: 0 files deleted, 0 files added, 1 files changed.
[0m11:52:14.732266 [debug] [Dummy-1   ]: Partial parsing: updated file: dbt_try://models/marts/customer/customer_view.sql
[0m11:52:15.366079 [debug] [Dummy-1   ]: Wrote artifact WritableManifest to /tmp/dbt/target/manifest.json
[0m11:52:15.368883 [debug] [Dummy-1   ]: Wrote artifact SemanticManifest to /tmp/dbt/target/semantic_manifest.json
[0m11:52:15.447967 [info ] [Dummy-1   ]: Found 1 model, 474 macros
[0m11:52:15.450562 [info ] [Dummy-1   ]: 
[0m11:52:15.451283 [info ] [Dummy-1   ]: Concurrency: 1 threads (target='dev')
[0m11:52:15.451807 [info ] [Dummy-1   ]: 
[0m11:52:15.452744 [debug] [Dummy-1   ]: Acquiring new snowflake connection 'master'
[0m11:52:15.469524 [debug] [ThreadPool]: Acquiring new snowflake connection 'list_DBT'
[0m11:52:15.611764 [debug] [ThreadPool]: Using snowflake connection "list_DBT"
[0m11:52:15.612517 [debug] [ThreadPool]: On list_DBT: /* {"app": "dbt", "dbt_version": "1.9.4", "profile_name": "dbt_try", "target_name": "dev", "connection_name": "list_DBT"} */
show terse schemas in database DBT
    limit 10000
[0m11:52:15.613033 [debug] [ThreadPool]: Opening a new connection, currently in state init
[0m11:52:15.995453 [debug] [ThreadPool]: SQL status: SUCCESS 4 in 0.382 seconds
[0m11:52:15.999742 [debug] [ThreadPool]: Acquiring new snowflake connection 'list_DBT_DBT_PROJECTS_customer'
[0m11:52:16.017043 [debug] [ThreadPool]: Using snowflake connection "list_DBT_DBT_PROJECTS_customer"
[0m11:52:16.017691 [debug] [ThreadPool]: On list_DBT_DBT_PROJECTS_customer: /* {"app": "dbt", "dbt_version": "1.9.4", "profile_name": "dbt_try", "target_name": "dev", "connection_name": "list_DBT_DBT_PROJECTS_customer"} */
alter session set quoted_identifiers_ignore_case = false;
[0m11:52:16.018207 [debug] [ThreadPool]: Opening a new connection, currently in state init
[0m11:52:16.433053 [debug] [ThreadPool]: SQL status: SUCCESS 1 in 0.415 seconds
[0m11:52:16.438973 [debug] [ThreadPool]: Using snowflake connection "list_DBT_DBT_PROJECTS_customer"
[0m11:52:16.439610 [debug] [ThreadPool]: On list_DBT_DBT_PROJECTS_customer: /* {"app": "dbt", "dbt_version": "1.9.4", "profile_name": "dbt_try", "target_name": "dev", "connection_name": "list_DBT_DBT_PROJECTS_customer"} */
show objects in DBT.DBT_PROJECTS_customer
    limit 10000
    
;
[0m11:52:16.495184 [debug] [ThreadPool]: SQL status: SUCCESS 0 in 0.055 seconds
[0m11:52:16.497587 [debug] [ThreadPool]: Using snowflake connection "list_DBT_DBT_PROJECTS_customer"
[0m11:52:16.498172 [debug] [ThreadPool]: On list_DBT_DBT_PROJECTS_customer: /* {"app": "dbt", "dbt_version": "1.9.4", "profile_name": "dbt_try", "target_name": "dev", "connection_name": "list_DBT_DBT_PROJECTS_customer"} */
alter session unset quoted_identifiers_ignore_case;
[0m11:52:16.549848 [debug] [ThreadPool]: SQL status: SUCCESS 1 in 0.051 seconds
[0m11:52:16.557873 [debug] [Thread-2 (]: Began running node model.dbt_try.customer_view
[0m11:52:16.558922 [info ] [Thread-2 (]: 1 of 1 START sql table model DBT_PROJECTS_customer.customer_view ............... [RUN]
[0m11:52:16.559847 [debug] [Thread-2 (]: Re-using an available connection from the pool (formerly list_DBT_DBT_PROJECTS_customer, now model.dbt_try.customer_view)
[0m11:52:16.560498 [debug] [Thread-2 (]: Began compiling node model.dbt_try.customer_view
[0m11:52:16.571358 [debug] [Thread-2 (]: Writing injected SQL for node "model.dbt_try.customer_view"
[0m11:52:16.572504 [debug] [Thread-2 (]: Began executing node model.dbt_try.customer_view
[0m11:52:16.620424 [debug] [Thread-2 (]: Writing runtime sql for node "model.dbt_try.customer_view"
[0m11:52:16.621975 [debug] [Thread-2 (]: Using snowflake connection "model.dbt_try.customer_view"
[0m11:52:16.622660 [debug] [Thread-2 (]: On model.dbt_try.customer_view: /* {"app": "dbt", "dbt_version": "1.9.4", "profile_name": "dbt_try", "target_name": "dev", "node_id": "model.dbt_try.customer_view"} */
create or replace transient table DBT.DBT_PROJECTS_customer.customer_view
         as
        (select c.customer_name, ba,accouny_num, ba.routing_num
from customer c
join bank_account ba
on c.customer_id=ba.customer_id
        );
[0m11:52:16.623342 [debug] [Thread-2 (]: Opening a new connection, currently in state init
[0m11:52:17.025864 [debug] [Thread-2 (]: Snowflake adapter: Snowflake query id: 01c0da88-0000-518f-0000-0012cccb6aad
[0m11:52:17.026670 [debug] [Thread-2 (]: Snowflake adapter: Snowflake error: 000904 (42000): SQL compilation error: error line 3 at position 33
invalid identifier 'BA'
[0m11:52:17.032311 [debug] [Thread-2 (]: Database Error in model customer_view (models/marts/customer/customer_view.sql)
  000904 (42000): SQL compilation error: error line 3 at position 33
  invalid identifier 'BA'
  compiled code at /tmp/dbt/target/run/dbt_try/models/marts/customer/customer_view.sql
[0m11:52:17.036009 [error] [Thread-2 (]: 1 of 1 ERROR creating sql table model DBT_PROJECTS_customer.customer_view ...... [[31mERROR[0m in 0.47s]
[0m11:52:17.037006 [debug] [Thread-2 (]: Finished running node model.dbt_try.customer_view
[0m11:52:17.037998 [debug] [Thread-5 (]: Marking all children of 'model.dbt_try.customer_view' to be skipped because of status 'error'.  Reason: Database Error in model customer_view (models/marts/customer/customer_view.sql)
  000904 (42000): SQL compilation error: error line 3 at position 33
  invalid identifier 'BA'
  compiled code at /tmp/dbt/target/run/dbt_try/models/marts/customer/customer_view.sql.
[0m11:52:17.041904 [debug] [Dummy-1   ]: Connection 'master' was properly closed.
[0m11:52:17.042529 [debug] [Dummy-1   ]: Connection 'list_DBT' was properly closed.
[0m11:52:17.043062 [debug] [Dummy-1   ]: Connection 'model.dbt_try.customer_view' was properly closed.
[0m11:52:17.043636 [info ] [Dummy-1   ]: 
[0m11:52:17.044219 [info ] [Dummy-1   ]: Finished running 1 table model in 0 hours 0 minutes and 1.59 seconds (1.59s).
[0m11:52:17.045257 [debug] [Dummy-1   ]: Command end result
[0m11:52:17.074766 [debug] [Dummy-1   ]: Wrote artifact WritableManifest to /tmp/dbt/target/manifest.json
[0m11:52:17.077409 [debug] [Dummy-1   ]: Wrote artifact SemanticManifest to /tmp/dbt/target/semantic_manifest.json
[0m11:52:17.085638 [debug] [Dummy-1   ]: Wrote artifact RunExecutionResult to /tmp/dbt/target/run_results.json
[0m11:52:17.086228 [info ] [Dummy-1   ]: 
[0m11:52:17.086910 [info ] [Dummy-1   ]: [31mCompleted with 1 error, 0 partial successes, and 0 warnings:[0m
[0m11:52:17.087477 [info ] [Dummy-1   ]: 
[0m11:52:17.088144 [error] [Dummy-1   ]:   Database Error in model customer_view (models/marts/customer/customer_view.sql)
  000904 (42000): SQL compilation error: error line 3 at position 33
  invalid identifier 'BA'
  compiled code at /tmp/dbt/target/run/dbt_try/models/marts/customer/customer_view.sql
[0m11:52:17.088804 [info ] [Dummy-1   ]: 
[0m11:52:17.089371 [info ] [Dummy-1   ]: Done. PASS=0 WARN=0 ERROR=1 SKIP=0 TOTAL=1
[0m11:52:17.091545 [debug] [Dummy-1   ]: Resource report: {"command_name": "build", "command_success": false, "command_wall_clock_time": 3.8352256, "process_in_blocks": "0", "process_kernel_time": 1.22, "process_mem_max_rss": "483592", "process_out_blocks": "0", "process_user_time": 5.68}
[0m11:52:17.092293 [debug] [Dummy-1   ]: Command `cli build` failed at 11:52:17.092009 after 3.84 seconds
[0m11:52:17.092914 [debug] [Dummy-1   ]: Flushing usage events


============================== 11:57:52.458706 | 52eac422-dc76-4bcf-9b8d-0296cb34d136 ==============================
[0m11:57:52.458706 [info ] [Dummy-1   ]: Running with dbt=1.9.4
[0m11:57:52.459802 [debug] [Dummy-1   ]: running dbt with arguments {'printer_width': '80', 'indirect_selection': 'eager', 'write_json': 'True', 'log_cache_events': 'False', 'partial_parse': 'True', 'cache_selected_only': 'False', 'warn_error': 'None', 'version_check': 'True', 'debug': 'False', 'log_path': '/tmp/dbt/logs', 'profiles_dir': '/tmp/dbt/', 'fail_fast': 'False', 'use_colors': 'True', 'use_experimental_parser': 'False', 'no_print': 'None', 'quiet': 'False', 'empty': 'False', 'log_format': 'default', 'invocation_command': 'dbt ', 'introspect': 'True', 'warn_error_options': 'WarnErrorOptions(include=[], exclude=[])', 'target_path': '/tmp/dbt/target/', 'static_parser': 'True', 'send_anonymous_usage_stats': 'False'}
[0m11:57:52.544651 [warn ] [Dummy-1   ]: [[33mWARNING[0m]: Deprecated functionality
The `target-path` config in `dbt_project.yml` has been deprecated, and will no
longer be supported in a future version of dbt-core. If you wish to write dbt
artifacts to a custom directory, please use the --target-path CLI flag or
DBT_TARGET_PATH env var instead.
[0m11:57:52.823410 [info ] [Dummy-1   ]: Registered adapter: snowflake=1.9.2
[0m11:57:53.586202 [debug] [Dummy-1   ]: checksum: 53ed91fada2233efb98368d1716b44ab532c83a9c293cf1890b7905d5b45fb25, vars: {}, profile: , target: dev, version: 1.9.4
[0m11:57:53.795187 [debug] [Dummy-1   ]: Partial parsing enabled: 0 files deleted, 0 files added, 0 files changed.
[0m11:57:53.795836 [debug] [Dummy-1   ]: Partial parsing enabled, no changes found, skipping parsing
[0m11:57:54.019731 [debug] [Dummy-1   ]: Wrote artifact WritableManifest to /tmp/dbt/target/manifest.json
[0m11:57:54.022354 [debug] [Dummy-1   ]: Wrote artifact SemanticManifest to /tmp/dbt/target/semantic_manifest.json
[0m11:57:54.103241 [info ] [Dummy-1   ]: Found 1 model, 474 macros
[0m11:57:54.105857 [info ] [Dummy-1   ]: 
[0m11:57:54.106524 [info ] [Dummy-1   ]: Concurrency: 1 threads (target='dev')
[0m11:57:54.107090 [info ] [Dummy-1   ]: 
[0m11:57:54.107985 [debug] [Dummy-1   ]: Acquiring new snowflake connection 'master'
[0m11:57:54.110124 [debug] [ThreadPool]: Acquiring new snowflake connection 'list_DBT'
[0m11:57:54.265131 [debug] [ThreadPool]: Using snowflake connection "list_DBT"
[0m11:57:54.265881 [debug] [ThreadPool]: On list_DBT: /* {"app": "dbt", "dbt_version": "1.9.4", "profile_name": "dbt_try", "target_name": "dev", "connection_name": "list_DBT"} */
show terse schemas in database DBT
    limit 10000
[0m11:57:54.266424 [debug] [ThreadPool]: Opening a new connection, currently in state init
[0m11:57:55.098494 [debug] [ThreadPool]: SQL status: SUCCESS 4 in 0.832 seconds
[0m11:57:55.119989 [debug] [ThreadPool]: Acquiring new snowflake connection 'list_DBT_DBT_PROJECTS_customer'
[0m11:57:55.138119 [debug] [ThreadPool]: Using snowflake connection "list_DBT_DBT_PROJECTS_customer"
[0m11:57:55.138894 [debug] [ThreadPool]: On list_DBT_DBT_PROJECTS_customer: /* {"app": "dbt", "dbt_version": "1.9.4", "profile_name": "dbt_try", "target_name": "dev", "connection_name": "list_DBT_DBT_PROJECTS_customer"} */
alter session set quoted_identifiers_ignore_case = false;
[0m11:57:55.139422 [debug] [ThreadPool]: Opening a new connection, currently in state init
[0m11:57:56.400959 [debug] [ThreadPool]: SQL status: SUCCESS 1 in 1.261 seconds
[0m11:57:56.406799 [debug] [ThreadPool]: Using snowflake connection "list_DBT_DBT_PROJECTS_customer"
[0m11:57:56.407456 [debug] [ThreadPool]: On list_DBT_DBT_PROJECTS_customer: /* {"app": "dbt", "dbt_version": "1.9.4", "profile_name": "dbt_try", "target_name": "dev", "connection_name": "list_DBT_DBT_PROJECTS_customer"} */
show objects in DBT.DBT_PROJECTS_customer
    limit 10000
    
;
[0m11:57:56.462133 [debug] [ThreadPool]: SQL status: SUCCESS 0 in 0.054 seconds
[0m11:57:56.464589 [debug] [ThreadPool]: Using snowflake connection "list_DBT_DBT_PROJECTS_customer"
[0m11:57:56.465180 [debug] [ThreadPool]: On list_DBT_DBT_PROJECTS_customer: /* {"app": "dbt", "dbt_version": "1.9.4", "profile_name": "dbt_try", "target_name": "dev", "connection_name": "list_DBT_DBT_PROJECTS_customer"} */
alter session unset quoted_identifiers_ignore_case;
[0m11:57:56.508024 [debug] [ThreadPool]: SQL status: SUCCESS 1 in 0.042 seconds
[0m11:57:56.515209 [debug] [Thread-2 (]: Began running node model.dbt_try.customer_view
[0m11:57:56.516203 [info ] [Thread-2 (]: 1 of 1 START sql table model DBT_PROJECTS_customer.customer_view ............... [RUN]
[0m11:57:56.517042 [debug] [Thread-2 (]: Re-using an available connection from the pool (formerly list_DBT_DBT_PROJECTS_customer, now model.dbt_try.customer_view)
[0m11:57:56.517641 [debug] [Thread-2 (]: Began compiling node model.dbt_try.customer_view
[0m11:57:56.528347 [debug] [Thread-2 (]: Writing injected SQL for node "model.dbt_try.customer_view"
[0m11:57:56.529487 [debug] [Thread-2 (]: Began executing node model.dbt_try.customer_view
[0m11:57:56.575549 [debug] [Thread-2 (]: Writing runtime sql for node "model.dbt_try.customer_view"
[0m11:57:56.577091 [debug] [Thread-2 (]: Using snowflake connection "model.dbt_try.customer_view"
[0m11:57:56.577756 [debug] [Thread-2 (]: On model.dbt_try.customer_view: /* {"app": "dbt", "dbt_version": "1.9.4", "profile_name": "dbt_try", "target_name": "dev", "node_id": "model.dbt_try.customer_view"} */
create or replace transient table DBT.DBT_PROJECTS_customer.customer_view
         as
        (select c.customer_name, ba,accouny_num, ba.routing_num
from customer c
join bank_account ba
on c.customer_id=ba.customer_id
        );
[0m11:57:56.578347 [debug] [Thread-2 (]: Opening a new connection, currently in state init
[0m11:57:57.068078 [debug] [Thread-2 (]: Snowflake adapter: Snowflake query id: 01c0da8d-0000-5190-0000-0012cccba751
[0m11:57:57.068938 [debug] [Thread-2 (]: Snowflake adapter: Snowflake error: 000904 (42000): SQL compilation error: error line 3 at position 33
invalid identifier 'BA'
[0m11:57:57.074745 [debug] [Thread-2 (]: Database Error in model customer_view (models/marts/customer/customer_view.sql)
  000904 (42000): SQL compilation error: error line 3 at position 33
  invalid identifier 'BA'
  compiled code at /tmp/dbt/target/run/dbt_try/models/marts/customer/customer_view.sql
[0m11:57:57.078320 [error] [Thread-2 (]: 1 of 1 ERROR creating sql table model DBT_PROJECTS_customer.customer_view ...... [[31mERROR[0m in 0.56s]
[0m11:57:57.079620 [debug] [Thread-2 (]: Finished running node model.dbt_try.customer_view
[0m11:57:57.080634 [debug] [Thread-5 (]: Marking all children of 'model.dbt_try.customer_view' to be skipped because of status 'error'.  Reason: Database Error in model customer_view (models/marts/customer/customer_view.sql)
  000904 (42000): SQL compilation error: error line 3 at position 33
  invalid identifier 'BA'
  compiled code at /tmp/dbt/target/run/dbt_try/models/marts/customer/customer_view.sql.
[0m11:57:57.083830 [debug] [Dummy-1   ]: Connection 'master' was properly closed.
[0m11:57:57.084353 [debug] [Dummy-1   ]: Connection 'list_DBT' was properly closed.
[0m11:57:57.084802 [debug] [Dummy-1   ]: Connection 'model.dbt_try.customer_view' was properly closed.
[0m11:57:57.085316 [info ] [Dummy-1   ]: 
[0m11:57:57.085853 [info ] [Dummy-1   ]: Finished running 1 table model in 0 hours 0 minutes and 2.98 seconds (2.98s).
[0m11:57:57.086884 [debug] [Dummy-1   ]: Command end result
[0m11:57:57.118856 [debug] [Dummy-1   ]: Wrote artifact WritableManifest to /tmp/dbt/target/manifest.json
[0m11:57:57.121432 [debug] [Dummy-1   ]: Wrote artifact SemanticManifest to /tmp/dbt/target/semantic_manifest.json
[0m11:57:57.129722 [debug] [Dummy-1   ]: Wrote artifact RunExecutionResult to /tmp/dbt/target/run_results.json
[0m11:57:57.130435 [info ] [Dummy-1   ]: 
[0m11:57:57.131225 [info ] [Dummy-1   ]: [31mCompleted with 1 error, 0 partial successes, and 0 warnings:[0m
[0m11:57:57.131870 [info ] [Dummy-1   ]: 
[0m11:57:57.132604 [error] [Dummy-1   ]:   Database Error in model customer_view (models/marts/customer/customer_view.sql)
  000904 (42000): SQL compilation error: error line 3 at position 33
  invalid identifier 'BA'
  compiled code at /tmp/dbt/target/run/dbt_try/models/marts/customer/customer_view.sql
[0m11:57:57.133217 [info ] [Dummy-1   ]: 
[0m11:57:57.133802 [info ] [Dummy-1   ]: Done. PASS=0 WARN=0 ERROR=1 SKIP=0 TOTAL=1
[0m11:57:57.149745 [debug] [Dummy-1   ]: Resource report: {"command_name": "build", "command_success": false, "command_wall_clock_time": 4.7849655, "process_in_blocks": "0", "process_kernel_time": 1.1, "process_mem_max_rss": "435628", "process_out_blocks": "0", "process_user_time": 5.36}
[0m11:57:57.150645 [debug] [Dummy-1   ]: Command `cli build` failed at 11:57:57.150321 after 4.79 seconds
[0m11:57:57.151327 [debug] [Dummy-1   ]: Flushing usage events


============================== 12:02:35.982649 | e13e3a42-525d-4f5a-b2ab-e64e209c1521 ==============================
[0m12:02:35.982649 [info ] [Dummy-1   ]: Running with dbt=1.9.4
[0m12:02:35.983757 [debug] [Dummy-1   ]: running dbt with arguments {'printer_width': '80', 'indirect_selection': 'eager', 'log_cache_events': 'False', 'write_json': 'True', 'partial_parse': 'True', 'cache_selected_only': 'False', 'profiles_dir': '/tmp/dbt/', 'fail_fast': 'False', 'debug': 'False', 'log_path': '/tmp/dbt/logs', 'version_check': 'True', 'warn_error': 'None', 'use_colors': 'True', 'use_experimental_parser': 'False', 'no_print': 'None', 'quiet': 'False', 'empty': 'False', 'warn_error_options': 'WarnErrorOptions(include=[], exclude=[])', 'introspect': 'True', 'log_format': 'default', 'static_parser': 'True', 'target_path': '/tmp/dbt/target/', 'invocation_command': 'dbt ', 'send_anonymous_usage_stats': 'False'}
[0m12:02:36.069700 [warn ] [Dummy-1   ]: [[33mWARNING[0m]: Deprecated functionality
The `target-path` config in `dbt_project.yml` has been deprecated, and will no
longer be supported in a future version of dbt-core. If you wish to write dbt
artifacts to a custom directory, please use the --target-path CLI flag or
DBT_TARGET_PATH env var instead.
[0m12:02:36.351493 [info ] [Dummy-1   ]: Registered adapter: snowflake=1.9.2
[0m12:02:37.115054 [debug] [Dummy-1   ]: checksum: 53ed91fada2233efb98368d1716b44ab532c83a9c293cf1890b7905d5b45fb25, vars: {}, profile: , target: dev, version: 1.9.4
[0m12:02:37.336340 [debug] [Dummy-1   ]: Partial parsing enabled: 0 files deleted, 0 files added, 1 files changed.
[0m12:02:37.337289 [debug] [Dummy-1   ]: Partial parsing: updated file: dbt_try://models/marts/customer/customer_view.sql
[0m12:02:37.962079 [debug] [Dummy-1   ]: Wrote artifact WritableManifest to /tmp/dbt/target/manifest.json
[0m12:02:37.964533 [debug] [Dummy-1   ]: Wrote artifact SemanticManifest to /tmp/dbt/target/semantic_manifest.json
[0m12:02:38.041675 [info ] [Dummy-1   ]: Found 1 model, 474 macros
[0m12:02:38.044197 [info ] [Dummy-1   ]: 
[0m12:02:38.046066 [info ] [Dummy-1   ]: Concurrency: 1 threads (target='dev')
[0m12:02:38.046607 [info ] [Dummy-1   ]: 
[0m12:02:38.047467 [debug] [Dummy-1   ]: Acquiring new snowflake connection 'master'
[0m12:02:38.049577 [debug] [ThreadPool]: Acquiring new snowflake connection 'list_DBT'
[0m12:02:38.190162 [debug] [ThreadPool]: Using snowflake connection "list_DBT"
[0m12:02:38.190949 [debug] [ThreadPool]: On list_DBT: /* {"app": "dbt", "dbt_version": "1.9.4", "profile_name": "dbt_try", "target_name": "dev", "connection_name": "list_DBT"} */
show terse schemas in database DBT
    limit 10000
[0m12:02:38.191486 [debug] [ThreadPool]: Opening a new connection, currently in state init
[0m12:02:38.582475 [debug] [ThreadPool]: SQL status: SUCCESS 4 in 0.391 seconds
[0m12:02:38.586519 [debug] [ThreadPool]: Acquiring new snowflake connection 'list_DBT_DBT_PROJECTS_customer'
[0m12:02:38.603535 [debug] [ThreadPool]: Using snowflake connection "list_DBT_DBT_PROJECTS_customer"
[0m12:02:38.604177 [debug] [ThreadPool]: On list_DBT_DBT_PROJECTS_customer: /* {"app": "dbt", "dbt_version": "1.9.4", "profile_name": "dbt_try", "target_name": "dev", "connection_name": "list_DBT_DBT_PROJECTS_customer"} */
alter session set quoted_identifiers_ignore_case = false;
[0m12:02:38.604666 [debug] [ThreadPool]: Opening a new connection, currently in state init
[0m12:02:38.999970 [debug] [ThreadPool]: SQL status: SUCCESS 1 in 0.395 seconds
[0m12:02:39.005681 [debug] [ThreadPool]: Using snowflake connection "list_DBT_DBT_PROJECTS_customer"
[0m12:02:39.006281 [debug] [ThreadPool]: On list_DBT_DBT_PROJECTS_customer: /* {"app": "dbt", "dbt_version": "1.9.4", "profile_name": "dbt_try", "target_name": "dev", "connection_name": "list_DBT_DBT_PROJECTS_customer"} */
show objects in DBT.DBT_PROJECTS_customer
    limit 10000
    
;
[0m12:02:39.064402 [debug] [ThreadPool]: SQL status: SUCCESS 0 in 0.057 seconds
[0m12:02:39.066767 [debug] [ThreadPool]: Using snowflake connection "list_DBT_DBT_PROJECTS_customer"
[0m12:02:39.067449 [debug] [ThreadPool]: On list_DBT_DBT_PROJECTS_customer: /* {"app": "dbt", "dbt_version": "1.9.4", "profile_name": "dbt_try", "target_name": "dev", "connection_name": "list_DBT_DBT_PROJECTS_customer"} */
alter session unset quoted_identifiers_ignore_case;
[0m12:02:39.118335 [debug] [ThreadPool]: SQL status: SUCCESS 1 in 0.050 seconds
[0m12:02:39.140680 [debug] [Thread-2 (]: Began running node model.dbt_try.customer_view
[0m12:02:39.141637 [info ] [Thread-2 (]: 1 of 1 START sql table model DBT_PROJECTS_customer.customer_view ............... [RUN]
[0m12:02:39.142551 [debug] [Thread-2 (]: Re-using an available connection from the pool (formerly list_DBT_DBT_PROJECTS_customer, now model.dbt_try.customer_view)
[0m12:02:39.143239 [debug] [Thread-2 (]: Began compiling node model.dbt_try.customer_view
[0m12:02:39.153661 [debug] [Thread-2 (]: Writing injected SQL for node "model.dbt_try.customer_view"
[0m12:02:39.154668 [debug] [Thread-2 (]: Began executing node model.dbt_try.customer_view
[0m12:02:39.201085 [debug] [Thread-2 (]: Writing runtime sql for node "model.dbt_try.customer_view"
[0m12:02:39.202602 [debug] [Thread-2 (]: Using snowflake connection "model.dbt_try.customer_view"
[0m12:02:39.203309 [debug] [Thread-2 (]: On model.dbt_try.customer_view: /* {"app": "dbt", "dbt_version": "1.9.4", "profile_name": "dbt_try", "target_name": "dev", "node_id": "model.dbt_try.customer_view"} */
create or replace transient table DBT.DBT_PROJECTS_customer.customer_view
         as
        (select c.customer_name, ba,accouny_num, ba.routing_num
from customer c
join dbt_projects.bank_account ba
on c.customer_id=ba.customer_id
        );
[0m12:02:39.203953 [debug] [Thread-2 (]: Opening a new connection, currently in state init
[0m12:02:39.786646 [debug] [Thread-2 (]: Snowflake adapter: Snowflake query id: 01c0da92-0000-518f-0000-0012cccb6b55
[0m12:02:39.787466 [debug] [Thread-2 (]: Snowflake adapter: Snowflake error: 000904 (42000): SQL compilation error: error line 3 at position 33
invalid identifier 'BA'
[0m12:02:39.793200 [debug] [Thread-2 (]: Database Error in model customer_view (models/marts/customer/customer_view.sql)
  000904 (42000): SQL compilation error: error line 3 at position 33
  invalid identifier 'BA'
  compiled code at /tmp/dbt/target/run/dbt_try/models/marts/customer/customer_view.sql
[0m12:02:39.796535 [error] [Thread-2 (]: 1 of 1 ERROR creating sql table model DBT_PROJECTS_customer.customer_view ...... [[31mERROR[0m in 0.65s]
[0m12:02:39.797454 [debug] [Thread-2 (]: Finished running node model.dbt_try.customer_view
[0m12:02:39.798449 [debug] [Thread-5 (]: Marking all children of 'model.dbt_try.customer_view' to be skipped because of status 'error'.  Reason: Database Error in model customer_view (models/marts/customer/customer_view.sql)
  000904 (42000): SQL compilation error: error line 3 at position 33
  invalid identifier 'BA'
  compiled code at /tmp/dbt/target/run/dbt_try/models/marts/customer/customer_view.sql.
[0m12:02:39.801501 [debug] [Dummy-1   ]: Connection 'master' was properly closed.
[0m12:02:39.802020 [debug] [Dummy-1   ]: Connection 'list_DBT' was properly closed.
[0m12:02:39.802466 [debug] [Dummy-1   ]: Connection 'model.dbt_try.customer_view' was properly closed.
[0m12:02:39.803032 [info ] [Dummy-1   ]: 
[0m12:02:39.803574 [info ] [Dummy-1   ]: Finished running 1 table model in 0 hours 0 minutes and 1.76 seconds (1.76s).
[0m12:02:39.804537 [debug] [Dummy-1   ]: Command end result
[0m12:02:39.833486 [debug] [Dummy-1   ]: Wrote artifact WritableManifest to /tmp/dbt/target/manifest.json
[0m12:02:39.836072 [debug] [Dummy-1   ]: Wrote artifact SemanticManifest to /tmp/dbt/target/semantic_manifest.json
[0m12:02:39.843960 [debug] [Dummy-1   ]: Wrote artifact RunExecutionResult to /tmp/dbt/target/run_results.json
[0m12:02:39.844511 [info ] [Dummy-1   ]: 
[0m12:02:39.845159 [info ] [Dummy-1   ]: [31mCompleted with 1 error, 0 partial successes, and 0 warnings:[0m
[0m12:02:39.845675 [info ] [Dummy-1   ]: 
[0m12:02:39.846321 [error] [Dummy-1   ]:   Database Error in model customer_view (models/marts/customer/customer_view.sql)
  000904 (42000): SQL compilation error: error line 3 at position 33
  invalid identifier 'BA'
  compiled code at /tmp/dbt/target/run/dbt_try/models/marts/customer/customer_view.sql
[0m12:02:39.846816 [info ] [Dummy-1   ]: 
[0m12:02:39.847375 [info ] [Dummy-1   ]: Done. PASS=0 WARN=0 ERROR=1 SKIP=0 TOTAL=1
[0m12:02:39.849366 [debug] [Dummy-1   ]: Resource report: {"command_name": "build", "command_success": false, "command_wall_clock_time": 3.9609241, "process_in_blocks": "0", "process_kernel_time": 1.31, "process_mem_max_rss": "483992", "process_out_blocks": "0", "process_user_time": 5.55}
[0m12:02:39.850073 [debug] [Dummy-1   ]: Command `cli build` failed at 12:02:39.849799 after 3.96 seconds
[0m12:02:39.850637 [debug] [Dummy-1   ]: Flushing usage events


============================== 12:03:12.567484 | 195f7da7-081e-42a9-abc3-922e2e1aae86 ==============================
[0m12:03:12.567484 [info ] [Dummy-1   ]: Running with dbt=1.9.4
[0m12:03:12.568777 [debug] [Dummy-1   ]: running dbt with arguments {'printer_width': '80', 'indirect_selection': 'eager', 'log_cache_events': 'False', 'write_json': 'True', 'partial_parse': 'True', 'cache_selected_only': 'False', 'profiles_dir': '/tmp/dbt/', 'version_check': 'True', 'warn_error': 'None', 'log_path': '/tmp/dbt/logs', 'debug': 'False', 'fail_fast': 'False', 'use_colors': 'True', 'use_experimental_parser': 'False', 'empty': 'False', 'quiet': 'False', 'no_print': 'None', 'warn_error_options': 'WarnErrorOptions(include=[], exclude=[])', 'introspect': 'True', 'log_format': 'default', 'invocation_command': 'dbt ', 'target_path': '/tmp/dbt/target/', 'static_parser': 'True', 'send_anonymous_usage_stats': 'False'}
[0m12:03:12.661001 [warn ] [Dummy-1   ]: [[33mWARNING[0m]: Deprecated functionality
The `target-path` config in `dbt_project.yml` has been deprecated, and will no
longer be supported in a future version of dbt-core. If you wish to write dbt
artifacts to a custom directory, please use the --target-path CLI flag or
DBT_TARGET_PATH env var instead.
[0m12:03:12.963141 [info ] [Dummy-1   ]: Registered adapter: snowflake=1.9.2
[0m12:03:13.739291 [debug] [Dummy-1   ]: checksum: 53ed91fada2233efb98368d1716b44ab532c83a9c293cf1890b7905d5b45fb25, vars: {}, profile: , target: dev, version: 1.9.4
[0m12:03:13.957136 [debug] [Dummy-1   ]: Partial parsing enabled: 0 files deleted, 0 files added, 1 files changed.
[0m12:03:13.958146 [debug] [Dummy-1   ]: Partial parsing: updated file: dbt_try://models/marts/customer/customer_view.sql
[0m12:03:14.634334 [debug] [Dummy-1   ]: Wrote artifact WritableManifest to /tmp/dbt/target/manifest.json
[0m12:03:14.636996 [debug] [Dummy-1   ]: Wrote artifact SemanticManifest to /tmp/dbt/target/semantic_manifest.json
[0m12:03:14.724146 [info ] [Dummy-1   ]: Found 1 model, 474 macros
[0m12:03:14.726873 [info ] [Dummy-1   ]: 
[0m12:03:14.727557 [info ] [Dummy-1   ]: Concurrency: 1 threads (target='dev')
[0m12:03:14.728153 [info ] [Dummy-1   ]: 
[0m12:03:14.729222 [debug] [Dummy-1   ]: Acquiring new snowflake connection 'master'
[0m12:03:14.731486 [debug] [ThreadPool]: Acquiring new snowflake connection 'list_DBT'
[0m12:03:14.873954 [debug] [ThreadPool]: Using snowflake connection "list_DBT"
[0m12:03:14.874653 [debug] [ThreadPool]: On list_DBT: /* {"app": "dbt", "dbt_version": "1.9.4", "profile_name": "dbt_try", "target_name": "dev", "connection_name": "list_DBT"} */
show terse schemas in database DBT
    limit 10000
[0m12:03:14.875234 [debug] [ThreadPool]: Opening a new connection, currently in state init
[0m12:03:15.512325 [debug] [ThreadPool]: SQL status: SUCCESS 4 in 0.637 seconds
[0m12:03:15.516954 [debug] [ThreadPool]: Acquiring new snowflake connection 'list_DBT_DBT_PROJECTS_customer'
[0m12:03:15.534997 [debug] [ThreadPool]: Using snowflake connection "list_DBT_DBT_PROJECTS_customer"
[0m12:03:15.535669 [debug] [ThreadPool]: On list_DBT_DBT_PROJECTS_customer: /* {"app": "dbt", "dbt_version": "1.9.4", "profile_name": "dbt_try", "target_name": "dev", "connection_name": "list_DBT_DBT_PROJECTS_customer"} */
alter session set quoted_identifiers_ignore_case = false;
[0m12:03:15.536220 [debug] [ThreadPool]: Opening a new connection, currently in state init
[0m12:03:15.946064 [debug] [ThreadPool]: SQL status: SUCCESS 1 in 0.410 seconds
[0m12:03:15.952174 [debug] [ThreadPool]: Using snowflake connection "list_DBT_DBT_PROJECTS_customer"
[0m12:03:15.952822 [debug] [ThreadPool]: On list_DBT_DBT_PROJECTS_customer: /* {"app": "dbt", "dbt_version": "1.9.4", "profile_name": "dbt_try", "target_name": "dev", "connection_name": "list_DBT_DBT_PROJECTS_customer"} */
show objects in DBT.DBT_PROJECTS_customer
    limit 10000
    
;
[0m12:03:16.010400 [debug] [ThreadPool]: SQL status: SUCCESS 0 in 0.057 seconds
[0m12:03:16.013001 [debug] [ThreadPool]: Using snowflake connection "list_DBT_DBT_PROJECTS_customer"
[0m12:03:16.013667 [debug] [ThreadPool]: On list_DBT_DBT_PROJECTS_customer: /* {"app": "dbt", "dbt_version": "1.9.4", "profile_name": "dbt_try", "target_name": "dev", "connection_name": "list_DBT_DBT_PROJECTS_customer"} */
alter session unset quoted_identifiers_ignore_case;
[0m12:03:16.070788 [debug] [ThreadPool]: SQL status: SUCCESS 1 in 0.056 seconds
[0m12:03:16.078590 [debug] [Thread-2 (]: Began running node model.dbt_try.customer_view
[0m12:03:16.079664 [info ] [Thread-2 (]: 1 of 1 START sql table model DBT_PROJECTS_customer.customer_view ............... [RUN]
[0m12:03:16.080509 [debug] [Thread-2 (]: Re-using an available connection from the pool (formerly list_DBT_DBT_PROJECTS_customer, now model.dbt_try.customer_view)
[0m12:03:16.081192 [debug] [Thread-2 (]: Began compiling node model.dbt_try.customer_view
[0m12:03:16.092130 [debug] [Thread-2 (]: Writing injected SQL for node "model.dbt_try.customer_view"
[0m12:03:16.093074 [debug] [Thread-2 (]: Began executing node model.dbt_try.customer_view
[0m12:03:16.142947 [debug] [Thread-2 (]: Writing runtime sql for node "model.dbt_try.customer_view"
[0m12:03:16.144628 [debug] [Thread-2 (]: Using snowflake connection "model.dbt_try.customer_view"
[0m12:03:16.145332 [debug] [Thread-2 (]: On model.dbt_try.customer_view: /* {"app": "dbt", "dbt_version": "1.9.4", "profile_name": "dbt_try", "target_name": "dev", "node_id": "model.dbt_try.customer_view"} */
create or replace transient table DBT.DBT_PROJECTS_customer.customer_view
         as
        (select c.customer_name, ba,accouny_num, ba.routing_num
from dbt.dbt_projects.customer c
join dbt.dbt_projects.bank_account ba
on c.customer_id=ba.customer_id
        );
[0m12:03:16.145935 [debug] [Thread-2 (]: Opening a new connection, currently in state init
[0m12:03:16.649728 [debug] [Thread-2 (]: Snowflake adapter: Snowflake query id: 01c0da93-0000-51b7-0000-0012cccb5a51
[0m12:03:16.650526 [debug] [Thread-2 (]: Snowflake adapter: Snowflake error: 000904 (42000): SQL compilation error: error line 3 at position 33
invalid identifier 'BA'
[0m12:03:16.656337 [debug] [Thread-2 (]: Database Error in model customer_view (models/marts/customer/customer_view.sql)
  000904 (42000): SQL compilation error: error line 3 at position 33
  invalid identifier 'BA'
  compiled code at /tmp/dbt/target/run/dbt_try/models/marts/customer/customer_view.sql
[0m12:03:16.660207 [error] [Thread-2 (]: 1 of 1 ERROR creating sql table model DBT_PROJECTS_customer.customer_view ...... [[31mERROR[0m in 0.58s]
[0m12:03:16.661305 [debug] [Thread-2 (]: Finished running node model.dbt_try.customer_view
[0m12:03:16.662341 [debug] [Thread-5 (]: Marking all children of 'model.dbt_try.customer_view' to be skipped because of status 'error'.  Reason: Database Error in model customer_view (models/marts/customer/customer_view.sql)
  000904 (42000): SQL compilation error: error line 3 at position 33
  invalid identifier 'BA'
  compiled code at /tmp/dbt/target/run/dbt_try/models/marts/customer/customer_view.sql.
[0m12:03:16.666699 [debug] [Dummy-1   ]: Connection 'master' was properly closed.
[0m12:03:16.667372 [debug] [Dummy-1   ]: Connection 'list_DBT' was properly closed.
[0m12:03:16.667854 [debug] [Dummy-1   ]: Connection 'model.dbt_try.customer_view' was properly closed.
[0m12:03:16.668457 [info ] [Dummy-1   ]: 
[0m12:03:16.669082 [info ] [Dummy-1   ]: Finished running 1 table model in 0 hours 0 minutes and 1.94 seconds (1.94s).
[0m12:03:16.670123 [debug] [Dummy-1   ]: Command end result
[0m12:03:16.700459 [debug] [Dummy-1   ]: Wrote artifact WritableManifest to /tmp/dbt/target/manifest.json
[0m12:03:16.703311 [debug] [Dummy-1   ]: Wrote artifact SemanticManifest to /tmp/dbt/target/semantic_manifest.json
[0m12:03:16.711996 [debug] [Dummy-1   ]: Wrote artifact RunExecutionResult to /tmp/dbt/target/run_results.json
[0m12:03:16.712606 [info ] [Dummy-1   ]: 
[0m12:03:16.713299 [info ] [Dummy-1   ]: [31mCompleted with 1 error, 0 partial successes, and 0 warnings:[0m
[0m12:03:16.713851 [info ] [Dummy-1   ]: 
[0m12:03:16.714592 [error] [Dummy-1   ]:   Database Error in model customer_view (models/marts/customer/customer_view.sql)
  000904 (42000): SQL compilation error: error line 3 at position 33
  invalid identifier 'BA'
  compiled code at /tmp/dbt/target/run/dbt_try/models/marts/customer/customer_view.sql
[0m12:03:16.715164 [info ] [Dummy-1   ]: 
[0m12:03:16.715709 [info ] [Dummy-1   ]: Done. PASS=0 WARN=0 ERROR=1 SKIP=0 TOTAL=1
[0m12:03:16.717605 [debug] [Dummy-1   ]: Resource report: {"command_name": "build", "command_success": false, "command_wall_clock_time": 4.2518682, "process_in_blocks": "0", "process_kernel_time": 1.34, "process_mem_max_rss": "490752", "process_out_blocks": "0", "process_user_time": 5.89}
[0m12:03:16.718330 [debug] [Dummy-1   ]: Command `cli build` failed at 12:03:16.718047 after 4.25 seconds
[0m12:03:16.719046 [debug] [Dummy-1   ]: Flushing usage events


============================== 12:07:00.909476 | b46e0e38-37fc-4914-b135-7c68df9bd4c0 ==============================
[0m12:07:00.909476 [info ] [Dummy-1   ]: Running with dbt=1.9.4
[0m12:07:00.910567 [debug] [Dummy-1   ]: running dbt with arguments {'printer_width': '80', 'indirect_selection': 'eager', 'log_cache_events': 'False', 'write_json': 'True', 'partial_parse': 'True', 'cache_selected_only': 'False', 'profiles_dir': '/tmp/dbt/', 'fail_fast': 'False', 'version_check': 'True', 'log_path': '/tmp/dbt/logs', 'warn_error': 'None', 'debug': 'False', 'use_colors': 'True', 'use_experimental_parser': 'False', 'empty': 'False', 'quiet': 'False', 'no_print': 'None', 'warn_error_options': 'WarnErrorOptions(include=[], exclude=[])', 'static_parser': 'True', 'invocation_command': 'dbt ', 'introspect': 'True', 'target_path': '/tmp/dbt/target/', 'log_format': 'default', 'send_anonymous_usage_stats': 'False'}
[0m12:07:00.996158 [warn ] [Dummy-1   ]: [[33mWARNING[0m]: Deprecated functionality
The `target-path` config in `dbt_project.yml` has been deprecated, and will no
longer be supported in a future version of dbt-core. If you wish to write dbt
artifacts to a custom directory, please use the --target-path CLI flag or
DBT_TARGET_PATH env var instead.
[0m12:07:01.276997 [info ] [Dummy-1   ]: Registered adapter: snowflake=1.9.2
[0m12:07:01.949219 [debug] [Dummy-1   ]: checksum: 53ed91fada2233efb98368d1716b44ab532c83a9c293cf1890b7905d5b45fb25, vars: {}, profile: , target: dev, version: 1.9.4
[0m12:07:02.163351 [debug] [Dummy-1   ]: Partial parsing enabled: 0 files deleted, 0 files added, 0 files changed.
[0m12:07:02.164821 [debug] [Dummy-1   ]: Partial parsing enabled, no changes found, skipping parsing
[0m12:07:02.424482 [debug] [Dummy-1   ]: Wrote artifact WritableManifest to /tmp/dbt/target/manifest.json
[0m12:07:02.427118 [debug] [Dummy-1   ]: Wrote artifact SemanticManifest to /tmp/dbt/target/semantic_manifest.json
[0m12:07:02.506920 [info ] [Dummy-1   ]: Found 1 model, 474 macros
[0m12:07:02.509528 [info ] [Dummy-1   ]: 
[0m12:07:02.510140 [info ] [Dummy-1   ]: Concurrency: 1 threads (target='dev')
[0m12:07:02.510700 [info ] [Dummy-1   ]: 
[0m12:07:02.511677 [debug] [Dummy-1   ]: Acquiring new snowflake connection 'master'
[0m12:07:02.513788 [debug] [ThreadPool]: Acquiring new snowflake connection 'list_DBT'
[0m12:07:02.660795 [debug] [ThreadPool]: Using snowflake connection "list_DBT"
[0m12:07:02.661565 [debug] [ThreadPool]: On list_DBT: /* {"app": "dbt", "dbt_version": "1.9.4", "profile_name": "dbt_try", "target_name": "dev", "connection_name": "list_DBT"} */
show terse schemas in database DBT
    limit 10000
[0m12:07:02.662121 [debug] [ThreadPool]: Opening a new connection, currently in state init
[0m12:07:03.035010 [debug] [ThreadPool]: SQL status: SUCCESS 4 in 0.373 seconds
[0m12:07:03.040079 [debug] [ThreadPool]: Acquiring new snowflake connection 'list_DBT_DBT_PROJECTS_customer'
[0m12:07:03.059280 [debug] [ThreadPool]: Using snowflake connection "list_DBT_DBT_PROJECTS_customer"
[0m12:07:03.060039 [debug] [ThreadPool]: On list_DBT_DBT_PROJECTS_customer: /* {"app": "dbt", "dbt_version": "1.9.4", "profile_name": "dbt_try", "target_name": "dev", "connection_name": "list_DBT_DBT_PROJECTS_customer"} */
alter session set quoted_identifiers_ignore_case = false;
[0m12:07:03.060629 [debug] [ThreadPool]: Opening a new connection, currently in state init
[0m12:07:03.445481 [debug] [ThreadPool]: SQL status: SUCCESS 1 in 0.385 seconds
[0m12:07:03.451571 [debug] [ThreadPool]: Using snowflake connection "list_DBT_DBT_PROJECTS_customer"
[0m12:07:03.452317 [debug] [ThreadPool]: On list_DBT_DBT_PROJECTS_customer: /* {"app": "dbt", "dbt_version": "1.9.4", "profile_name": "dbt_try", "target_name": "dev", "connection_name": "list_DBT_DBT_PROJECTS_customer"} */
show objects in DBT.DBT_PROJECTS_customer
    limit 10000
    
;
[0m12:07:03.510518 [debug] [ThreadPool]: SQL status: SUCCESS 0 in 0.057 seconds
[0m12:07:03.513109 [debug] [ThreadPool]: Using snowflake connection "list_DBT_DBT_PROJECTS_customer"
[0m12:07:03.513896 [debug] [ThreadPool]: On list_DBT_DBT_PROJECTS_customer: /* {"app": "dbt", "dbt_version": "1.9.4", "profile_name": "dbt_try", "target_name": "dev", "connection_name": "list_DBT_DBT_PROJECTS_customer"} */
alter session unset quoted_identifiers_ignore_case;
[0m12:07:03.567672 [debug] [ThreadPool]: SQL status: SUCCESS 1 in 0.053 seconds
[0m12:07:03.575613 [debug] [Thread-2 (]: Began running node model.dbt_try.customer_view
[0m12:07:03.576669 [info ] [Thread-2 (]: 1 of 1 START sql table model DBT_PROJECTS_customer.customer_view ............... [RUN]
[0m12:07:03.577520 [debug] [Thread-2 (]: Re-using an available connection from the pool (formerly list_DBT_DBT_PROJECTS_customer, now model.dbt_try.customer_view)
[0m12:07:03.578151 [debug] [Thread-2 (]: Began compiling node model.dbt_try.customer_view
[0m12:07:03.589100 [debug] [Thread-2 (]: Writing injected SQL for node "model.dbt_try.customer_view"
[0m12:07:03.590127 [debug] [Thread-2 (]: Began executing node model.dbt_try.customer_view
[0m12:07:03.635340 [debug] [Thread-2 (]: Writing runtime sql for node "model.dbt_try.customer_view"
[0m12:07:03.636960 [debug] [Thread-2 (]: Using snowflake connection "model.dbt_try.customer_view"
[0m12:07:03.637622 [debug] [Thread-2 (]: On model.dbt_try.customer_view: /* {"app": "dbt", "dbt_version": "1.9.4", "profile_name": "dbt_try", "target_name": "dev", "node_id": "model.dbt_try.customer_view"} */
create or replace transient table DBT.DBT_PROJECTS_customer.customer_view
         as
        (select c.customer_name, ba,accouny_num, ba.routing_num
from dbt.dbt_projects.customer c
join dbt.dbt_projects.bank_account ba
on c.customer_id=ba.customer_id
        );
[0m12:07:03.638221 [debug] [Thread-2 (]: Opening a new connection, currently in state init
[0m12:07:04.051849 [debug] [Thread-2 (]: Snowflake adapter: Snowflake query id: 01c0da97-0000-518f-0000-0012cccb6c2d
[0m12:07:04.052601 [debug] [Thread-2 (]: Snowflake adapter: Snowflake error: 000904 (42000): SQL compilation error: error line 3 at position 33
invalid identifier 'BA'
[0m12:07:04.058115 [debug] [Thread-2 (]: Database Error in model customer_view (models/marts/customer/customer_view.sql)
  000904 (42000): SQL compilation error: error line 3 at position 33
  invalid identifier 'BA'
  compiled code at /tmp/dbt/target/run/dbt_try/models/marts/customer/customer_view.sql
[0m12:07:04.061836 [error] [Thread-2 (]: 1 of 1 ERROR creating sql table model DBT_PROJECTS_customer.customer_view ...... [[31mERROR[0m in 0.48s]
[0m12:07:04.062825 [debug] [Thread-2 (]: Finished running node model.dbt_try.customer_view
[0m12:07:04.063827 [debug] [Thread-5 (]: Marking all children of 'model.dbt_try.customer_view' to be skipped because of status 'error'.  Reason: Database Error in model customer_view (models/marts/customer/customer_view.sql)
  000904 (42000): SQL compilation error: error line 3 at position 33
  invalid identifier 'BA'
  compiled code at /tmp/dbt/target/run/dbt_try/models/marts/customer/customer_view.sql.
[0m12:07:04.066801 [debug] [Dummy-1   ]: Connection 'master' was properly closed.
[0m12:07:04.067348 [debug] [Dummy-1   ]: Connection 'list_DBT' was properly closed.
[0m12:07:04.067799 [debug] [Dummy-1   ]: Connection 'model.dbt_try.customer_view' was properly closed.
[0m12:07:04.068308 [info ] [Dummy-1   ]: 
[0m12:07:04.068937 [info ] [Dummy-1   ]: Finished running 1 table model in 0 hours 0 minutes and 1.56 seconds (1.56s).
[0m12:07:04.069960 [debug] [Dummy-1   ]: Command end result
[0m12:07:04.101096 [debug] [Dummy-1   ]: Wrote artifact WritableManifest to /tmp/dbt/target/manifest.json
[0m12:07:04.103752 [debug] [Dummy-1   ]: Wrote artifact SemanticManifest to /tmp/dbt/target/semantic_manifest.json
[0m12:07:04.112051 [debug] [Dummy-1   ]: Wrote artifact RunExecutionResult to /tmp/dbt/target/run_results.json
[0m12:07:04.112706 [info ] [Dummy-1   ]: 
[0m12:07:04.113429 [info ] [Dummy-1   ]: [31mCompleted with 1 error, 0 partial successes, and 0 warnings:[0m
[0m12:07:04.114007 [info ] [Dummy-1   ]: 
[0m12:07:04.114807 [error] [Dummy-1   ]:   Database Error in model customer_view (models/marts/customer/customer_view.sql)
  000904 (42000): SQL compilation error: error line 3 at position 33
  invalid identifier 'BA'
  compiled code at /tmp/dbt/target/run/dbt_try/models/marts/customer/customer_view.sql
[0m12:07:04.115372 [info ] [Dummy-1   ]: 
[0m12:07:04.115949 [info ] [Dummy-1   ]: Done. PASS=0 WARN=0 ERROR=1 SKIP=0 TOTAL=1
[0m12:07:04.118141 [debug] [Dummy-1   ]: Resource report: {"command_name": "build", "command_success": false, "command_wall_clock_time": 3.304418, "process_in_blocks": "0", "process_kernel_time": 1.24, "process_mem_max_rss": "446236", "process_out_blocks": "0", "process_user_time": 5.15}
[0m12:07:04.118987 [debug] [Dummy-1   ]: Command `cli build` failed at 12:07:04.118669 after 3.31 seconds
[0m12:07:04.119628 [debug] [Dummy-1   ]: Flushing usage events


============================== 12:10:13.808596 | 3b953f78-aaf9-4f60-945e-0e6c0432594a ==============================
[0m12:10:13.808596 [info ] [Dummy-1   ]: Running with dbt=1.9.4
[0m12:10:13.809707 [debug] [Dummy-1   ]: running dbt with arguments {'printer_width': '80', 'indirect_selection': 'eager', 'log_cache_events': 'False', 'write_json': 'True', 'partial_parse': 'True', 'cache_selected_only': 'False', 'warn_error': 'None', 'debug': 'False', 'version_check': 'True', 'log_path': '/tmp/dbt/logs', 'fail_fast': 'False', 'profiles_dir': '/tmp/dbt/', 'use_colors': 'True', 'use_experimental_parser': 'False', 'empty': 'False', 'quiet': 'False', 'no_print': 'None', 'log_format': 'default', 'invocation_command': 'dbt ', 'introspect': 'True', 'warn_error_options': 'WarnErrorOptions(include=[], exclude=[])', 'target_path': '/tmp/dbt/target/', 'static_parser': 'True', 'send_anonymous_usage_stats': 'False'}
[0m12:10:13.894825 [warn ] [Dummy-1   ]: [[33mWARNING[0m]: Deprecated functionality
The `target-path` config in `dbt_project.yml` has been deprecated, and will no
longer be supported in a future version of dbt-core. If you wish to write dbt
artifacts to a custom directory, please use the --target-path CLI flag or
DBT_TARGET_PATH env var instead.
[0m12:10:14.176018 [info ] [Dummy-1   ]: Registered adapter: snowflake=1.9.2
[0m12:10:14.946233 [debug] [Dummy-1   ]: checksum: 53ed91fada2233efb98368d1716b44ab532c83a9c293cf1890b7905d5b45fb25, vars: {}, profile: , target: dev, version: 1.9.4
[0m12:10:15.179056 [debug] [Dummy-1   ]: Partial parsing enabled: 0 files deleted, 0 files added, 1 files changed.
[0m12:10:15.179998 [debug] [Dummy-1   ]: Partial parsing: updated file: dbt_try://models/marts/customer/customer_view.sql
[0m12:10:15.786559 [debug] [Dummy-1   ]: Wrote artifact WritableManifest to /tmp/dbt/target/manifest.json
[0m12:10:15.789095 [debug] [Dummy-1   ]: Wrote artifact SemanticManifest to /tmp/dbt/target/semantic_manifest.json
[0m12:10:15.868601 [info ] [Dummy-1   ]: Found 1 model, 474 macros
[0m12:10:15.871122 [info ] [Dummy-1   ]: 
[0m12:10:15.871698 [info ] [Dummy-1   ]: Concurrency: 1 threads (target='dev')
[0m12:10:15.872157 [info ] [Dummy-1   ]: 
[0m12:10:15.872963 [debug] [Dummy-1   ]: Acquiring new snowflake connection 'master'
[0m12:10:15.874808 [debug] [ThreadPool]: Acquiring new snowflake connection 'list_DBT'
[0m12:10:15.993928 [debug] [ThreadPool]: Using snowflake connection "list_DBT"
[0m12:10:15.994698 [debug] [ThreadPool]: On list_DBT: /* {"app": "dbt", "dbt_version": "1.9.4", "profile_name": "dbt_try", "target_name": "dev", "connection_name": "list_DBT"} */
show terse schemas in database DBT
    limit 10000
[0m12:10:15.995272 [debug] [ThreadPool]: Opening a new connection, currently in state init
[0m12:10:16.337586 [debug] [ThreadPool]: SQL status: SUCCESS 4 in 0.342 seconds
[0m12:10:16.341720 [debug] [ThreadPool]: Acquiring new snowflake connection 'list_DBT_DBT_PROJECTS_customer'
[0m12:10:16.358336 [debug] [ThreadPool]: Using snowflake connection "list_DBT_DBT_PROJECTS_customer"
[0m12:10:16.359073 [debug] [ThreadPool]: On list_DBT_DBT_PROJECTS_customer: /* {"app": "dbt", "dbt_version": "1.9.4", "profile_name": "dbt_try", "target_name": "dev", "connection_name": "list_DBT_DBT_PROJECTS_customer"} */
alter session set quoted_identifiers_ignore_case = false;
[0m12:10:16.359624 [debug] [ThreadPool]: Opening a new connection, currently in state init
[0m12:10:16.717473 [debug] [ThreadPool]: SQL status: SUCCESS 1 in 0.358 seconds
[0m12:10:16.723198 [debug] [ThreadPool]: Using snowflake connection "list_DBT_DBT_PROJECTS_customer"
[0m12:10:16.723796 [debug] [ThreadPool]: On list_DBT_DBT_PROJECTS_customer: /* {"app": "dbt", "dbt_version": "1.9.4", "profile_name": "dbt_try", "target_name": "dev", "connection_name": "list_DBT_DBT_PROJECTS_customer"} */
show objects in DBT.DBT_PROJECTS_customer
    limit 10000
    
;
[0m12:10:16.781565 [debug] [ThreadPool]: SQL status: SUCCESS 0 in 0.057 seconds
[0m12:10:16.783925 [debug] [ThreadPool]: Using snowflake connection "list_DBT_DBT_PROJECTS_customer"
[0m12:10:16.784474 [debug] [ThreadPool]: On list_DBT_DBT_PROJECTS_customer: /* {"app": "dbt", "dbt_version": "1.9.4", "profile_name": "dbt_try", "target_name": "dev", "connection_name": "list_DBT_DBT_PROJECTS_customer"} */
alter session unset quoted_identifiers_ignore_case;
[0m12:10:16.833553 [debug] [ThreadPool]: SQL status: SUCCESS 1 in 0.048 seconds
[0m12:10:16.841182 [debug] [Thread-2 (]: Began running node model.dbt_try.customer_view
[0m12:10:16.842114 [info ] [Thread-2 (]: 1 of 1 START sql table model DBT_PROJECTS_customer.customer_view ............... [RUN]
[0m12:10:16.842917 [debug] [Thread-2 (]: Re-using an available connection from the pool (formerly list_DBT_DBT_PROJECTS_customer, now model.dbt_try.customer_view)
[0m12:10:16.843603 [debug] [Thread-2 (]: Began compiling node model.dbt_try.customer_view
[0m12:10:16.853961 [debug] [Thread-2 (]: Writing injected SQL for node "model.dbt_try.customer_view"
[0m12:10:16.854919 [debug] [Thread-2 (]: Began executing node model.dbt_try.customer_view
[0m12:10:16.900778 [debug] [Thread-2 (]: Writing runtime sql for node "model.dbt_try.customer_view"
[0m12:10:16.902350 [debug] [Thread-2 (]: Using snowflake connection "model.dbt_try.customer_view"
[0m12:10:16.903008 [debug] [Thread-2 (]: On model.dbt_try.customer_view: /* {"app": "dbt", "dbt_version": "1.9.4", "profile_name": "dbt_try", "target_name": "dev", "node_id": "model.dbt_try.customer_view"} */
create or replace transient table DBT.DBT_PROJECTS_customer.customer_view
         as
        (select c.customer_name, ba,account_num, ba.routing_num
from dbt.dbt_projects.customer c
join dbt.dbt_projects.bank_account ba
on c.customer_id=ba.customer_id
        );
[0m12:10:16.903643 [debug] [Thread-2 (]: Opening a new connection, currently in state init
[0m12:10:17.299539 [debug] [Thread-2 (]: Snowflake adapter: Snowflake query id: 01c0da9a-0000-518e-0000-0012cccb4cf5
[0m12:10:17.300264 [debug] [Thread-2 (]: Snowflake adapter: Snowflake error: 000904 (42000): SQL compilation error: error line 3 at position 33
invalid identifier 'BA'
[0m12:10:17.305590 [debug] [Thread-2 (]: Database Error in model customer_view (models/marts/customer/customer_view.sql)
  000904 (42000): SQL compilation error: error line 3 at position 33
  invalid identifier 'BA'
  compiled code at /tmp/dbt/target/run/dbt_try/models/marts/customer/customer_view.sql
[0m12:10:17.308850 [error] [Thread-2 (]: 1 of 1 ERROR creating sql table model DBT_PROJECTS_customer.customer_view ...... [[31mERROR[0m in 0.46s]
[0m12:10:17.309752 [debug] [Thread-2 (]: Finished running node model.dbt_try.customer_view
[0m12:10:17.310696 [debug] [Thread-5 (]: Marking all children of 'model.dbt_try.customer_view' to be skipped because of status 'error'.  Reason: Database Error in model customer_view (models/marts/customer/customer_view.sql)
  000904 (42000): SQL compilation error: error line 3 at position 33
  invalid identifier 'BA'
  compiled code at /tmp/dbt/target/run/dbt_try/models/marts/customer/customer_view.sql.
[0m12:10:17.314097 [debug] [Dummy-1   ]: Connection 'master' was properly closed.
[0m12:10:17.314610 [debug] [Dummy-1   ]: Connection 'list_DBT' was properly closed.
[0m12:10:17.315102 [debug] [Dummy-1   ]: Connection 'model.dbt_try.customer_view' was properly closed.
[0m12:10:17.315617 [info ] [Dummy-1   ]: 
[0m12:10:17.316137 [info ] [Dummy-1   ]: Finished running 1 table model in 0 hours 0 minutes and 1.44 seconds (1.44s).
[0m12:10:17.317135 [debug] [Dummy-1   ]: Command end result
[0m12:10:17.345938 [debug] [Dummy-1   ]: Wrote artifact WritableManifest to /tmp/dbt/target/manifest.json
[0m12:10:17.348561 [debug] [Dummy-1   ]: Wrote artifact SemanticManifest to /tmp/dbt/target/semantic_manifest.json
[0m12:10:17.356471 [debug] [Dummy-1   ]: Wrote artifact RunExecutionResult to /tmp/dbt/target/run_results.json
[0m12:10:17.357025 [info ] [Dummy-1   ]: 
[0m12:10:17.357679 [info ] [Dummy-1   ]: [31mCompleted with 1 error, 0 partial successes, and 0 warnings:[0m
[0m12:10:17.358204 [info ] [Dummy-1   ]: 
[0m12:10:17.359066 [error] [Dummy-1   ]:   Database Error in model customer_view (models/marts/customer/customer_view.sql)
  000904 (42000): SQL compilation error: error line 3 at position 33
  invalid identifier 'BA'
  compiled code at /tmp/dbt/target/run/dbt_try/models/marts/customer/customer_view.sql
[0m12:10:17.359622 [info ] [Dummy-1   ]: 
[0m12:10:17.360198 [info ] [Dummy-1   ]: Done. PASS=0 WARN=0 ERROR=1 SKIP=0 TOTAL=1
[0m12:10:17.379550 [debug] [Dummy-1   ]: Resource report: {"command_name": "build", "command_success": false, "command_wall_clock_time": 3.6654956, "process_in_blocks": "0", "process_kernel_time": 0.97, "process_mem_max_rss": "488856", "process_out_blocks": "0", "process_user_time": 5.92}
[0m12:10:17.380286 [debug] [Dummy-1   ]: Command `cli build` failed at 12:10:17.380008 after 3.67 seconds
[0m12:10:17.380862 [debug] [Dummy-1   ]: Flushing usage events


============================== 12:10:36.843906 | 18bba84e-6e28-455c-9ba9-d96e8ef31d7b ==============================
[0m12:10:36.843906 [info ] [Dummy-1   ]: Running with dbt=1.9.4
[0m12:10:36.845063 [debug] [Dummy-1   ]: running dbt with arguments {'printer_width': '80', 'indirect_selection': 'eager', 'log_cache_events': 'False', 'write_json': 'True', 'partial_parse': 'True', 'cache_selected_only': 'False', 'profiles_dir': '/tmp/dbt/', 'version_check': 'True', 'fail_fast': 'False', 'log_path': '/tmp/dbt/logs', 'debug': 'False', 'warn_error': 'None', 'use_colors': 'True', 'use_experimental_parser': 'False', 'no_print': 'None', 'quiet': 'False', 'empty': 'False', 'log_format': 'default', 'static_parser': 'True', 'introspect': 'True', 'warn_error_options': 'WarnErrorOptions(include=[], exclude=[])', 'target_path': '/tmp/dbt/target/', 'invocation_command': 'dbt ', 'send_anonymous_usage_stats': 'False'}
[0m12:10:36.932546 [warn ] [Dummy-1   ]: [[33mWARNING[0m]: Deprecated functionality
The `target-path` config in `dbt_project.yml` has been deprecated, and will no
longer be supported in a future version of dbt-core. If you wish to write dbt
artifacts to a custom directory, please use the --target-path CLI flag or
DBT_TARGET_PATH env var instead.
[0m12:10:37.218684 [info ] [Dummy-1   ]: Registered adapter: snowflake=1.9.2
[0m12:10:38.006983 [debug] [Dummy-1   ]: checksum: 53ed91fada2233efb98368d1716b44ab532c83a9c293cf1890b7905d5b45fb25, vars: {}, profile: , target: dev, version: 1.9.4
[0m12:10:38.218672 [debug] [Dummy-1   ]: Partial parsing enabled: 0 files deleted, 0 files added, 0 files changed.
[0m12:10:38.219392 [debug] [Dummy-1   ]: Partial parsing enabled, no changes found, skipping parsing
[0m12:10:38.448348 [debug] [Dummy-1   ]: Wrote artifact WritableManifest to /tmp/dbt/target/manifest.json
[0m12:10:38.451146 [debug] [Dummy-1   ]: Wrote artifact SemanticManifest to /tmp/dbt/target/semantic_manifest.json
[0m12:10:38.533657 [info ] [Dummy-1   ]: Found 1 model, 474 macros
[0m12:10:38.536291 [info ] [Dummy-1   ]: 
[0m12:10:38.536909 [info ] [Dummy-1   ]: Concurrency: 1 threads (target='dev')
[0m12:10:38.537506 [info ] [Dummy-1   ]: 
[0m12:10:38.538469 [debug] [Dummy-1   ]: Acquiring new snowflake connection 'master'
[0m12:10:38.540670 [debug] [ThreadPool]: Acquiring new snowflake connection 'list_DBT'
[0m12:10:38.684583 [debug] [ThreadPool]: Using snowflake connection "list_DBT"
[0m12:10:38.685243 [debug] [ThreadPool]: On list_DBT: /* {"app": "dbt", "dbt_version": "1.9.4", "profile_name": "dbt_try", "target_name": "dev", "connection_name": "list_DBT"} */
show terse schemas in database DBT
    limit 10000
[0m12:10:38.685789 [debug] [ThreadPool]: Opening a new connection, currently in state init
[0m12:10:39.240691 [debug] [ThreadPool]: SQL status: SUCCESS 4 in 0.555 seconds
[0m12:10:39.245171 [debug] [ThreadPool]: Acquiring new snowflake connection 'list_DBT_DBT_PROJECTS_customer'
[0m12:10:39.263762 [debug] [ThreadPool]: Using snowflake connection "list_DBT_DBT_PROJECTS_customer"
[0m12:10:39.264448 [debug] [ThreadPool]: On list_DBT_DBT_PROJECTS_customer: /* {"app": "dbt", "dbt_version": "1.9.4", "profile_name": "dbt_try", "target_name": "dev", "connection_name": "list_DBT_DBT_PROJECTS_customer"} */
alter session set quoted_identifiers_ignore_case = false;
[0m12:10:39.265054 [debug] [ThreadPool]: Opening a new connection, currently in state init
[0m12:10:39.616489 [debug] [ThreadPool]: SQL status: SUCCESS 1 in 0.351 seconds
[0m12:10:39.622417 [debug] [ThreadPool]: Using snowflake connection "list_DBT_DBT_PROJECTS_customer"
[0m12:10:39.623073 [debug] [ThreadPool]: On list_DBT_DBT_PROJECTS_customer: /* {"app": "dbt", "dbt_version": "1.9.4", "profile_name": "dbt_try", "target_name": "dev", "connection_name": "list_DBT_DBT_PROJECTS_customer"} */
show objects in DBT.DBT_PROJECTS_customer
    limit 10000
    
;
[0m12:10:39.679507 [debug] [ThreadPool]: SQL status: SUCCESS 0 in 0.056 seconds
[0m12:10:39.681946 [debug] [ThreadPool]: Using snowflake connection "list_DBT_DBT_PROJECTS_customer"
[0m12:10:39.682543 [debug] [ThreadPool]: On list_DBT_DBT_PROJECTS_customer: /* {"app": "dbt", "dbt_version": "1.9.4", "profile_name": "dbt_try", "target_name": "dev", "connection_name": "list_DBT_DBT_PROJECTS_customer"} */
alter session unset quoted_identifiers_ignore_case;
[0m12:10:39.732911 [debug] [ThreadPool]: SQL status: SUCCESS 1 in 0.050 seconds
[0m12:10:39.771300 [debug] [Thread-2 (]: Began running node model.dbt_try.customer_view
[0m12:10:39.772295 [info ] [Thread-2 (]: 1 of 1 START sql table model DBT_PROJECTS_customer.customer_view ............... [RUN]
[0m12:10:39.773126 [debug] [Thread-2 (]: Re-using an available connection from the pool (formerly list_DBT_DBT_PROJECTS_customer, now model.dbt_try.customer_view)
[0m12:10:39.773753 [debug] [Thread-2 (]: Began compiling node model.dbt_try.customer_view
[0m12:10:39.784420 [debug] [Thread-2 (]: Writing injected SQL for node "model.dbt_try.customer_view"
[0m12:10:39.785350 [debug] [Thread-2 (]: Began executing node model.dbt_try.customer_view
[0m12:10:39.830450 [debug] [Thread-2 (]: Writing runtime sql for node "model.dbt_try.customer_view"
[0m12:10:39.832084 [debug] [Thread-2 (]: Using snowflake connection "model.dbt_try.customer_view"
[0m12:10:39.832842 [debug] [Thread-2 (]: On model.dbt_try.customer_view: /* {"app": "dbt", "dbt_version": "1.9.4", "profile_name": "dbt_try", "target_name": "dev", "node_id": "model.dbt_try.customer_view"} */
create or replace transient table DBT.DBT_PROJECTS_customer.customer_view
         as
        (select c.customer_name, ba,account_num, ba.routing_num
from dbt.dbt_projects.customer c
join dbt.dbt_projects.bank_account ba
on c.customer_id=ba.customer_id
        );
[0m12:10:39.833497 [debug] [Thread-2 (]: Opening a new connection, currently in state init
[0m12:10:40.300006 [debug] [Thread-2 (]: Snowflake adapter: Snowflake query id: 01c0da9a-0000-5191-0000-0012cccb3c89
[0m12:10:40.300865 [debug] [Thread-2 (]: Snowflake adapter: Snowflake error: 000904 (42000): SQL compilation error: error line 3 at position 33
invalid identifier 'BA'
[0m12:10:40.306677 [debug] [Thread-2 (]: Database Error in model customer_view (models/marts/customer/customer_view.sql)
  000904 (42000): SQL compilation error: error line 3 at position 33
  invalid identifier 'BA'
  compiled code at /tmp/dbt/target/run/dbt_try/models/marts/customer/customer_view.sql
[0m12:10:40.310217 [error] [Thread-2 (]: 1 of 1 ERROR creating sql table model DBT_PROJECTS_customer.customer_view ...... [[31mERROR[0m in 0.53s]
[0m12:10:40.311303 [debug] [Thread-2 (]: Finished running node model.dbt_try.customer_view
[0m12:10:40.312324 [debug] [Thread-5 (]: Marking all children of 'model.dbt_try.customer_view' to be skipped because of status 'error'.  Reason: Database Error in model customer_view (models/marts/customer/customer_view.sql)
  000904 (42000): SQL compilation error: error line 3 at position 33
  invalid identifier 'BA'
  compiled code at /tmp/dbt/target/run/dbt_try/models/marts/customer/customer_view.sql.
[0m12:10:40.315377 [debug] [Dummy-1   ]: Connection 'master' was properly closed.
[0m12:10:40.315926 [debug] [Dummy-1   ]: Connection 'list_DBT' was properly closed.
[0m12:10:40.316379 [debug] [Dummy-1   ]: Connection 'model.dbt_try.customer_view' was properly closed.
[0m12:10:40.316897 [info ] [Dummy-1   ]: 
[0m12:10:40.317429 [info ] [Dummy-1   ]: Finished running 1 table model in 0 hours 0 minutes and 1.78 seconds (1.78s).
[0m12:10:40.318530 [debug] [Dummy-1   ]: Command end result
[0m12:10:40.350061 [debug] [Dummy-1   ]: Wrote artifact WritableManifest to /tmp/dbt/target/manifest.json
[0m12:10:40.352558 [debug] [Dummy-1   ]: Wrote artifact SemanticManifest to /tmp/dbt/target/semantic_manifest.json
[0m12:10:40.360729 [debug] [Dummy-1   ]: Wrote artifact RunExecutionResult to /tmp/dbt/target/run_results.json
[0m12:10:40.361312 [info ] [Dummy-1   ]: 
[0m12:10:40.361963 [info ] [Dummy-1   ]: [31mCompleted with 1 error, 0 partial successes, and 0 warnings:[0m
[0m12:10:40.362480 [info ] [Dummy-1   ]: 
[0m12:10:40.363179 [error] [Dummy-1   ]:   Database Error in model customer_view (models/marts/customer/customer_view.sql)
  000904 (42000): SQL compilation error: error line 3 at position 33
  invalid identifier 'BA'
  compiled code at /tmp/dbt/target/run/dbt_try/models/marts/customer/customer_view.sql
[0m12:10:40.363692 [info ] [Dummy-1   ]: 
[0m12:10:40.364213 [info ] [Dummy-1   ]: Done. PASS=0 WARN=0 ERROR=1 SKIP=0 TOTAL=1
[0m12:10:40.366140 [debug] [Dummy-1   ]: Resource report: {"command_name": "build", "command_success": false, "command_wall_clock_time": 3.6199744, "process_in_blocks": "0", "process_kernel_time": 1.35, "process_mem_max_rss": "439748", "process_out_blocks": "0", "process_user_time": 5.24}
[0m12:10:40.366846 [debug] [Dummy-1   ]: Command `cli build` failed at 12:10:40.366557 after 3.62 seconds
[0m12:10:40.367451 [debug] [Dummy-1   ]: Flushing usage events


============================== 12:12:06.950455 | 18b1ffce-10dd-4ed2-bde2-1d30c46950d0 ==============================
[0m12:12:06.950455 [info ] [Dummy-1   ]: Running with dbt=1.9.4
[0m12:12:06.951658 [debug] [Dummy-1   ]: running dbt with arguments {'printer_width': '80', 'indirect_selection': 'eager', 'log_cache_events': 'False', 'write_json': 'True', 'partial_parse': 'True', 'cache_selected_only': 'False', 'profiles_dir': '/tmp/dbt/', 'version_check': 'True', 'fail_fast': 'False', 'log_path': '/tmp/dbt/logs', 'debug': 'False', 'warn_error': 'None', 'use_colors': 'True', 'use_experimental_parser': 'False', 'empty': 'False', 'quiet': 'False', 'no_print': 'None', 'warn_error_options': 'WarnErrorOptions(include=[], exclude=[])', 'introspect': 'True', 'log_format': 'default', 'static_parser': 'True', 'target_path': '/tmp/dbt/target/', 'invocation_command': 'dbt ', 'send_anonymous_usage_stats': 'False'}
[0m12:12:07.041243 [warn ] [Dummy-1   ]: [[33mWARNING[0m]: Deprecated functionality
The `target-path` config in `dbt_project.yml` has been deprecated, and will no
longer be supported in a future version of dbt-core. If you wish to write dbt
artifacts to a custom directory, please use the --target-path CLI flag or
DBT_TARGET_PATH env var instead.
[0m12:12:07.333988 [info ] [Dummy-1   ]: Registered adapter: snowflake=1.9.2
[0m12:12:08.105121 [debug] [Dummy-1   ]: checksum: 53ed91fada2233efb98368d1716b44ab532c83a9c293cf1890b7905d5b45fb25, vars: {}, profile: , target: dev, version: 1.9.4
[0m12:12:08.318872 [debug] [Dummy-1   ]: Partial parsing enabled: 0 files deleted, 0 files added, 1 files changed.
[0m12:12:08.319838 [debug] [Dummy-1   ]: Partial parsing: updated file: dbt_try://models/marts/customer/customer_view.sql
[0m12:12:08.944686 [debug] [Dummy-1   ]: Wrote artifact WritableManifest to /tmp/dbt/target/manifest.json
[0m12:12:08.947372 [debug] [Dummy-1   ]: Wrote artifact SemanticManifest to /tmp/dbt/target/semantic_manifest.json
[0m12:12:09.031170 [info ] [Dummy-1   ]: Found 1 model, 474 macros
[0m12:12:09.033840 [info ] [Dummy-1   ]: 
[0m12:12:09.034504 [info ] [Dummy-1   ]: Concurrency: 1 threads (target='dev')
[0m12:12:09.035048 [info ] [Dummy-1   ]: 
[0m12:12:09.036040 [debug] [Dummy-1   ]: Acquiring new snowflake connection 'master'
[0m12:12:09.038096 [debug] [ThreadPool]: Acquiring new snowflake connection 'list_DBT'
[0m12:12:09.180320 [debug] [ThreadPool]: Using snowflake connection "list_DBT"
[0m12:12:09.181008 [debug] [ThreadPool]: On list_DBT: /* {"app": "dbt", "dbt_version": "1.9.4", "profile_name": "dbt_try", "target_name": "dev", "connection_name": "list_DBT"} */
show terse schemas in database DBT
    limit 10000
[0m12:12:09.181572 [debug] [ThreadPool]: Opening a new connection, currently in state init
[0m12:12:09.595813 [debug] [ThreadPool]: SQL status: SUCCESS 4 in 0.414 seconds
[0m12:12:09.600194 [debug] [ThreadPool]: Acquiring new snowflake connection 'list_DBT_DBT_PROJECTS_customer'
[0m12:12:09.617723 [debug] [ThreadPool]: Using snowflake connection "list_DBT_DBT_PROJECTS_customer"
[0m12:12:09.618508 [debug] [ThreadPool]: On list_DBT_DBT_PROJECTS_customer: /* {"app": "dbt", "dbt_version": "1.9.4", "profile_name": "dbt_try", "target_name": "dev", "connection_name": "list_DBT_DBT_PROJECTS_customer"} */
alter session set quoted_identifiers_ignore_case = false;
[0m12:12:09.619125 [debug] [ThreadPool]: Opening a new connection, currently in state init
[0m12:12:10.037124 [debug] [ThreadPool]: SQL status: SUCCESS 1 in 0.418 seconds
[0m12:12:10.043066 [debug] [ThreadPool]: Using snowflake connection "list_DBT_DBT_PROJECTS_customer"
[0m12:12:10.043751 [debug] [ThreadPool]: On list_DBT_DBT_PROJECTS_customer: /* {"app": "dbt", "dbt_version": "1.9.4", "profile_name": "dbt_try", "target_name": "dev", "connection_name": "list_DBT_DBT_PROJECTS_customer"} */
show objects in DBT.DBT_PROJECTS_customer
    limit 10000
    
;
[0m12:12:10.105791 [debug] [ThreadPool]: SQL status: SUCCESS 0 in 0.061 seconds
[0m12:12:10.108290 [debug] [ThreadPool]: Using snowflake connection "list_DBT_DBT_PROJECTS_customer"
[0m12:12:10.108975 [debug] [ThreadPool]: On list_DBT_DBT_PROJECTS_customer: /* {"app": "dbt", "dbt_version": "1.9.4", "profile_name": "dbt_try", "target_name": "dev", "connection_name": "list_DBT_DBT_PROJECTS_customer"} */
alter session unset quoted_identifiers_ignore_case;
[0m12:12:10.164933 [debug] [ThreadPool]: SQL status: SUCCESS 1 in 0.055 seconds
[0m12:12:10.172249 [debug] [Thread-2 (]: Began running node model.dbt_try.customer_view
[0m12:12:10.173233 [info ] [Thread-2 (]: 1 of 1 START sql table model DBT_PROJECTS_customer.customer_view ............... [RUN]
[0m12:12:10.174026 [debug] [Thread-2 (]: Re-using an available connection from the pool (formerly list_DBT_DBT_PROJECTS_customer, now model.dbt_try.customer_view)
[0m12:12:10.174676 [debug] [Thread-2 (]: Began compiling node model.dbt_try.customer_view
[0m12:12:10.185308 [debug] [Thread-2 (]: Writing injected SQL for node "model.dbt_try.customer_view"
[0m12:12:10.186313 [debug] [Thread-2 (]: Began executing node model.dbt_try.customer_view
[0m12:12:10.233988 [debug] [Thread-2 (]: Writing runtime sql for node "model.dbt_try.customer_view"
[0m12:12:10.235599 [debug] [Thread-2 (]: Using snowflake connection "model.dbt_try.customer_view"
[0m12:12:10.236271 [debug] [Thread-2 (]: On model.dbt_try.customer_view: /* {"app": "dbt", "dbt_version": "1.9.4", "profile_name": "dbt_try", "target_name": "dev", "node_id": "model.dbt_try.customer_view"} */
create or replace transient table DBT.DBT_PROJECTS_customer.customer_view
         as
        (select c.customer_name, ba.account_num, ba.routing_num
from dbt.dbt_projects.customer c
join dbt.dbt_projects.bank_account ba
on c.customer_id=ba.customer_id
        );
[0m12:12:10.236846 [debug] [Thread-2 (]: Opening a new connection, currently in state init
[0m12:12:11.473371 [debug] [Thread-2 (]: SQL status: SUCCESS 1 in 1.236 seconds
[0m12:12:11.509798 [info ] [Thread-2 (]: 1 of 1 OK created sql table model DBT_PROJECTS_customer.customer_view .......... [[32mSUCCESS 1[0m in 1.33s]
[0m12:12:11.510828 [debug] [Thread-2 (]: Finished running node model.dbt_try.customer_view
[0m12:12:11.513513 [debug] [Dummy-1   ]: Connection 'master' was properly closed.
[0m12:12:11.514073 [debug] [Dummy-1   ]: Connection 'list_DBT' was properly closed.
[0m12:12:11.514562 [debug] [Dummy-1   ]: Connection 'model.dbt_try.customer_view' was properly closed.
[0m12:12:11.515206 [info ] [Dummy-1   ]: 
[0m12:12:11.515862 [info ] [Dummy-1   ]: Finished running 1 table model in 0 hours 0 minutes and 2.48 seconds (2.48s).
[0m12:12:11.516875 [debug] [Dummy-1   ]: Command end result
[0m12:12:11.545973 [debug] [Dummy-1   ]: Wrote artifact WritableManifest to /tmp/dbt/target/manifest.json
[0m12:12:11.548724 [debug] [Dummy-1   ]: Wrote artifact SemanticManifest to /tmp/dbt/target/semantic_manifest.json
[0m12:12:11.556675 [debug] [Dummy-1   ]: Wrote artifact RunExecutionResult to /tmp/dbt/target/run_results.json
[0m12:12:11.557244 [info ] [Dummy-1   ]: 
[0m12:12:11.557947 [info ] [Dummy-1   ]: [32mCompleted successfully[0m
[0m12:12:11.558489 [info ] [Dummy-1   ]: 
[0m12:12:11.559089 [info ] [Dummy-1   ]: Done. PASS=1 WARN=0 ERROR=0 SKIP=0 TOTAL=1
[0m12:12:11.561141 [debug] [Dummy-1   ]: Resource report: {"command_name": "build", "command_success": true, "command_wall_clock_time": 4.7085524, "process_in_blocks": "0", "process_kernel_time": 1.41, "process_mem_max_rss": "482288", "process_out_blocks": "0", "process_user_time": 5.77}
[0m12:12:11.561878 [debug] [Dummy-1   ]: Command `cli build` succeeded at 12:12:11.561595 after 4.71 seconds
[0m12:12:11.562512 [debug] [Dummy-1   ]: Flushing usage events


============================== 12:14:53.318952 | 3b78966c-6999-4eed-986d-d83ce3aa6a55 ==============================
[0m12:14:53.318952 [info ] [Dummy-1   ]: Running with dbt=1.9.4
[0m12:14:53.320054 [debug] [Dummy-1   ]: running dbt with arguments {'printer_width': '80', 'indirect_selection': 'eager', 'log_cache_events': 'False', 'write_json': 'True', 'partial_parse': 'True', 'cache_selected_only': 'False', 'warn_error': 'None', 'debug': 'False', 'fail_fast': 'False', 'log_path': '/tmp/dbt/logs', 'profiles_dir': '/tmp/dbt/', 'version_check': 'True', 'use_colors': 'True', 'use_experimental_parser': 'False', 'empty': 'False', 'quiet': 'False', 'no_print': 'None', 'log_format': 'default', 'introspect': 'True', 'warn_error_options': 'WarnErrorOptions(include=[], exclude=[])', 'invocation_command': 'dbt ', 'target_path': '/tmp/dbt/target/', 'static_parser': 'True', 'send_anonymous_usage_stats': 'False'}
[0m12:14:53.405539 [warn ] [Dummy-1   ]: [[33mWARNING[0m]: Deprecated functionality
The `target-path` config in `dbt_project.yml` has been deprecated, and will no
longer be supported in a future version of dbt-core. If you wish to write dbt
artifacts to a custom directory, please use the --target-path CLI flag or
DBT_TARGET_PATH env var instead.
[0m12:14:53.685489 [info ] [Dummy-1   ]: Registered adapter: snowflake=1.9.2
[0m12:14:54.469782 [debug] [Dummy-1   ]: checksum: 53ed91fada2233efb98368d1716b44ab532c83a9c293cf1890b7905d5b45fb25, vars: {}, profile: , target: dev, version: 1.9.4
[0m12:14:54.672021 [debug] [Dummy-1   ]: Partial parsing enabled: 0 files deleted, 0 files added, 0 files changed.
[0m12:14:54.672653 [debug] [Dummy-1   ]: Partial parsing enabled, no changes found, skipping parsing
[0m12:14:54.898626 [debug] [Dummy-1   ]: Wrote artifact WritableManifest to /tmp/dbt/target/manifest.json
[0m12:14:54.901266 [debug] [Dummy-1   ]: Wrote artifact SemanticManifest to /tmp/dbt/target/semantic_manifest.json
[0m12:14:54.982585 [info ] [Dummy-1   ]: Found 1 model, 474 macros
[0m12:14:54.985119 [info ] [Dummy-1   ]: 
[0m12:14:54.985769 [info ] [Dummy-1   ]: Concurrency: 1 threads (target='dev')
[0m12:14:54.986289 [info ] [Dummy-1   ]: 
[0m12:14:54.987200 [debug] [Dummy-1   ]: Acquiring new snowflake connection 'master'
[0m12:14:54.989480 [debug] [ThreadPool]: Acquiring new snowflake connection 'list_DBT'
[0m12:14:55.127222 [debug] [ThreadPool]: Using snowflake connection "list_DBT"
[0m12:14:55.127925 [debug] [ThreadPool]: On list_DBT: /* {"app": "dbt", "dbt_version": "1.9.4", "profile_name": "dbt_try", "target_name": "dev", "connection_name": "list_DBT"} */
show terse schemas in database DBT
    limit 10000
[0m12:14:55.128525 [debug] [ThreadPool]: Opening a new connection, currently in state init
[0m12:14:55.483860 [debug] [ThreadPool]: SQL status: SUCCESS 5 in 0.355 seconds
[0m12:14:55.488498 [debug] [ThreadPool]: Acquiring new snowflake connection 'list_DBT_DBT_PROJECTS_customer'
[0m12:14:55.506821 [debug] [ThreadPool]: Using snowflake connection "list_DBT_DBT_PROJECTS_customer"
[0m12:14:55.507512 [debug] [ThreadPool]: On list_DBT_DBT_PROJECTS_customer: /* {"app": "dbt", "dbt_version": "1.9.4", "profile_name": "dbt_try", "target_name": "dev", "connection_name": "list_DBT_DBT_PROJECTS_customer"} */
alter session set quoted_identifiers_ignore_case = false;
[0m12:14:55.508017 [debug] [ThreadPool]: Opening a new connection, currently in state init
[0m12:14:55.841295 [debug] [ThreadPool]: SQL status: SUCCESS 1 in 0.333 seconds
[0m12:14:55.847289 [debug] [ThreadPool]: Using snowflake connection "list_DBT_DBT_PROJECTS_customer"
[0m12:14:55.848023 [debug] [ThreadPool]: On list_DBT_DBT_PROJECTS_customer: /* {"app": "dbt", "dbt_version": "1.9.4", "profile_name": "dbt_try", "target_name": "dev", "connection_name": "list_DBT_DBT_PROJECTS_customer"} */
show objects in DBT.DBT_PROJECTS_customer
    limit 10000
    
;
[0m12:14:55.909986 [debug] [ThreadPool]: SQL status: SUCCESS 1 in 0.061 seconds
[0m12:14:55.912721 [debug] [ThreadPool]: Using snowflake connection "list_DBT_DBT_PROJECTS_customer"
[0m12:14:55.913333 [debug] [ThreadPool]: On list_DBT_DBT_PROJECTS_customer: /* {"app": "dbt", "dbt_version": "1.9.4", "profile_name": "dbt_try", "target_name": "dev", "connection_name": "list_DBT_DBT_PROJECTS_customer"} */
alter session unset quoted_identifiers_ignore_case;
[0m12:14:55.959046 [debug] [ThreadPool]: SQL status: SUCCESS 1 in 0.045 seconds
[0m12:14:55.967446 [debug] [Thread-2 (]: Began running node model.dbt_try.customer_view
[0m12:14:55.968489 [info ] [Thread-2 (]: 1 of 1 START sql table model DBT_PROJECTS_customer.customer_view ............... [RUN]
[0m12:14:55.969326 [debug] [Thread-2 (]: Re-using an available connection from the pool (formerly list_DBT_DBT_PROJECTS_customer, now model.dbt_try.customer_view)
[0m12:14:55.969966 [debug] [Thread-2 (]: Began compiling node model.dbt_try.customer_view
[0m12:14:55.980932 [debug] [Thread-2 (]: Writing injected SQL for node "model.dbt_try.customer_view"
[0m12:14:55.981948 [debug] [Thread-2 (]: Began executing node model.dbt_try.customer_view
[0m12:14:56.027364 [debug] [Thread-2 (]: Writing runtime sql for node "model.dbt_try.customer_view"
[0m12:14:56.029081 [debug] [Thread-2 (]: Using snowflake connection "model.dbt_try.customer_view"
[0m12:14:56.029778 [debug] [Thread-2 (]: On model.dbt_try.customer_view: /* {"app": "dbt", "dbt_version": "1.9.4", "profile_name": "dbt_try", "target_name": "dev", "node_id": "model.dbt_try.customer_view"} */
create or replace transient table DBT.DBT_PROJECTS_customer.customer_view
         as
        (select c.customer_name, ba.account_num, ba.routing_num
from dbt.dbt_projects.customer c
join dbt.dbt_projects.bank_account ba
on c.customer_id=ba.customer_id
        );
[0m12:14:56.030386 [debug] [Thread-2 (]: Opening a new connection, currently in state init
[0m12:14:57.072955 [debug] [Thread-2 (]: SQL status: SUCCESS 1 in 1.042 seconds
[0m12:14:57.113923 [info ] [Thread-2 (]: 1 of 1 OK created sql table model DBT_PROJECTS_customer.customer_view .......... [[32mSUCCESS 1[0m in 1.14s]
[0m12:14:57.114981 [debug] [Thread-2 (]: Finished running node model.dbt_try.customer_view
[0m12:14:57.117788 [debug] [Dummy-1   ]: Connection 'master' was properly closed.
[0m12:14:57.118456 [debug] [Dummy-1   ]: Connection 'list_DBT' was properly closed.
[0m12:14:57.119037 [debug] [Dummy-1   ]: Connection 'model.dbt_try.customer_view' was properly closed.
[0m12:14:57.119571 [info ] [Dummy-1   ]: 
[0m12:14:57.120133 [info ] [Dummy-1   ]: Finished running 1 table model in 0 hours 0 minutes and 2.13 seconds (2.13s).
[0m12:14:57.121327 [debug] [Dummy-1   ]: Command end result
[0m12:14:57.152223 [debug] [Dummy-1   ]: Wrote artifact WritableManifest to /tmp/dbt/target/manifest.json
[0m12:14:57.154927 [debug] [Dummy-1   ]: Wrote artifact SemanticManifest to /tmp/dbt/target/semantic_manifest.json
[0m12:14:57.163219 [debug] [Dummy-1   ]: Wrote artifact RunExecutionResult to /tmp/dbt/target/run_results.json
[0m12:14:57.163854 [info ] [Dummy-1   ]: 
[0m12:14:57.164621 [info ] [Dummy-1   ]: [32mCompleted successfully[0m
[0m12:14:57.165163 [info ] [Dummy-1   ]: 
[0m12:14:57.165746 [info ] [Dummy-1   ]: Done. PASS=1 WARN=0 ERROR=0 SKIP=0 TOTAL=1
[0m12:14:57.167986 [debug] [Dummy-1   ]: Resource report: {"command_name": "build", "command_success": true, "command_wall_clock_time": 3.943451, "process_in_blocks": "0", "process_kernel_time": 1.4, "process_mem_max_rss": "441672", "process_out_blocks": "0", "process_user_time": 5.13}
[0m12:14:57.168846 [debug] [Dummy-1   ]: Command `cli build` succeeded at 12:14:57.168528 after 3.94 seconds
[0m12:14:57.169494 [debug] [Dummy-1   ]: Flushing usage events


============================== 12:49:19.762164 | 771f568a-2986-49a5-b3fc-1c777a0d3d6d ==============================
[0m12:49:19.762164 [info ] [Dummy-1   ]: Running with dbt=1.9.4
[0m12:49:19.763302 [debug] [Dummy-1   ]: running dbt with arguments {'printer_width': '80', 'indirect_selection': 'eager', 'log_cache_events': 'False', 'write_json': 'True', 'partial_parse': 'True', 'cache_selected_only': 'False', 'profiles_dir': '/tmp/dbt/', 'version_check': 'True', 'warn_error': 'None', 'log_path': '/tmp/dbt/logs', 'debug': 'False', 'fail_fast': 'False', 'use_colors': 'True', 'use_experimental_parser': 'False', 'empty': 'False', 'quiet': 'False', 'no_print': 'None', 'warn_error_options': 'WarnErrorOptions(include=[], exclude=[])', 'static_parser': 'True', 'invocation_command': 'dbt ', 'log_format': 'default', 'target_path': '/tmp/dbt/target/', 'introspect': 'True', 'send_anonymous_usage_stats': 'False'}
[0m12:49:19.853739 [warn ] [Dummy-1   ]: [[33mWARNING[0m]: Deprecated functionality
The `target-path` config in `dbt_project.yml` has been deprecated, and will no
longer be supported in a future version of dbt-core. If you wish to write dbt
artifacts to a custom directory, please use the --target-path CLI flag or
DBT_TARGET_PATH env var instead.
[0m12:49:20.149477 [info ] [Dummy-1   ]: Registered adapter: snowflake=1.9.2
[0m12:49:20.923744 [debug] [Dummy-1   ]: checksum: 53ed91fada2233efb98368d1716b44ab532c83a9c293cf1890b7905d5b45fb25, vars: {}, profile: , target: dev, version: 1.9.4
[0m12:49:21.154498 [debug] [Dummy-1   ]: Partial parsing enabled: 0 files deleted, 0 files added, 0 files changed.
[0m12:49:21.155163 [debug] [Dummy-1   ]: Partial parsing enabled, no changes found, skipping parsing
[0m12:49:21.388221 [debug] [Dummy-1   ]: Wrote artifact WritableManifest to /tmp/dbt/target/manifest.json
[0m12:49:21.391116 [debug] [Dummy-1   ]: Wrote artifact SemanticManifest to /tmp/dbt/target/semantic_manifest.json
[0m12:49:21.452930 [info ] [Dummy-1   ]: Found 1 model, 474 macros
[0m12:49:21.455405 [info ] [Dummy-1   ]: 
[0m12:49:21.456088 [info ] [Dummy-1   ]: Concurrency: 1 threads (target='dev')
[0m12:49:21.456597 [info ] [Dummy-1   ]: 
[0m12:49:21.457509 [debug] [Dummy-1   ]: Acquiring new snowflake connection 'master'
[0m12:49:21.459689 [debug] [ThreadPool]: Acquiring new snowflake connection 'list_DBT'
[0m12:49:21.610133 [debug] [ThreadPool]: Using snowflake connection "list_DBT"
[0m12:49:21.610806 [debug] [ThreadPool]: On list_DBT: /* {"app": "dbt", "dbt_version": "1.9.4", "profile_name": "dbt_try", "target_name": "dev", "connection_name": "list_DBT"} */
show terse schemas in database DBT
    limit 10000
[0m12:49:21.611318 [debug] [ThreadPool]: Opening a new connection, currently in state init
[0m12:49:21.964621 [debug] [ThreadPool]: SQL status: SUCCESS 5 in 0.353 seconds
[0m12:49:21.989855 [debug] [ThreadPool]: Acquiring new snowflake connection 'list_DBT_DBT_PROJECTS_customer'
[0m12:49:22.007459 [debug] [ThreadPool]: Using snowflake connection "list_DBT_DBT_PROJECTS_customer"
[0m12:49:22.008148 [debug] [ThreadPool]: On list_DBT_DBT_PROJECTS_customer: /* {"app": "dbt", "dbt_version": "1.9.4", "profile_name": "dbt_try", "target_name": "dev", "connection_name": "list_DBT_DBT_PROJECTS_customer"} */
alter session set quoted_identifiers_ignore_case = false;
[0m12:49:22.008862 [debug] [ThreadPool]: Opening a new connection, currently in state init
[0m12:49:22.357013 [debug] [ThreadPool]: SQL status: SUCCESS 1 in 0.348 seconds
[0m12:49:22.363022 [debug] [ThreadPool]: Using snowflake connection "list_DBT_DBT_PROJECTS_customer"
[0m12:49:22.363704 [debug] [ThreadPool]: On list_DBT_DBT_PROJECTS_customer: /* {"app": "dbt", "dbt_version": "1.9.4", "profile_name": "dbt_try", "target_name": "dev", "connection_name": "list_DBT_DBT_PROJECTS_customer"} */
show objects in DBT.DBT_PROJECTS_customer
    limit 10000
    
;
[0m12:49:22.431824 [debug] [ThreadPool]: SQL status: SUCCESS 1 in 0.067 seconds
[0m12:49:22.434454 [debug] [ThreadPool]: Using snowflake connection "list_DBT_DBT_PROJECTS_customer"
[0m12:49:22.435085 [debug] [ThreadPool]: On list_DBT_DBT_PROJECTS_customer: /* {"app": "dbt", "dbt_version": "1.9.4", "profile_name": "dbt_try", "target_name": "dev", "connection_name": "list_DBT_DBT_PROJECTS_customer"} */
alter session unset quoted_identifiers_ignore_case;
[0m12:49:22.479852 [debug] [ThreadPool]: SQL status: SUCCESS 1 in 0.044 seconds
[0m12:49:22.488758 [debug] [Thread-2 (]: Began running node model.dbt_try.customer_view
[0m12:49:22.489730 [info ] [Thread-2 (]: 1 of 1 START sql table model DBT_PROJECTS_customer.customer_view ............... [RUN]
[0m12:49:22.490532 [debug] [Thread-2 (]: Re-using an available connection from the pool (formerly list_DBT_DBT_PROJECTS_customer, now model.dbt_try.customer_view)
[0m12:49:22.491118 [debug] [Thread-2 (]: Began compiling node model.dbt_try.customer_view
[0m12:49:22.503399 [debug] [Thread-2 (]: Writing injected SQL for node "model.dbt_try.customer_view"
[0m12:49:22.504385 [debug] [Thread-2 (]: Began executing node model.dbt_try.customer_view
[0m12:49:22.550314 [debug] [Thread-2 (]: Writing runtime sql for node "model.dbt_try.customer_view"
[0m12:49:22.551946 [debug] [Thread-2 (]: Using snowflake connection "model.dbt_try.customer_view"
[0m12:49:22.552680 [debug] [Thread-2 (]: On model.dbt_try.customer_view: /* {"app": "dbt", "dbt_version": "1.9.4", "profile_name": "dbt_try", "target_name": "dev", "node_id": "model.dbt_try.customer_view"} */
create or replace transient table DBT.DBT_PROJECTS_customer.customer_view
         as
        (select c.customer_name, ba.account_num, ba.routing_num
from dbt.dbt_projects.customer c
join dbt.dbt_projects.bank_account ba
on c.customer_id=ba.customer_id
        );
[0m12:49:22.553318 [debug] [Thread-2 (]: Opening a new connection, currently in state init
[0m12:49:23.502108 [debug] [Thread-2 (]: SQL status: SUCCESS 1 in 0.949 seconds
[0m12:49:23.542691 [info ] [Thread-2 (]: 1 of 1 OK created sql table model DBT_PROJECTS_customer.customer_view .......... [[32mSUCCESS 1[0m in 1.05s]
[0m12:49:23.543736 [debug] [Thread-2 (]: Finished running node model.dbt_try.customer_view
[0m12:49:23.546564 [debug] [Dummy-1   ]: Connection 'master' was properly closed.
[0m12:49:23.547120 [debug] [Dummy-1   ]: Connection 'list_DBT' was properly closed.
[0m12:49:23.547601 [debug] [Dummy-1   ]: Connection 'model.dbt_try.customer_view' was properly closed.
[0m12:49:23.548161 [info ] [Dummy-1   ]: 
[0m12:49:23.548899 [info ] [Dummy-1   ]: Finished running 1 table model in 0 hours 0 minutes and 2.09 seconds (2.09s).
[0m12:49:23.549977 [debug] [Dummy-1   ]: Command end result
[0m12:49:23.580717 [debug] [Dummy-1   ]: Wrote artifact WritableManifest to /tmp/dbt/target/manifest.json
[0m12:49:23.583299 [debug] [Dummy-1   ]: Wrote artifact SemanticManifest to /tmp/dbt/target/semantic_manifest.json
[0m12:49:23.591426 [debug] [Dummy-1   ]: Wrote artifact RunExecutionResult to /tmp/dbt/target/run_results.json
[0m12:49:23.591993 [info ] [Dummy-1   ]: 
[0m12:49:23.592695 [info ] [Dummy-1   ]: [32mCompleted successfully[0m
[0m12:49:23.593393 [info ] [Dummy-1   ]: 
[0m12:49:23.594055 [info ] [Dummy-1   ]: Done. PASS=1 WARN=0 ERROR=0 SKIP=0 TOTAL=1
[0m12:49:23.596436 [debug] [Dummy-1   ]: Resource report: {"command_name": "run", "command_success": true, "command_wall_clock_time": 3.9322321, "process_in_blocks": "0", "process_kernel_time": 1.15, "process_mem_max_rss": "437612", "process_out_blocks": "0", "process_user_time": 5.53}
[0m12:49:23.597237 [debug] [Dummy-1   ]: Command `cli run` succeeded at 12:49:23.596935 after 3.93 seconds
[0m12:49:23.597864 [debug] [Dummy-1   ]: Flushing usage events


============================== 12:54:14.739582 | 8452a350-f3e8-4727-9944-f558a966d4b6 ==============================
[0m12:54:14.739582 [info ] [Dummy-1   ]: Running with dbt=1.9.4
[0m12:54:14.740669 [debug] [Dummy-1   ]: running dbt with arguments {'printer_width': '80', 'indirect_selection': 'eager', 'log_cache_events': 'False', 'write_json': 'True', 'partial_parse': 'True', 'cache_selected_only': 'False', 'warn_error': 'None', 'debug': 'False', 'profiles_dir': '/tmp/dbt/', 'log_path': '/tmp/dbt/logs', 'fail_fast': 'False', 'version_check': 'True', 'use_colors': 'True', 'use_experimental_parser': 'False', 'empty': 'False', 'quiet': 'False', 'no_print': 'None', 'log_format': 'default', 'invocation_command': 'dbt ', 'warn_error_options': 'WarnErrorOptions(include=[], exclude=[])', 'introspect': 'True', 'target_path': '/tmp/dbt/target/', 'static_parser': 'True', 'send_anonymous_usage_stats': 'False'}
[0m12:54:14.825777 [warn ] [Dummy-1   ]: [[33mWARNING[0m]: Deprecated functionality
The `target-path` config in `dbt_project.yml` has been deprecated, and will no
longer be supported in a future version of dbt-core. If you wish to write dbt
artifacts to a custom directory, please use the --target-path CLI flag or
DBT_TARGET_PATH env var instead.
[0m12:54:15.107887 [info ] [Dummy-1   ]: Registered adapter: snowflake=1.9.2
[0m12:54:15.890199 [debug] [Dummy-1   ]: checksum: 53ed91fada2233efb98368d1716b44ab532c83a9c293cf1890b7905d5b45fb25, vars: {}, profile: , target: dev, version: 1.9.4
[0m12:54:16.099327 [debug] [Dummy-1   ]: Partial parsing enabled: 0 files deleted, 0 files added, 1 files changed.
[0m12:54:16.100281 [debug] [Dummy-1   ]: Partial parsing: updated file: dbt_try://models/marts/customer/customer_view.sql
[0m12:54:16.707770 [debug] [Dummy-1   ]: Wrote artifact WritableManifest to /tmp/dbt/target/manifest.json
[0m12:54:16.710508 [debug] [Dummy-1   ]: Wrote artifact SemanticManifest to /tmp/dbt/target/semantic_manifest.json
[0m12:54:16.766828 [info ] [Dummy-1   ]: Found 1 model, 474 macros
[0m12:54:16.769314 [info ] [Dummy-1   ]: 
[0m12:54:16.769974 [info ] [Dummy-1   ]: Concurrency: 1 threads (target='dev')
[0m12:54:16.770575 [info ] [Dummy-1   ]: 
[0m12:54:16.771494 [debug] [Dummy-1   ]: Acquiring new snowflake connection 'master'
[0m12:54:16.773432 [debug] [ThreadPool]: Acquiring new snowflake connection 'list_DBT'
[0m12:54:16.912754 [debug] [ThreadPool]: Using snowflake connection "list_DBT"
[0m12:54:16.913501 [debug] [ThreadPool]: On list_DBT: /* {"app": "dbt", "dbt_version": "1.9.4", "profile_name": "dbt_try", "target_name": "dev", "connection_name": "list_DBT"} */
show terse schemas in database DBT
    limit 10000
[0m12:54:16.914115 [debug] [ThreadPool]: Opening a new connection, currently in state init
[0m12:54:17.302310 [debug] [ThreadPool]: SQL status: SUCCESS 5 in 0.388 seconds
[0m12:54:17.306564 [debug] [ThreadPool]: Acquiring new snowflake connection 'list_DBT_DBT_PROJECTS_customer'
[0m12:54:17.323763 [debug] [ThreadPool]: Using snowflake connection "list_DBT_DBT_PROJECTS_customer"
[0m12:54:17.324441 [debug] [ThreadPool]: On list_DBT_DBT_PROJECTS_customer: /* {"app": "dbt", "dbt_version": "1.9.4", "profile_name": "dbt_try", "target_name": "dev", "connection_name": "list_DBT_DBT_PROJECTS_customer"} */
alter session set quoted_identifiers_ignore_case = false;
[0m12:54:17.324987 [debug] [ThreadPool]: Opening a new connection, currently in state init
[0m12:54:17.714790 [debug] [ThreadPool]: SQL status: SUCCESS 1 in 0.390 seconds
[0m12:54:17.720783 [debug] [ThreadPool]: Using snowflake connection "list_DBT_DBT_PROJECTS_customer"
[0m12:54:17.721449 [debug] [ThreadPool]: On list_DBT_DBT_PROJECTS_customer: /* {"app": "dbt", "dbt_version": "1.9.4", "profile_name": "dbt_try", "target_name": "dev", "connection_name": "list_DBT_DBT_PROJECTS_customer"} */
show objects in DBT.DBT_PROJECTS_customer
    limit 10000
    
;
[0m12:54:17.815965 [debug] [ThreadPool]: SQL status: SUCCESS 1 in 0.094 seconds
[0m12:54:17.818622 [debug] [ThreadPool]: Using snowflake connection "list_DBT_DBT_PROJECTS_customer"
[0m12:54:17.819275 [debug] [ThreadPool]: On list_DBT_DBT_PROJECTS_customer: /* {"app": "dbt", "dbt_version": "1.9.4", "profile_name": "dbt_try", "target_name": "dev", "connection_name": "list_DBT_DBT_PROJECTS_customer"} */
alter session unset quoted_identifiers_ignore_case;
[0m12:54:17.870137 [debug] [ThreadPool]: SQL status: SUCCESS 1 in 0.050 seconds
[0m12:54:17.878032 [debug] [Thread-2 (]: Began running node model.dbt_try.customer_view
[0m12:54:17.879092 [info ] [Thread-2 (]: 1 of 1 START sql view model DBT_PROJECTS_customer.customer_view ................ [RUN]
[0m12:54:17.880097 [debug] [Thread-2 (]: Re-using an available connection from the pool (formerly list_DBT_DBT_PROJECTS_customer, now model.dbt_try.customer_view)
[0m12:54:17.880697 [debug] [Thread-2 (]: Began compiling node model.dbt_try.customer_view
[0m12:54:17.893916 [debug] [Thread-2 (]: Writing injected SQL for node "model.dbt_try.customer_view"
[0m12:54:17.894924 [debug] [Thread-2 (]: Began executing node model.dbt_try.customer_view
[0m12:54:17.928618 [debug] [Thread-2 (]: Dropping relation "DBT"."DBT_PROJECTS_CUSTOMER"."CUSTOMER_VIEW" because it is of type table
[0m12:54:17.943283 [debug] [Thread-2 (]: Applying DROP to: "DBT"."DBT_PROJECTS_CUSTOMER"."CUSTOMER_VIEW"
[0m12:54:17.973410 [debug] [Thread-2 (]: Using snowflake connection "model.dbt_try.customer_view"
[0m12:54:17.974654 [debug] [Thread-2 (]: On model.dbt_try.customer_view: /* {"app": "dbt", "dbt_version": "1.9.4", "profile_name": "dbt_try", "target_name": "dev", "node_id": "model.dbt_try.customer_view"} */
drop table if exists "DBT"."DBT_PROJECTS_CUSTOMER"."CUSTOMER_VIEW" cascade
[0m12:54:17.975443 [debug] [Thread-2 (]: Opening a new connection, currently in state init
[0m12:54:18.400384 [debug] [Thread-2 (]: SQL status: SUCCESS 1 in 0.425 seconds
[0m12:54:18.449505 [debug] [Thread-2 (]: Writing runtime sql for node "model.dbt_try.customer_view"
[0m12:54:18.451088 [debug] [Thread-2 (]: Using snowflake connection "model.dbt_try.customer_view"
[0m12:54:18.451828 [debug] [Thread-2 (]: On model.dbt_try.customer_view: /* {"app": "dbt", "dbt_version": "1.9.4", "profile_name": "dbt_try", "target_name": "dev", "node_id": "model.dbt_try.customer_view"} */
create or replace   view DBT.DBT_PROJECTS_customer.customer_view
  
   as (
    

select c.customer_name, ba.account_num, ba.routing_num
from dbt.dbt_projects.customer c
join dbt.dbt_projects.bank_account ba
on c.customer_id=ba.customer_id
  );
[0m12:54:18.638016 [debug] [Thread-2 (]: SQL status: SUCCESS 1 in 0.185 seconds
[0m12:54:18.675113 [info ] [Thread-2 (]: 1 of 1 OK created sql view model DBT_PROJECTS_customer.customer_view ........... [[32mSUCCESS 1[0m in 0.79s]
[0m12:54:18.676122 [debug] [Thread-2 (]: Finished running node model.dbt_try.customer_view
[0m12:54:18.678836 [debug] [Dummy-1   ]: Connection 'master' was properly closed.
[0m12:54:18.679405 [debug] [Dummy-1   ]: Connection 'list_DBT' was properly closed.
[0m12:54:18.679844 [debug] [Dummy-1   ]: Connection 'model.dbt_try.customer_view' was properly closed.
[0m12:54:18.680351 [info ] [Dummy-1   ]: 
[0m12:54:18.680863 [info ] [Dummy-1   ]: Finished running 1 view model in 0 hours 0 minutes and 1.91 seconds (1.91s).
[0m12:54:18.681828 [debug] [Dummy-1   ]: Command end result
[0m12:54:18.712217 [debug] [Dummy-1   ]: Wrote artifact WritableManifest to /tmp/dbt/target/manifest.json
[0m12:54:18.714753 [debug] [Dummy-1   ]: Wrote artifact SemanticManifest to /tmp/dbt/target/semantic_manifest.json
[0m12:54:18.722701 [debug] [Dummy-1   ]: Wrote artifact RunExecutionResult to /tmp/dbt/target/run_results.json
[0m12:54:18.723277 [info ] [Dummy-1   ]: 
[0m12:54:18.723966 [info ] [Dummy-1   ]: [32mCompleted successfully[0m
[0m12:54:18.724446 [info ] [Dummy-1   ]: 
[0m12:54:18.725050 [info ] [Dummy-1   ]: Done. PASS=1 WARN=0 ERROR=0 SKIP=0 TOTAL=1
[0m12:54:18.726878 [debug] [Dummy-1   ]: Resource report: {"command_name": "run", "command_success": true, "command_wall_clock_time": 4.0821075, "process_in_blocks": "0", "process_kernel_time": 1.28, "process_mem_max_rss": "499444", "process_out_blocks": "0", "process_user_time": 5.59}
[0m12:54:18.727568 [debug] [Dummy-1   ]: Command `cli run` succeeded at 12:54:18.727297 after 4.08 seconds
[0m12:54:18.728122 [debug] [Dummy-1   ]: Flushing usage events


============================== 12:54:45.874611 | e37a0390-ea30-4fb7-bfd7-4e1ff71093c4 ==============================
[0m12:54:45.874611 [info ] [Dummy-1   ]: Running with dbt=1.9.4
[0m12:54:45.875709 [debug] [Dummy-1   ]: running dbt with arguments {'printer_width': '80', 'indirect_selection': 'eager', 'write_json': 'True', 'log_cache_events': 'False', 'partial_parse': 'True', 'cache_selected_only': 'False', 'profiles_dir': '/tmp/dbt/', 'version_check': 'True', 'warn_error': 'None', 'log_path': '/tmp/dbt/logs', 'fail_fast': 'False', 'debug': 'False', 'use_colors': 'True', 'use_experimental_parser': 'False', 'no_print': 'None', 'quiet': 'False', 'empty': 'False', 'warn_error_options': 'WarnErrorOptions(include=[], exclude=[])', 'invocation_command': 'dbt ', 'introspect': 'True', 'static_parser': 'True', 'target_path': '/tmp/dbt/target/', 'log_format': 'default', 'send_anonymous_usage_stats': 'False'}
[0m12:54:45.961619 [warn ] [Dummy-1   ]: [[33mWARNING[0m]: Deprecated functionality
The `target-path` config in `dbt_project.yml` has been deprecated, and will no
longer be supported in a future version of dbt-core. If you wish to write dbt
artifacts to a custom directory, please use the --target-path CLI flag or
DBT_TARGET_PATH env var instead.
[0m12:54:46.241959 [info ] [Dummy-1   ]: Registered adapter: snowflake=1.9.2
[0m12:54:47.035683 [debug] [Dummy-1   ]: checksum: 53ed91fada2233efb98368d1716b44ab532c83a9c293cf1890b7905d5b45fb25, vars: {}, profile: , target: dev, version: 1.9.4
[0m12:54:47.244343 [debug] [Dummy-1   ]: Partial parsing enabled: 0 files deleted, 0 files added, 0 files changed.
[0m12:54:47.244997 [debug] [Dummy-1   ]: Partial parsing enabled, no changes found, skipping parsing
[0m12:54:47.469228 [debug] [Dummy-1   ]: Wrote artifact WritableManifest to /tmp/dbt/target/manifest.json
[0m12:54:47.471909 [debug] [Dummy-1   ]: Wrote artifact SemanticManifest to /tmp/dbt/target/semantic_manifest.json
[0m12:54:47.525234 [info ] [Dummy-1   ]: Found 1 model, 474 macros
[0m12:54:47.527461 [info ] [Dummy-1   ]: 
[0m12:54:47.528069 [info ] [Dummy-1   ]: Concurrency: 1 threads (target='dev')
[0m12:54:47.528698 [info ] [Dummy-1   ]: 
[0m12:54:47.529668 [debug] [Dummy-1   ]: Acquiring new snowflake connection 'master'
[0m12:54:47.531710 [debug] [ThreadPool]: Acquiring new snowflake connection 'list_DBT'
[0m12:54:47.664973 [debug] [ThreadPool]: Using snowflake connection "list_DBT"
[0m12:54:47.665617 [debug] [ThreadPool]: On list_DBT: /* {"app": "dbt", "dbt_version": "1.9.4", "profile_name": "dbt_try", "target_name": "dev", "connection_name": "list_DBT"} */
show terse schemas in database DBT
    limit 10000
[0m12:54:47.666197 [debug] [ThreadPool]: Opening a new connection, currently in state init
[0m12:54:48.167716 [debug] [ThreadPool]: SQL status: SUCCESS 5 in 0.501 seconds
[0m12:54:48.172376 [debug] [ThreadPool]: Acquiring new snowflake connection 'list_DBT_DBT_PROJECTS_customer'
[0m12:54:48.189703 [debug] [ThreadPool]: Using snowflake connection "list_DBT_DBT_PROJECTS_customer"
[0m12:54:48.190372 [debug] [ThreadPool]: On list_DBT_DBT_PROJECTS_customer: /* {"app": "dbt", "dbt_version": "1.9.4", "profile_name": "dbt_try", "target_name": "dev", "connection_name": "list_DBT_DBT_PROJECTS_customer"} */
alter session set quoted_identifiers_ignore_case = false;
[0m12:54:48.190901 [debug] [ThreadPool]: Opening a new connection, currently in state init
[0m12:54:48.557402 [debug] [ThreadPool]: SQL status: SUCCESS 1 in 0.366 seconds
[0m12:54:48.563241 [debug] [ThreadPool]: Using snowflake connection "list_DBT_DBT_PROJECTS_customer"
[0m12:54:48.563888 [debug] [ThreadPool]: On list_DBT_DBT_PROJECTS_customer: /* {"app": "dbt", "dbt_version": "1.9.4", "profile_name": "dbt_try", "target_name": "dev", "connection_name": "list_DBT_DBT_PROJECTS_customer"} */
show objects in DBT.DBT_PROJECTS_customer
    limit 10000
    
;
[0m12:54:48.633875 [debug] [ThreadPool]: SQL status: SUCCESS 1 in 0.069 seconds
[0m12:54:48.636473 [debug] [ThreadPool]: Using snowflake connection "list_DBT_DBT_PROJECTS_customer"
[0m12:54:48.637066 [debug] [ThreadPool]: On list_DBT_DBT_PROJECTS_customer: /* {"app": "dbt", "dbt_version": "1.9.4", "profile_name": "dbt_try", "target_name": "dev", "connection_name": "list_DBT_DBT_PROJECTS_customer"} */
alter session unset quoted_identifiers_ignore_case;
[0m12:54:48.689647 [debug] [ThreadPool]: SQL status: SUCCESS 1 in 0.052 seconds
[0m12:54:48.697920 [debug] [Thread-2 (]: Began running node model.dbt_try.customer_view
[0m12:54:48.698939 [info ] [Thread-2 (]: 1 of 1 START sql view model DBT_PROJECTS_customer.customer_view ................ [RUN]
[0m12:54:48.699731 [debug] [Thread-2 (]: Re-using an available connection from the pool (formerly list_DBT_DBT_PROJECTS_customer, now model.dbt_try.customer_view)
[0m12:54:48.700317 [debug] [Thread-2 (]: Began compiling node model.dbt_try.customer_view
[0m12:54:48.713270 [debug] [Thread-2 (]: Writing injected SQL for node "model.dbt_try.customer_view"
[0m12:54:48.714328 [debug] [Thread-2 (]: Began executing node model.dbt_try.customer_view
[0m12:54:48.784871 [debug] [Thread-2 (]: Writing runtime sql for node "model.dbt_try.customer_view"
[0m12:54:48.786529 [debug] [Thread-2 (]: Using snowflake connection "model.dbt_try.customer_view"
[0m12:54:48.787207 [debug] [Thread-2 (]: On model.dbt_try.customer_view: /* {"app": "dbt", "dbt_version": "1.9.4", "profile_name": "dbt_try", "target_name": "dev", "node_id": "model.dbt_try.customer_view"} */
create or replace   view DBT.DBT_PROJECTS_customer.customer_view
  
   as (
    

select c.customer_name, ba.account_num, ba.routing_num
from dbt.dbt_projects.customer c
join dbt.dbt_projects.bank_account ba
on c.customer_id=ba.customer_id
  );
[0m12:54:48.787804 [debug] [Thread-2 (]: Opening a new connection, currently in state init
[0m12:54:49.299062 [debug] [Thread-2 (]: SQL status: SUCCESS 1 in 0.511 seconds
[0m12:54:49.339062 [info ] [Thread-2 (]: 1 of 1 OK created sql view model DBT_PROJECTS_customer.customer_view ........... [[32mSUCCESS 1[0m in 0.64s]
[0m12:54:49.340074 [debug] [Thread-2 (]: Finished running node model.dbt_try.customer_view
[0m12:54:49.360000 [debug] [Dummy-1   ]: Connection 'master' was properly closed.
[0m12:54:49.360554 [debug] [Dummy-1   ]: Connection 'list_DBT' was properly closed.
[0m12:54:49.360986 [debug] [Dummy-1   ]: Connection 'model.dbt_try.customer_view' was properly closed.
[0m12:54:49.361480 [info ] [Dummy-1   ]: 
[0m12:54:49.361992 [info ] [Dummy-1   ]: Finished running 1 view model in 0 hours 0 minutes and 1.83 seconds (1.83s).
[0m12:54:49.362971 [debug] [Dummy-1   ]: Command end result
[0m12:54:49.392611 [debug] [Dummy-1   ]: Wrote artifact WritableManifest to /tmp/dbt/target/manifest.json
[0m12:54:49.394922 [debug] [Dummy-1   ]: Wrote artifact SemanticManifest to /tmp/dbt/target/semantic_manifest.json
[0m12:54:49.402767 [debug] [Dummy-1   ]: Wrote artifact RunExecutionResult to /tmp/dbt/target/run_results.json
[0m12:54:49.403304 [info ] [Dummy-1   ]: 
[0m12:54:49.403979 [info ] [Dummy-1   ]: [32mCompleted successfully[0m
[0m12:54:49.404472 [info ] [Dummy-1   ]: 
[0m12:54:49.404990 [info ] [Dummy-1   ]: Done. PASS=1 WARN=0 ERROR=0 SKIP=0 TOTAL=1
[0m12:54:49.406767 [debug] [Dummy-1   ]: Resource report: {"command_name": "run", "command_success": true, "command_wall_clock_time": 3.6267824, "process_in_blocks": "0", "process_kernel_time": 1.3, "process_mem_max_rss": "435148", "process_out_blocks": "0", "process_user_time": 5.15}
[0m12:54:49.407515 [debug] [Dummy-1   ]: Command `cli run` succeeded at 12:54:49.407243 after 3.63 seconds
[0m12:54:49.408098 [debug] [Dummy-1   ]: Flushing usage events


============================== 13:55:04.426790 | 293af220-2d37-48f1-946f-c285bb124b2e ==============================
[0m13:55:04.426790 [info ] [Dummy-1   ]: Running with dbt=1.9.4
[0m13:55:04.427943 [debug] [Dummy-1   ]: running dbt with arguments {'printer_width': '80', 'indirect_selection': 'eager', 'write_json': 'True', 'log_cache_events': 'False', 'partial_parse': 'True', 'cache_selected_only': 'False', 'warn_error': 'None', 'version_check': 'True', 'debug': 'False', 'log_path': '/tmp/dbt/logs', 'fail_fast': 'False', 'profiles_dir': '/tmp/dbt/', 'use_colors': 'True', 'use_experimental_parser': 'False', 'empty': 'False', 'quiet': 'False', 'no_print': 'None', 'log_format': 'default', 'invocation_command': 'dbt ', 'warn_error_options': 'WarnErrorOptions(include=[], exclude=[])', 'introspect': 'True', 'target_path': '/tmp/dbt/target/', 'static_parser': 'True', 'send_anonymous_usage_stats': 'False'}
[0m13:55:04.514880 [warn ] [Dummy-1   ]: [[33mWARNING[0m]: Deprecated functionality
The `target-path` config in `dbt_project.yml` has been deprecated, and will no
longer be supported in a future version of dbt-core. If you wish to write dbt
artifacts to a custom directory, please use the --target-path CLI flag or
DBT_TARGET_PATH env var instead.
[0m13:55:04.800210 [info ] [Dummy-1   ]: Registered adapter: snowflake=1.9.2
[0m13:55:05.524012 [debug] [Dummy-1   ]: checksum: 53ed91fada2233efb98368d1716b44ab532c83a9c293cf1890b7905d5b45fb25, vars: {}, profile: , target: dev, version: 1.9.4
[0m13:55:05.722939 [debug] [Dummy-1   ]: Partial parsing enabled: 0 files deleted, 0 files added, 0 files changed.
[0m13:55:05.723609 [debug] [Dummy-1   ]: Partial parsing enabled, no changes found, skipping parsing
[0m13:55:05.955067 [debug] [Dummy-1   ]: Wrote artifact WritableManifest to /tmp/dbt/target/manifest.json
[0m13:55:05.957877 [debug] [Dummy-1   ]: Wrote artifact SemanticManifest to /tmp/dbt/target/semantic_manifest.json
[0m13:55:06.014118 [info ] [Dummy-1   ]: Found 1 model, 474 macros
[0m13:55:06.016646 [info ] [Dummy-1   ]: 
[0m13:55:06.017325 [info ] [Dummy-1   ]: Concurrency: 1 threads (target='dev')
[0m13:55:06.017883 [info ] [Dummy-1   ]: 
[0m13:55:06.018873 [debug] [Dummy-1   ]: Acquiring new snowflake connection 'master'
[0m13:55:06.021053 [debug] [ThreadPool]: Acquiring new snowflake connection 'list_DBT'
[0m13:55:06.170385 [debug] [ThreadPool]: Using snowflake connection "list_DBT"
[0m13:55:06.171043 [debug] [ThreadPool]: On list_DBT: /* {"app": "dbt", "dbt_version": "1.9.4", "profile_name": "dbt_try", "target_name": "dev", "connection_name": "list_DBT"} */
show terse schemas in database DBT
    limit 10000
[0m13:55:06.171658 [debug] [ThreadPool]: Opening a new connection, currently in state init
[0m13:55:06.505689 [debug] [ThreadPool]: SQL status: SUCCESS 5 in 0.334 seconds
[0m13:55:06.510407 [debug] [ThreadPool]: Acquiring new snowflake connection 'list_DBT_DBT_PROJECTS_customer'
[0m13:55:06.528158 [debug] [ThreadPool]: Using snowflake connection "list_DBT_DBT_PROJECTS_customer"
[0m13:55:06.528941 [debug] [ThreadPool]: On list_DBT_DBT_PROJECTS_customer: /* {"app": "dbt", "dbt_version": "1.9.4", "profile_name": "dbt_try", "target_name": "dev", "connection_name": "list_DBT_DBT_PROJECTS_customer"} */
alter session set quoted_identifiers_ignore_case = false;
[0m13:55:06.529529 [debug] [ThreadPool]: Opening a new connection, currently in state init
[0m13:55:06.866930 [debug] [ThreadPool]: SQL status: SUCCESS 1 in 0.337 seconds
[0m13:55:06.873276 [debug] [ThreadPool]: Using snowflake connection "list_DBT_DBT_PROJECTS_customer"
[0m13:55:06.874121 [debug] [ThreadPool]: On list_DBT_DBT_PROJECTS_customer: /* {"app": "dbt", "dbt_version": "1.9.4", "profile_name": "dbt_try", "target_name": "dev", "connection_name": "list_DBT_DBT_PROJECTS_customer"} */
show objects in DBT.DBT_PROJECTS_customer
    limit 10000
    
;
[0m13:55:06.947126 [debug] [ThreadPool]: SQL status: SUCCESS 1 in 0.072 seconds
[0m13:55:06.949829 [debug] [ThreadPool]: Using snowflake connection "list_DBT_DBT_PROJECTS_customer"
[0m13:55:06.950634 [debug] [ThreadPool]: On list_DBT_DBT_PROJECTS_customer: /* {"app": "dbt", "dbt_version": "1.9.4", "profile_name": "dbt_try", "target_name": "dev", "connection_name": "list_DBT_DBT_PROJECTS_customer"} */
alter session unset quoted_identifiers_ignore_case;
[0m13:55:06.999673 [debug] [ThreadPool]: SQL status: SUCCESS 1 in 0.048 seconds
[0m13:55:07.008259 [debug] [Thread-2 (]: Began running node model.dbt_try.customer_view
[0m13:55:07.009354 [info ] [Thread-2 (]: 1 of 1 START sql view model DBT_PROJECTS_customer.customer_view ................ [RUN]
[0m13:55:07.010325 [debug] [Thread-2 (]: Re-using an available connection from the pool (formerly list_DBT_DBT_PROJECTS_customer, now model.dbt_try.customer_view)
[0m13:55:07.011003 [debug] [Thread-2 (]: Began compiling node model.dbt_try.customer_view
[0m13:55:07.024395 [debug] [Thread-2 (]: Writing injected SQL for node "model.dbt_try.customer_view"
[0m13:55:07.025387 [debug] [Thread-2 (]: Began executing node model.dbt_try.customer_view
[0m13:55:07.099466 [debug] [Thread-2 (]: Writing runtime sql for node "model.dbt_try.customer_view"
[0m13:55:07.101177 [debug] [Thread-2 (]: Using snowflake connection "model.dbt_try.customer_view"
[0m13:55:07.101868 [debug] [Thread-2 (]: On model.dbt_try.customer_view: /* {"app": "dbt", "dbt_version": "1.9.4", "profile_name": "dbt_try", "target_name": "dev", "node_id": "model.dbt_try.customer_view"} */
create or replace   view DBT.DBT_PROJECTS_customer.customer_view
  
   as (
    

select c.customer_name, ba.account_num, ba.routing_num
from dbt.dbt_projects.customer c
join dbt.dbt_projects.bank_account ba
on c.customer_id=ba.customer_id
  );
[0m13:55:07.102465 [debug] [Thread-2 (]: Opening a new connection, currently in state init
[0m13:55:07.565800 [debug] [Thread-2 (]: SQL status: SUCCESS 1 in 0.463 seconds
[0m13:55:07.607503 [info ] [Thread-2 (]: 1 of 1 OK created sql view model DBT_PROJECTS_customer.customer_view ........... [[32mSUCCESS 1[0m in 0.59s]
[0m13:55:07.608573 [debug] [Thread-2 (]: Finished running node model.dbt_try.customer_view
[0m13:55:07.611464 [debug] [Dummy-1   ]: Connection 'master' was properly closed.
[0m13:55:07.612172 [debug] [Dummy-1   ]: Connection 'list_DBT' was properly closed.
[0m13:55:07.612807 [debug] [Dummy-1   ]: Connection 'model.dbt_try.customer_view' was properly closed.
[0m13:55:07.613366 [info ] [Dummy-1   ]: 
[0m13:55:07.614040 [info ] [Dummy-1   ]: Finished running 1 view model in 0 hours 0 minutes and 1.59 seconds (1.59s).
[0m13:55:07.615098 [debug] [Dummy-1   ]: Command end result
[0m13:55:07.646360 [debug] [Dummy-1   ]: Wrote artifact WritableManifest to /tmp/dbt/target/manifest.json
[0m13:55:07.649091 [debug] [Dummy-1   ]: Wrote artifact SemanticManifest to /tmp/dbt/target/semantic_manifest.json
[0m13:55:07.657285 [debug] [Dummy-1   ]: Wrote artifact RunExecutionResult to /tmp/dbt/target/run_results.json
[0m13:55:07.657880 [info ] [Dummy-1   ]: 
[0m13:55:07.658681 [info ] [Dummy-1   ]: [32mCompleted successfully[0m
[0m13:55:07.659215 [info ] [Dummy-1   ]: 
[0m13:55:07.659764 [info ] [Dummy-1   ]: Done. PASS=1 WARN=0 ERROR=0 SKIP=0 TOTAL=1
[0m13:55:07.661681 [debug] [Dummy-1   ]: Resource report: {"command_name": "run", "command_success": true, "command_wall_clock_time": 3.332119, "process_in_blocks": "0", "process_kernel_time": 1.18, "process_mem_max_rss": "439032", "process_out_blocks": "0", "process_user_time": 5.25}
[0m13:55:07.662416 [debug] [Dummy-1   ]: Command `cli run` succeeded at 13:55:07.662125 after 3.33 seconds
[0m13:55:07.662999 [debug] [Dummy-1   ]: Flushing usage events
